{"/home/isaac/FEC/FEC-Atelier/client/src/components/App.jsx": {"path":"/home/isaac/FEC/FEC-Atelier/client/src/components/App.jsx","statementMap":{"0":{"start":{"line":9,"column":0},"end":{"line":9,"column":20}},"1":{"start":{"line":11,"column":18},"end":{"line":15,"column":1}},"2":{"start":{"line":17,"column":12},"end":{"line":49,"column":1}},"3":{"start":{"line":18,"column":22},"end":{"line":18,"column":37}},"4":{"start":{"line":19,"column":40},"end":{"line":19,"column":52}},"5":{"start":{"line":21,"column":2},"end":{"line":22,"column":48}},"6":{"start":{"line":22,"column":17},"end":{"line":22,"column":46}},"7":{"start":{"line":24,"column":2},"end":{"line":48,"column":4}}},"fnMap":{"0":{"name":"(anonymous_0)","decl":{"start":{"line":17,"column":12},"end":{"line":17,"column":13}},"loc":{"start":{"line":17,"column":23},"end":{"line":49,"column":1}},"line":17},"1":{"name":"(anonymous_1)","decl":{"start":{"line":22,"column":8},"end":{"line":22,"column":9}},"loc":{"start":{"line":22,"column":17},"end":{"line":22,"column":46}},"line":22}},"branchMap":{},"s":{"0":2,"1":2,"2":2,"3":2,"4":1,"5":1,"6":0,"7":1},"f":{"0":2,"1":0},"b":{},"_coverageSchema":"1a1c01bbd47fc00a2c39e90264f33305004495a9","hash":"9e3eb20b9eff0ab640792a2e3a6e872205ed9170"}
,"/home/isaac/FEC/FEC-Atelier/client/src/components/QA/AnswersList.jsx": {"path":"/home/isaac/FEC/FEC-Atelier/client/src/components/QA/AnswersList.jsx","statementMap":{"0":{"start":{"line":8,"column":14},"end":{"line":15,"column":1}},"1":{"start":{"line":17,"column":15},"end":{"line":19,"column":1}},"2":{"start":{"line":21,"column":16},"end":{"line":24,"column":1}},"3":{"start":{"line":26,"column":12},"end":{"line":38,"column":1}},"4":{"start":{"line":40,"column":15},"end":{"line":52,"column":1}},"5":{"start":{"line":54,"column":13},"end":{"line":58,"column":1}},"6":{"start":{"line":60,"column":15},"end":{"line":62,"column":1}},"7":{"start":{"line":64,"column":20},"end":{"line":119,"column":1}},"8":{"start":{"line":65,"column":68},"end":{"line":65,"column":74}},"9":{"start":{"line":66,"column":26},"end":{"line":66,"column":41}},"10":{"start":{"line":67,"column":22},"end":{"line":67,"column":34}},"11":{"start":{"line":68,"column":32},"end":{"line":68,"column":47}},"12":{"start":{"line":69,"column":34},"end":{"line":69,"column":49}},"13":{"start":{"line":71,"column":22},"end":{"line":75,"column":3}},"14":{"start":{"line":73,"column":4},"end":{"line":73,"column":32}},"15":{"start":{"line":74,"column":4},"end":{"line":74,"column":21}},"16":{"start":{"line":77,"column":2},"end":{"line":118,"column":3}},"17":{"start":{"line":85,"column":12},"end":{"line":93,"column":13}},"18":{"start":{"line":96,"column":12},"end":{"line":102,"column":13}},"19":{"start":{"line":106,"column":12},"end":{"line":111,"column":28}}},"fnMap":{"0":{"name":"(anonymous_0)","decl":{"start":{"line":64,"column":20},"end":{"line":64,"column":21}},"loc":{"start":{"line":64,"column":103},"end":{"line":119,"column":1}},"line":64},"1":{"name":"(anonymous_1)","decl":{"start":{"line":71,"column":22},"end":{"line":71,"column":23}},"loc":{"start":{"line":71,"column":29},"end":{"line":75,"column":3}},"line":71},"2":{"name":"(anonymous_2)","decl":{"start":{"line":84,"column":24},"end":{"line":84,"column":25}},"loc":{"start":{"line":85,"column":12},"end":{"line":93,"column":13}},"line":85},"3":{"name":"(anonymous_3)","decl":{"start":{"line":95,"column":27},"end":{"line":95,"column":28}},"loc":{"start":{"line":96,"column":12},"end":{"line":102,"column":13}},"line":96},"4":{"name":"(anonymous_4)","decl":{"start":{"line":105,"column":22},"end":{"line":105,"column":23}},"loc":{"start":{"line":105,"column":40},"end":{"line":112,"column":11}},"line":105}},"branchMap":{"0":{"loc":{"start":{"line":102,"column":17},"end":{"line":102,"column":50}},"type":"cond-expr","locations":[{"start":{"line":102,"column":29},"end":{"line":102,"column":39}},{"start":{"line":102,"column":42},"end":{"line":102,"column":50}}],"line":102},"1":{"loc":{"start":{"line":113,"column":11},"end":{"line":113,"column":85}},"type":"binary-expr","locations":[{"start":{"line":113,"column":11},"end":{"line":113,"column":16}},{"start":{"line":113,"column":21},"end":{"line":113,"column":84}}],"line":113}},"s":{"0":3,"1":3,"2":3,"3":3,"4":3,"5":3,"6":3,"7":3,"8":0,"9":0,"10":0,"11":0,"12":0,"13":0,"14":0,"15":0,"16":0,"17":0,"18":0,"19":0},"f":{"0":0,"1":0,"2":0,"3":0,"4":0},"b":{"0":[0,0],"1":[0,0]},"_coverageSchema":"1a1c01bbd47fc00a2c39e90264f33305004495a9","hash":"9217cbe6a6bde8040d1d85581eb7d64e74255bc6"}
,"/home/isaac/FEC/FEC-Atelier/client/src/components/QA/Data.js": {"path":"/home/isaac/FEC/FEC-Atelier/client/src/components/QA/Data.js","statementMap":{"0":{"start":{"line":1,"column":23},"end":{"line":48,"column":1}}},"fnMap":{},"branchMap":{},"s":{"0":3},"f":{},"b":{},"_coverageSchema":"1a1c01bbd47fc00a2c39e90264f33305004495a9","hash":"cc38a71064483ba7345b5a930b2dc47393445297"}
,"/home/isaac/FEC/FEC-Atelier/client/src/components/QA/Question.jsx": {"path":"/home/isaac/FEC/FEC-Atelier/client/src/components/QA/Question.jsx","statementMap":{"0":{"start":{"line":10,"column":18},"end":{"line":13,"column":1}},"1":{"start":{"line":15,"column":15},"end":{"line":20,"column":1}},"2":{"start":{"line":22,"column":16},"end":{"line":24,"column":1}},"3":{"start":{"line":26,"column":15},"end":{"line":31,"column":1}},"4":{"start":{"line":33,"column":20},"end":{"line":35,"column":1}},"5":{"start":{"line":37,"column":16},"end":{"line":41,"column":1}},"6":{"start":{"line":43,"column":18},"end":{"line":46,"column":1}},"7":{"start":{"line":48,"column":15},"end":{"line":58,"column":1}},"8":{"start":{"line":60,"column":12},"end":{"line":72,"column":1}},"9":{"start":{"line":74,"column":15},"end":{"line":86,"column":1}},"10":{"start":{"line":88,"column":18},"end":{"line":100,"column":1}},"11":{"start":{"line":102,"column":17},"end":{"line":271,"column":1}},"12":{"start":{"line":103,"column":92},"end":{"line":103,"column":100}},"13":{"start":{"line":104,"column":30},"end":{"line":104,"column":42}},"14":{"start":{"line":105,"column":38},"end":{"line":105,"column":49}},"15":{"start":{"line":106,"column":44},"end":{"line":106,"column":59}},"16":{"start":{"line":107,"column":46},"end":{"line":107,"column":61}},"17":{"start":{"line":108,"column":44},"end":{"line":108,"column":59}},"18":{"start":{"line":109,"column":24},"end":{"line":109,"column":39}},"19":{"start":{"line":110,"column":32},"end":{"line":110,"column":47}},"20":{"start":{"line":111,"column":34},"end":{"line":111,"column":45}},"21":{"start":{"line":112,"column":34},"end":{"line":112,"column":49}},"22":{"start":{"line":115,"column":2},"end":{"line":125,"column":33}},"23":{"start":{"line":116,"column":4},"end":{"line":124,"column":8}},"24":{"start":{"line":120,"column":8},"end":{"line":120,"column":42}},"25":{"start":{"line":123,"column":8},"end":{"line":123,"column":62}},"26":{"start":{"line":127,"column":31},"end":{"line":129,"column":3}},"27":{"start":{"line":128,"column":4},"end":{"line":128,"column":39}},"28":{"start":{"line":131,"column":31},"end":{"line":133,"column":3}},"29":{"start":{"line":132,"column":4},"end":{"line":132,"column":41}},"30":{"start":{"line":135,"column":24},"end":{"line":155,"column":3}},"31":{"start":{"line":136,"column":4},"end":{"line":136,"column":48}},"32":{"start":{"line":137,"column":4},"end":{"line":154,"column":5}},"33":{"start":{"line":138,"column":6},"end":{"line":138,"column":145}},"34":{"start":{"line":140,"column":6},"end":{"line":140,"column":153}},"35":{"start":{"line":141,"column":6},"end":{"line":153,"column":11}},"36":{"start":{"line":143,"column":20},"end":{"line":143,"column":42}},"37":{"start":{"line":144,"column":22},"end":{"line":144,"column":40}},"38":{"start":{"line":146,"column":10},"end":{"line":146,"column":33}},"39":{"start":{"line":147,"column":10},"end":{"line":152,"column":11}},"40":{"start":{"line":148,"column":12},"end":{"line":148,"column":112}},"41":{"start":{"line":150,"column":12},"end":{"line":150,"column":38}},"42":{"start":{"line":151,"column":12},"end":{"line":151,"column":34}},"43":{"start":{"line":157,"column":25},"end":{"line":172,"column":3}},"44":{"start":{"line":158,"column":4},"end":{"line":158,"column":47}},"45":{"start":{"line":159,"column":4},"end":{"line":171,"column":5}},"46":{"start":{"line":160,"column":6},"end":{"line":160,"column":140}},"47":{"start":{"line":162,"column":28},"end":{"line":162,"column":118}},"48":{"start":{"line":163,"column":6},"end":{"line":163,"column":198}},"49":{"start":{"line":164,"column":6},"end":{"line":170,"column":11}},"50":{"start":{"line":166,"column":20},"end":{"line":166,"column":42}},"51":{"start":{"line":167,"column":22},"end":{"line":167,"column":40}},"52":{"start":{"line":169,"column":10},"end":{"line":169,"column":110}},"53":{"start":{"line":174,"column":2},"end":{"line":178,"column":3}},"54":{"start":{"line":175,"column":4},"end":{"line":175,"column":48}},"55":{"start":{"line":177,"column":4},"end":{"line":177,"column":51}},"56":{"start":{"line":181,"column":4},"end":{"line":186,"column":13}},"57":{"start":{"line":182,"column":6},"end":{"line":182,"column":54}},"58":{"start":{"line":183,"column":6},"end":{"line":183,"column":41}},"59":{"start":{"line":189,"column":4},"end":{"line":195,"column":13}},"60":{"start":{"line":190,"column":6},"end":{"line":190,"column":34}},"61":{"start":{"line":191,"column":6},"end":{"line":191,"column":24}},"62":{"start":{"line":192,"column":6},"end":{"line":192,"column":41}},"63":{"start":{"line":198,"column":2},"end":{"line":270,"column":3}},"64":{"start":{"line":207,"column":12},"end":{"line":215,"column":13}},"65":{"start":{"line":218,"column":12},"end":{"line":224,"column":13}},"66":{"start":{"line":226,"column":36},"end":{"line":226,"column":49}},"67":{"start":{"line":232,"column":25},"end":{"line":232,"column":39}},"68":{"start":{"line":246,"column":12},"end":{"line":255,"column":22}}},"fnMap":{"0":{"name":"(anonymous_0)","decl":{"start":{"line":102,"column":17},"end":{"line":102,"column":18}},"loc":{"start":{"line":102,"column":62},"end":{"line":271,"column":1}},"line":102},"1":{"name":"(anonymous_1)","decl":{"start":{"line":115,"column":12},"end":{"line":115,"column":13}},"loc":{"start":{"line":115,"column":18},"end":{"line":125,"column":3}},"line":115},"2":{"name":"(anonymous_2)","decl":{"start":{"line":118,"column":12},"end":{"line":118,"column":13}},"loc":{"start":{"line":118,"column":24},"end":{"line":121,"column":7}},"line":118},"3":{"name":"(anonymous_3)","decl":{"start":{"line":122,"column":13},"end":{"line":122,"column":14}},"loc":{"start":{"line":122,"column":20},"end":{"line":124,"column":7}},"line":122},"4":{"name":"(anonymous_4)","decl":{"start":{"line":127,"column":31},"end":{"line":127,"column":32}},"loc":{"start":{"line":127,"column":37},"end":{"line":129,"column":3}},"line":127},"5":{"name":"(anonymous_5)","decl":{"start":{"line":131,"column":31},"end":{"line":131,"column":32}},"loc":{"start":{"line":131,"column":37},"end":{"line":133,"column":3}},"line":131},"6":{"name":"(anonymous_6)","decl":{"start":{"line":135,"column":24},"end":{"line":135,"column":25}},"loc":{"start":{"line":135,"column":103},"end":{"line":155,"column":3}},"line":135},"7":{"name":"(anonymous_7)","decl":{"start":{"line":143,"column":14},"end":{"line":143,"column":15}},"loc":{"start":{"line":143,"column":20},"end":{"line":143,"column":42}},"line":143},"8":{"name":"(anonymous_8)","decl":{"start":{"line":144,"column":15},"end":{"line":144,"column":16}},"loc":{"start":{"line":144,"column":22},"end":{"line":144,"column":40}},"line":144},"9":{"name":"(anonymous_9)","decl":{"start":{"line":145,"column":14},"end":{"line":145,"column":15}},"loc":{"start":{"line":145,"column":20},"end":{"line":153,"column":9}},"line":145},"10":{"name":"(anonymous_10)","decl":{"start":{"line":157,"column":25},"end":{"line":157,"column":26}},"loc":{"start":{"line":157,"column":80},"end":{"line":172,"column":3}},"line":157},"11":{"name":"(anonymous_11)","decl":{"start":{"line":166,"column":14},"end":{"line":166,"column":15}},"loc":{"start":{"line":166,"column":20},"end":{"line":166,"column":42}},"line":166},"12":{"name":"(anonymous_12)","decl":{"start":{"line":167,"column":15},"end":{"line":167,"column":16}},"loc":{"start":{"line":167,"column":22},"end":{"line":167,"column":40}},"line":167},"13":{"name":"(anonymous_13)","decl":{"start":{"line":168,"column":14},"end":{"line":168,"column":15}},"loc":{"start":{"line":168,"column":20},"end":{"line":170,"column":9}},"line":168},"14":{"name":"(anonymous_14)","decl":{"start":{"line":181,"column":21},"end":{"line":181,"column":22}},"loc":{"start":{"line":181,"column":27},"end":{"line":184,"column":7}},"line":181},"15":{"name":"(anonymous_15)","decl":{"start":{"line":189,"column":21},"end":{"line":189,"column":22}},"loc":{"start":{"line":189,"column":27},"end":{"line":193,"column":5}},"line":189},"16":{"name":"(anonymous_16)","decl":{"start":{"line":206,"column":24},"end":{"line":206,"column":25}},"loc":{"start":{"line":207,"column":12},"end":{"line":215,"column":13}},"line":207},"17":{"name":"(anonymous_17)","decl":{"start":{"line":217,"column":27},"end":{"line":217,"column":28}},"loc":{"start":{"line":218,"column":12},"end":{"line":224,"column":13}},"line":218},"18":{"name":"(anonymous_18)","decl":{"start":{"line":226,"column":30},"end":{"line":226,"column":31}},"loc":{"start":{"line":226,"column":36},"end":{"line":226,"column":49}},"line":226},"19":{"name":"(anonymous_19)","decl":{"start":{"line":232,"column":19},"end":{"line":232,"column":20}},"loc":{"start":{"line":232,"column":25},"end":{"line":232,"column":39}},"line":232},"20":{"name":"(anonymous_20)","decl":{"start":{"line":244,"column":44},"end":{"line":244,"column":45}},"loc":{"start":{"line":244,"column":63},"end":{"line":256,"column":11}},"line":244}},"branchMap":{"0":{"loc":{"start":{"line":137,"column":4},"end":{"line":154,"column":5}},"type":"if","locations":[{"start":{"line":137,"column":4},"end":{"line":154,"column":5}},{"start":{"line":139,"column":11},"end":{"line":154,"column":5}}],"line":137},"1":{"loc":{"start":{"line":147,"column":10},"end":{"line":152,"column":11}},"type":"if","locations":[{"start":{"line":147,"column":10},"end":{"line":152,"column":11}},{"start":{"line":149,"column":17},"end":{"line":152,"column":11}}],"line":147},"2":{"loc":{"start":{"line":159,"column":4},"end":{"line":171,"column":5}},"type":"if","locations":[{"start":{"line":159,"column":4},"end":{"line":171,"column":5}},{"start":{"line":161,"column":11},"end":{"line":171,"column":5}}],"line":159},"3":{"loc":{"start":{"line":163,"column":142},"end":{"line":163,"column":183}},"type":"cond-expr","locations":[{"start":{"line":163,"column":163},"end":{"line":163,"column":178}},{"start":{"line":163,"column":181},"end":{"line":163,"column":183}}],"line":163},"4":{"loc":{"start":{"line":174,"column":2},"end":{"line":178,"column":3}},"type":"if","locations":[{"start":{"line":174,"column":2},"end":{"line":178,"column":3}},{"start":{"line":176,"column":9},"end":{"line":178,"column":3}}],"line":174},"5":{"loc":{"start":{"line":224,"column":17},"end":{"line":224,"column":50}},"type":"cond-expr","locations":[{"start":{"line":224,"column":29},"end":{"line":224,"column":39}},{"start":{"line":224,"column":42},"end":{"line":224,"column":50}}],"line":224},"6":{"loc":{"start":{"line":236,"column":7},"end":{"line":240,"column":7}},"type":"binary-expr","locations":[{"start":{"line":236,"column":7},"end":{"line":236,"column":22}},{"start":{"line":237,"column":8},"end":{"line":239,"column":36}}],"line":236},"7":{"loc":{"start":{"line":237,"column":8},"end":{"line":239,"column":36}},"type":"cond-expr","locations":[{"start":{"line":238,"column":10},"end":{"line":238,"column":71}},{"start":{"line":239,"column":10},"end":{"line":239,"column":36}}],"line":237},"8":{"loc":{"start":{"line":243,"column":9},"end":{"line":256,"column":13}},"type":"binary-expr","locations":[{"start":{"line":243,"column":9},"end":{"line":243,"column":24}},{"start":{"line":244,"column":10},"end":{"line":256,"column":12}}],"line":243},"9":{"loc":{"start":{"line":259,"column":7},"end":{"line":262,"column":10}},"type":"binary-expr","locations":[{"start":{"line":259,"column":7},"end":{"line":259,"column":22}},{"start":{"line":260,"column":8},"end":{"line":260,"column":36}},{"start":{"line":261,"column":10},"end":{"line":261,"column":24}}],"line":259},"10":{"loc":{"start":{"line":264,"column":7},"end":{"line":268,"column":7}},"type":"binary-expr","locations":[{"start":{"line":264,"column":7},"end":{"line":264,"column":22}},{"start":{"line":265,"column":8},"end":{"line":265,"column":22}},{"start":{"line":266,"column":10},"end":{"line":266,"column":25}}],"line":264}},"s":{"0":3,"1":3,"2":3,"3":3,"4":3,"5":3,"6":3,"7":3,"8":3,"9":3,"10":3,"11":3,"12":0,"13":0,"14":0,"15":0,"16":0,"17":0,"18":0,"19":0,"20":0,"21":0,"22":0,"23":0,"24":0,"25":0,"26":0,"27":0,"28":0,"29":0,"30":0,"31":0,"32":0,"33":0,"34":0,"35":0,"36":0,"37":0,"38":0,"39":0,"40":0,"41":0,"42":0,"43":0,"44":0,"45":0,"46":0,"47":0,"48":0,"49":0,"50":0,"51":0,"52":0,"53":0,"54":0,"55":0,"56":0,"57":0,"58":0,"59":0,"60":0,"61":0,"62":0,"63":0,"64":0,"65":0,"66":0,"67":0,"68":0},"f":{"0":0,"1":0,"2":0,"3":0,"4":0,"5":0,"6":0,"7":0,"8":0,"9":0,"10":0,"11":0,"12":0,"13":0,"14":0,"15":0,"16":0,"17":0,"18":0,"19":0,"20":0},"b":{"0":[0,0],"1":[0,0],"2":[0,0],"3":[0,0],"4":[0,0],"5":[0,0],"6":[0,0],"7":[0,0],"8":[0,0],"9":[0,0,0],"10":[0,0,0]},"_coverageSchema":"1a1c01bbd47fc00a2c39e90264f33305004495a9","hash":"bd3c109c179c4894030f90cefe2ab9137df3d63c"}
,"/home/isaac/FEC/FEC-Atelier/client/src/components/QA/QuestionsList.jsx": {"path":"/home/isaac/FEC/FEC-Atelier/client/src/components/QA/QuestionsList.jsx","statementMap":{"0":{"start":{"line":11,"column":15},"end":{"line":20,"column":1}},"1":{"start":{"line":22,"column":16},"end":{"line":29,"column":1}},"2":{"start":{"line":31,"column":13},"end":{"line":35,"column":1}},"3":{"start":{"line":37,"column":22},"end":{"line":101,"column":1}},"4":{"start":{"line":38,"column":13},"end":{"line":38,"column":18}},"5":{"start":{"line":40,"column":34},"end":{"line":40,"column":46}},"6":{"start":{"line":41,"column":42},"end":{"line":41,"column":53}},"7":{"start":{"line":42,"column":36},"end":{"line":42,"column":51}},"8":{"start":{"line":43,"column":34},"end":{"line":43,"column":45}},"9":{"start":{"line":44,"column":32},"end":{"line":44,"column":44}},"10":{"start":{"line":45,"column":34},"end":{"line":45,"column":49}},"11":{"start":{"line":47,"column":2},"end":{"line":57,"column":29}},"12":{"start":{"line":48,"column":4},"end":{"line":56,"column":8}},"13":{"start":{"line":52,"column":8},"end":{"line":52,"column":44}},"14":{"start":{"line":55,"column":8},"end":{"line":55,"column":56}},"15":{"start":{"line":60,"column":4},"end":{"line":62,"column":13}},"16":{"start":{"line":60,"column":27},"end":{"line":60,"column":62}},"17":{"start":{"line":65,"column":2},"end":{"line":100,"column":3}},"18":{"start":{"line":81,"column":12},"end":{"line":87,"column":22}},"19":{"start":{"line":94,"column":31},"end":{"line":94,"column":50}},"20":{"start":{"line":97,"column":46},"end":{"line":97,"column":66}}},"fnMap":{"0":{"name":"(anonymous_0)","decl":{"start":{"line":37,"column":22},"end":{"line":37,"column":23}},"loc":{"start":{"line":37,"column":33},"end":{"line":101,"column":1}},"line":37},"1":{"name":"(anonymous_1)","decl":{"start":{"line":47,"column":12},"end":{"line":47,"column":13}},"loc":{"start":{"line":47,"column":18},"end":{"line":57,"column":3}},"line":47},"2":{"name":"(anonymous_2)","decl":{"start":{"line":50,"column":12},"end":{"line":50,"column":13}},"loc":{"start":{"line":50,"column":24},"end":{"line":53,"column":7}},"line":50},"3":{"name":"(anonymous_3)","decl":{"start":{"line":54,"column":13},"end":{"line":54,"column":14}},"loc":{"start":{"line":54,"column":20},"end":{"line":56,"column":7}},"line":54},"4":{"name":"(anonymous_4)","decl":{"start":{"line":60,"column":21},"end":{"line":60,"column":22}},"loc":{"start":{"line":60,"column":27},"end":{"line":60,"column":62}},"line":60},"5":{"name":"(anonymous_5)","decl":{"start":{"line":80,"column":49},"end":{"line":80,"column":50}},"loc":{"start":{"line":80,"column":70},"end":{"line":88,"column":11}},"line":80},"6":{"name":"(anonymous_6)","decl":{"start":{"line":94,"column":25},"end":{"line":94,"column":26}},"loc":{"start":{"line":94,"column":31},"end":{"line":94,"column":50}},"line":94},"7":{"name":"(anonymous_7)","decl":{"start":{"line":97,"column":40},"end":{"line":97,"column":41}},"loc":{"start":{"line":97,"column":46},"end":{"line":97,"column":66}},"line":97}},"branchMap":{"0":{"loc":{"start":{"line":90,"column":9},"end":{"line":90,"column":174}},"type":"cond-expr","locations":[{"start":{"line":90,"column":44},"end":{"line":90,"column":106}},{"start":{"line":90,"column":109},"end":{"line":90,"column":174}}],"line":90},"1":{"loc":{"start":{"line":91,"column":9},"end":{"line":93,"column":9}},"type":"binary-expr","locations":[{"start":{"line":91,"column":9},"end":{"line":91,"column":41}},{"start":{"line":92,"column":10},"end":{"line":92,"column":27}}],"line":91}},"s":{"0":3,"1":3,"2":3,"3":3,"4":4,"5":4,"6":3,"7":3,"8":3,"9":3,"10":3,"11":3,"12":1,"13":0,"14":0,"15":3,"16":0,"17":3,"18":0,"19":0,"20":0},"f":{"0":4,"1":1,"2":0,"3":0,"4":0,"5":0,"6":0,"7":0},"b":{"0":[0,3],"1":[3,0]},"_coverageSchema":"1a1c01bbd47fc00a2c39e90264f33305004495a9","hash":"266cf1688165bec93f3fb18cd70f906264844ac6"}
,"/home/isaac/FEC/FEC-Atelier/client/src/components/QA/Search.jsx": {"path":"/home/isaac/FEC/FEC-Atelier/client/src/components/QA/Search.jsx","statementMap":{"0":{"start":{"line":16,"column":15},"end":{"line":37,"column":1}},"1":{"start":{"line":17,"column":13},"end":{"line":17,"column":35}},"2":{"start":{"line":18,"column":40},"end":{"line":18,"column":52}},"3":{"start":{"line":21,"column":21},"end":{"line":23,"column":3}},"4":{"start":{"line":22,"column":4},"end":{"line":22,"column":45}},"5":{"start":{"line":25,"column":2},"end":{"line":36,"column":3}},"6":{"start":{"line":32,"column":26},"end":{"line":32,"column":56}}},"fnMap":{"0":{"name":"(anonymous_0)","decl":{"start":{"line":16,"column":15},"end":{"line":16,"column":16}},"loc":{"start":{"line":16,"column":26},"end":{"line":37,"column":1}},"line":16},"1":{"name":"(anonymous_1)","decl":{"start":{"line":21,"column":21},"end":{"line":21,"column":22}},"loc":{"start":{"line":21,"column":27},"end":{"line":23,"column":3}},"line":21},"2":{"name":"(anonymous_2)","decl":{"start":{"line":32,"column":18},"end":{"line":32,"column":19}},"loc":{"start":{"line":32,"column":25},"end":{"line":32,"column":57}},"line":32}},"branchMap":{},"s":{"0":3,"1":6,"2":1,"3":1,"4":0,"5":1,"6":0},"f":{"0":6,"1":0,"2":0},"b":{},"_coverageSchema":"1a1c01bbd47fc00a2c39e90264f33305004495a9","hash":"fdd8e8c19344ed92b01467d17e219cf768a0ae6d"}
,"/home/isaac/FEC/FEC-Atelier/client/src/components/QA/Modals/AnswerModal.jsx": {"path":"/home/isaac/FEC/FEC-Atelier/client/src/components/QA/Modals/AnswerModal.jsx","statementMap":{"0":{"start":{"line":6,"column":2},"end":{"line":8,"column":3}},"1":{"start":{"line":7,"column":4},"end":{"line":7,"column":15}},"2":{"start":{"line":10,"column":32},"end":{"line":10,"column":44}},"3":{"start":{"line":11,"column":26},"end":{"line":11,"column":38}},"4":{"start":{"line":12,"column":24},"end":{"line":12,"column":36}},"5":{"start":{"line":13,"column":24},"end":{"line":13,"column":38}},"6":{"start":{"line":15,"column":31},"end":{"line":19,"column":3}},"7":{"start":{"line":16,"column":4},"end":{"line":18,"column":5}},"8":{"start":{"line":17,"column":6},"end":{"line":17,"column":16}},"9":{"start":{"line":21,"column":2},"end":{"line":26,"column":8}},"10":{"start":{"line":22,"column":4},"end":{"line":22,"column":67}},"11":{"start":{"line":23,"column":4},"end":{"line":25,"column":5}},"12":{"start":{"line":24,"column":6},"end":{"line":24,"column":72}},"13":{"start":{"line":28,"column":23},"end":{"line":49,"column":3}},"14":{"start":{"line":29,"column":4},"end":{"line":29,"column":23}},"15":{"start":{"line":30,"column":4},"end":{"line":48,"column":5}},"16":{"start":{"line":31,"column":6},"end":{"line":31,"column":71}},"17":{"start":{"line":33,"column":6},"end":{"line":33,"column":54}},"18":{"start":{"line":34,"column":6},"end":{"line":47,"column":10}},"19":{"start":{"line":42,"column":10},"end":{"line":42,"column":63}},"20":{"start":{"line":43,"column":10},"end":{"line":43,"column":20}},"21":{"start":{"line":46,"column":10},"end":{"line":46,"column":54}},"22":{"start":{"line":51,"column":2},"end":{"line":89,"column":3}},"23":{"start":{"line":62,"column":83},"end":{"line":62,"column":110}},"24":{"start":{"line":66,"column":78},"end":{"line":66,"column":102}},"25":{"start":{"line":77,"column":98},"end":{"line":77,"column":121}}},"fnMap":{"0":{"name":"AnswerModal","decl":{"start":{"line":5,"column":24},"end":{"line":5,"column":35}},"loc":{"start":{"line":5,"column":86},"end":{"line":90,"column":1}},"line":5},"1":{"name":"(anonymous_1)","decl":{"start":{"line":15,"column":31},"end":{"line":15,"column":32}},"loc":{"start":{"line":15,"column":38},"end":{"line":19,"column":3}},"line":15},"2":{"name":"(anonymous_2)","decl":{"start":{"line":21,"column":12},"end":{"line":21,"column":13}},"loc":{"start":{"line":21,"column":18},"end":{"line":26,"column":3}},"line":21},"3":{"name":"cleanup","decl":{"start":{"line":23,"column":20},"end":{"line":23,"column":27}},"loc":{"start":{"line":23,"column":30},"end":{"line":25,"column":5}},"line":23},"4":{"name":"(anonymous_4)","decl":{"start":{"line":28,"column":23},"end":{"line":28,"column":24}},"loc":{"start":{"line":28,"column":30},"end":{"line":49,"column":3}},"line":28},"5":{"name":"(anonymous_5)","decl":{"start":{"line":41,"column":14},"end":{"line":41,"column":15}},"loc":{"start":{"line":41,"column":26},"end":{"line":44,"column":9}},"line":41},"6":{"name":"(anonymous_6)","decl":{"start":{"line":45,"column":15},"end":{"line":45,"column":16}},"loc":{"start":{"line":45,"column":22},"end":{"line":47,"column":9}},"line":45},"7":{"name":"(anonymous_7)","decl":{"start":{"line":62,"column":78},"end":{"line":62,"column":79}},"loc":{"start":{"line":62,"column":83},"end":{"line":62,"column":110}},"line":62},"8":{"name":"(anonymous_8)","decl":{"start":{"line":66,"column":73},"end":{"line":66,"column":74}},"loc":{"start":{"line":66,"column":78},"end":{"line":66,"column":102}},"line":66},"9":{"name":"(anonymous_9)","decl":{"start":{"line":77,"column":93},"end":{"line":77,"column":94}},"loc":{"start":{"line":77,"column":98},"end":{"line":77,"column":121}},"line":77}},"branchMap":{"0":{"loc":{"start":{"line":6,"column":2},"end":{"line":8,"column":3}},"type":"if","locations":[{"start":{"line":6,"column":2},"end":{"line":8,"column":3}},{"start":{},"end":{}}],"line":6},"1":{"loc":{"start":{"line":16,"column":4},"end":{"line":18,"column":5}},"type":"if","locations":[{"start":{"line":16,"column":4},"end":{"line":18,"column":5}},{"start":{},"end":{}}],"line":16},"2":{"loc":{"start":{"line":16,"column":9},"end":{"line":16,"column":32}},"type":"binary-expr","locations":[{"start":{"line":16,"column":9},"end":{"line":16,"column":19}},{"start":{"line":16,"column":23},"end":{"line":16,"column":32}}],"line":16},"3":{"loc":{"start":{"line":30,"column":4},"end":{"line":48,"column":5}},"type":"if","locations":[{"start":{"line":30,"column":4},"end":{"line":48,"column":5}},{"start":{"line":32,"column":11},"end":{"line":48,"column":5}}],"line":30},"4":{"loc":{"start":{"line":30,"column":8},"end":{"line":30,"column":54}},"type":"binary-expr","locations":[{"start":{"line":30,"column":8},"end":{"line":30,"column":23}},{"start":{"line":30,"column":27},"end":{"line":30,"column":39}},{"start":{"line":30,"column":43},"end":{"line":30,"column":54}}],"line":30}},"s":{"0":0,"1":0,"2":0,"3":0,"4":0,"5":0,"6":0,"7":0,"8":0,"9":0,"10":0,"11":0,"12":0,"13":0,"14":0,"15":0,"16":0,"17":0,"18":0,"19":0,"20":0,"21":0,"22":0,"23":0,"24":0,"25":0},"f":{"0":0,"1":0,"2":0,"3":0,"4":0,"5":0,"6":0,"7":0,"8":0,"9":0},"b":{"0":[0,0],"1":[0,0],"2":[0,0],"3":[0,0],"4":[0,0,0]},"_coverageSchema":"1a1c01bbd47fc00a2c39e90264f33305004495a9","hash":"39159201323f88deb59af30edc05d66956c5d082"}
,"/home/isaac/FEC/FEC-Atelier/client/src/components/QA/Modals/ImageModal.jsx": {"path":"/home/isaac/FEC/FEC-Atelier/client/src/components/QA/Modals/ImageModal.jsx","statementMap":{"0":{"start":{"line":5,"column":14},"end":{"line":12,"column":1}},"1":{"start":{"line":17,"column":2},"end":{"line":21,"column":3}},"2":{"start":{"line":18,"column":4},"end":{"line":18,"column":48}},"3":{"start":{"line":20,"column":4},"end":{"line":20,"column":51}},"4":{"start":{"line":23,"column":2},"end":{"line":41,"column":3}}},"fnMap":{"0":{"name":"Modal","decl":{"start":{"line":14,"column":24},"end":{"line":14,"column":29}},"loc":{"start":{"line":14,"column":58},"end":{"line":42,"column":1}},"line":14}},"branchMap":{"0":{"loc":{"start":{"line":17,"column":2},"end":{"line":21,"column":3}},"type":"if","locations":[{"start":{"line":17,"column":2},"end":{"line":21,"column":3}},{"start":{"line":19,"column":9},"end":{"line":21,"column":3}}],"line":17}},"s":{"0":3,"1":0,"2":0,"3":0,"4":0},"f":{"0":0},"b":{"0":[0,0]},"_coverageSchema":"1a1c01bbd47fc00a2c39e90264f33305004495a9","hash":"03a826695d46d5812ec01c00646ba3010a37f4a3"}
,"/home/isaac/FEC/FEC-Atelier/client/src/components/QA/Modals/QuestionModal.jsx": {"path":"/home/isaac/FEC/FEC-Atelier/client/src/components/QA/Modals/QuestionModal.jsx","statementMap":{"0":{"start":{"line":6,"column":2},"end":{"line":8,"column":3}},"1":{"start":{"line":7,"column":4},"end":{"line":7,"column":15}},"2":{"start":{"line":10,"column":32},"end":{"line":10,"column":44}},"3":{"start":{"line":11,"column":26},"end":{"line":11,"column":38}},"4":{"start":{"line":12,"column":24},"end":{"line":12,"column":36}},"5":{"start":{"line":14,"column":31},"end":{"line":18,"column":3}},"6":{"start":{"line":15,"column":4},"end":{"line":17,"column":5}},"7":{"start":{"line":16,"column":6},"end":{"line":16,"column":16}},"8":{"start":{"line":20,"column":2},"end":{"line":25,"column":8}},"9":{"start":{"line":21,"column":4},"end":{"line":21,"column":67}},"10":{"start":{"line":22,"column":4},"end":{"line":24,"column":5}},"11":{"start":{"line":23,"column":6},"end":{"line":23,"column":72}},"12":{"start":{"line":27,"column":23},"end":{"line":48,"column":3}},"13":{"start":{"line":28,"column":4},"end":{"line":28,"column":23}},"14":{"start":{"line":29,"column":4},"end":{"line":47,"column":5}},"15":{"start":{"line":30,"column":6},"end":{"line":30,"column":71}},"16":{"start":{"line":32,"column":6},"end":{"line":32,"column":45}},"17":{"start":{"line":33,"column":6},"end":{"line":46,"column":10}},"18":{"start":{"line":41,"column":10},"end":{"line":41,"column":73}},"19":{"start":{"line":42,"column":10},"end":{"line":42,"column":20}},"20":{"start":{"line":45,"column":10},"end":{"line":45,"column":58}},"21":{"start":{"line":50,"column":2},"end":{"line":83,"column":3}},"22":{"start":{"line":61,"column":83},"end":{"line":61,"column":110}},"23":{"start":{"line":65,"column":78},"end":{"line":65,"column":102}},"24":{"start":{"line":72,"column":98},"end":{"line":72,"column":121}}},"fnMap":{"0":{"name":"AnswerModal","decl":{"start":{"line":5,"column":24},"end":{"line":5,"column":35}},"loc":{"start":{"line":5,"column":64},"end":{"line":84,"column":1}},"line":5},"1":{"name":"(anonymous_1)","decl":{"start":{"line":14,"column":31},"end":{"line":14,"column":32}},"loc":{"start":{"line":14,"column":38},"end":{"line":18,"column":3}},"line":14},"2":{"name":"(anonymous_2)","decl":{"start":{"line":20,"column":12},"end":{"line":20,"column":13}},"loc":{"start":{"line":20,"column":18},"end":{"line":25,"column":3}},"line":20},"3":{"name":"cleanup","decl":{"start":{"line":22,"column":20},"end":{"line":22,"column":27}},"loc":{"start":{"line":22,"column":30},"end":{"line":24,"column":5}},"line":22},"4":{"name":"(anonymous_4)","decl":{"start":{"line":27,"column":23},"end":{"line":27,"column":24}},"loc":{"start":{"line":27,"column":30},"end":{"line":48,"column":3}},"line":27},"5":{"name":"(anonymous_5)","decl":{"start":{"line":40,"column":14},"end":{"line":40,"column":15}},"loc":{"start":{"line":40,"column":26},"end":{"line":43,"column":9}},"line":40},"6":{"name":"(anonymous_6)","decl":{"start":{"line":44,"column":15},"end":{"line":44,"column":16}},"loc":{"start":{"line":44,"column":22},"end":{"line":46,"column":9}},"line":44},"7":{"name":"(anonymous_7)","decl":{"start":{"line":61,"column":78},"end":{"line":61,"column":79}},"loc":{"start":{"line":61,"column":83},"end":{"line":61,"column":110}},"line":61},"8":{"name":"(anonymous_8)","decl":{"start":{"line":65,"column":73},"end":{"line":65,"column":74}},"loc":{"start":{"line":65,"column":78},"end":{"line":65,"column":102}},"line":65},"9":{"name":"(anonymous_9)","decl":{"start":{"line":72,"column":93},"end":{"line":72,"column":94}},"loc":{"start":{"line":72,"column":98},"end":{"line":72,"column":121}},"line":72}},"branchMap":{"0":{"loc":{"start":{"line":6,"column":2},"end":{"line":8,"column":3}},"type":"if","locations":[{"start":{"line":6,"column":2},"end":{"line":8,"column":3}},{"start":{},"end":{}}],"line":6},"1":{"loc":{"start":{"line":15,"column":4},"end":{"line":17,"column":5}},"type":"if","locations":[{"start":{"line":15,"column":4},"end":{"line":17,"column":5}},{"start":{},"end":{}}],"line":15},"2":{"loc":{"start":{"line":15,"column":9},"end":{"line":15,"column":32}},"type":"binary-expr","locations":[{"start":{"line":15,"column":9},"end":{"line":15,"column":19}},{"start":{"line":15,"column":23},"end":{"line":15,"column":32}}],"line":15},"3":{"loc":{"start":{"line":29,"column":4},"end":{"line":47,"column":5}},"type":"if","locations":[{"start":{"line":29,"column":4},"end":{"line":47,"column":5}},{"start":{"line":31,"column":11},"end":{"line":47,"column":5}}],"line":29},"4":{"loc":{"start":{"line":29,"column":8},"end":{"line":29,"column":54}},"type":"binary-expr","locations":[{"start":{"line":29,"column":8},"end":{"line":29,"column":23}},{"start":{"line":29,"column":27},"end":{"line":29,"column":39}},{"start":{"line":29,"column":43},"end":{"line":29,"column":54}}],"line":29},"5":{"loc":{"start":{"line":51,"column":29},"end":{"line":51,"column":53}},"type":"cond-expr","locations":[{"start":{"line":51,"column":42},"end":{"line":51,"column":48}},{"start":{"line":51,"column":51},"end":{"line":51,"column":53}}],"line":51}},"s":{"0":3,"1":3,"2":0,"3":0,"4":0,"5":0,"6":0,"7":0,"8":0,"9":0,"10":0,"11":0,"12":0,"13":0,"14":0,"15":0,"16":0,"17":0,"18":0,"19":0,"20":0,"21":0,"22":0,"23":0,"24":0},"f":{"0":3,"1":0,"2":0,"3":0,"4":0,"5":0,"6":0,"7":0,"8":0,"9":0},"b":{"0":[3,0],"1":[0,0],"2":[0,0],"3":[0,0],"4":[0,0,0],"5":[0,0]},"_coverageSchema":"1a1c01bbd47fc00a2c39e90264f33305004495a9","hash":"c64f8b69b3cd50c6928cc65011018157c16085a5"}
,"/home/isaac/FEC/FEC-Atelier/client/src/components/R&R/Bars.jsx": {"path":"/home/isaac/FEC/FEC-Atelier/client/src/components/R&R/Bars.jsx","statementMap":{"0":{"start":{"line":3,"column":18},"end":{"line":8,"column":3}},"1":{"start":{"line":10,"column":17},"end":{"line":15,"column":3}},"2":{"start":{"line":17,"column":16},"end":{"line":19,"column":3}},"3":{"start":{"line":21,"column":13},"end":{"line":84,"column":1}},"4":{"start":{"line":23,"column":13},"end":{"line":23,"column":31}},"5":{"start":{"line":24,"column":13},"end":{"line":24,"column":31}},"6":{"start":{"line":25,"column":14},"end":{"line":25,"column":32}},"7":{"start":{"line":26,"column":12},"end":{"line":26,"column":30}},"8":{"start":{"line":27,"column":12},"end":{"line":27,"column":30}},"9":{"start":{"line":29,"column":14},"end":{"line":29,"column":37}},"10":{"start":{"line":30,"column":16},"end":{"line":30,"column":25}},"11":{"start":{"line":31,"column":16},"end":{"line":31,"column":25}},"12":{"start":{"line":32,"column":18},"end":{"line":32,"column":29}},"13":{"start":{"line":33,"column":17},"end":{"line":33,"column":27}},"14":{"start":{"line":34,"column":17},"end":{"line":34,"column":27}},"15":{"start":{"line":36,"column":12},"end":{"line":42,"column":3}},"16":{"start":{"line":44,"column":24},"end":{"line":52,"column":3}},"17":{"start":{"line":45,"column":21},"end":{"line":45,"column":33}},"18":{"start":{"line":46,"column":4},"end":{"line":50,"column":5}},"19":{"start":{"line":47,"column":6},"end":{"line":47,"column":32}},"20":{"start":{"line":49,"column":6},"end":{"line":49,"column":29}},"21":{"start":{"line":51,"column":4},"end":{"line":51,"column":27}},"22":{"start":{"line":54,"column":17},"end":{"line":54,"column":19}},"23":{"start":{"line":55,"column":2},"end":{"line":57,"column":4}},"24":{"start":{"line":56,"column":4},"end":{"line":56,"column":36}},"25":{"start":{"line":59,"column":2},"end":{"line":83,"column":3}},"26":{"start":{"line":63,"column":32},"end":{"line":63,"column":46}},"27":{"start":{"line":72,"column":8},"end":{"line":79,"column":11}},"28":{"start":{"line":73,"column":37},"end":{"line":73,"column":63}}},"fnMap":{"0":{"name":"(anonymous_0)","decl":{"start":{"line":21,"column":13},"end":{"line":21,"column":14}},"loc":{"start":{"line":21,"column":50},"end":{"line":84,"column":1}},"line":21},"1":{"name":"(anonymous_1)","decl":{"start":{"line":44,"column":24},"end":{"line":44,"column":25}},"loc":{"start":{"line":44,"column":36},"end":{"line":52,"column":3}},"line":44},"2":{"name":"(anonymous_2)","decl":{"start":{"line":55,"column":31},"end":{"line":55,"column":32}},"loc":{"start":{"line":55,"column":43},"end":{"line":57,"column":3}},"line":55},"3":{"name":"(anonymous_3)","decl":{"start":{"line":63,"column":25},"end":{"line":63,"column":26}},"loc":{"start":{"line":63,"column":31},"end":{"line":63,"column":47}},"line":63},"4":{"name":"(anonymous_4)","decl":{"start":{"line":66,"column":17},"end":{"line":66,"column":18}},"loc":{"start":{"line":66,"column":27},"end":{"line":80,"column":9}},"line":66},"5":{"name":"(anonymous_5)","decl":{"start":{"line":73,"column":30},"end":{"line":73,"column":31}},"loc":{"start":{"line":73,"column":36},"end":{"line":73,"column":64}},"line":73}},"branchMap":{"0":{"loc":{"start":{"line":46,"column":4},"end":{"line":50,"column":5}},"type":"if","locations":[{"start":{"line":46,"column":4},"end":{"line":50,"column":5}},{"start":{"line":48,"column":11},"end":{"line":50,"column":5}}],"line":46}},"s":{"0":2,"1":2,"2":2,"3":2,"4":1,"5":1,"6":1,"7":1,"8":1,"9":1,"10":1,"11":1,"12":1,"13":1,"14":1,"15":1,"16":1,"17":0,"18":0,"19":0,"20":0,"21":0,"22":1,"23":1,"24":0,"25":1,"26":0,"27":5,"28":0},"f":{"0":1,"1":0,"2":0,"3":0,"4":5,"5":0},"b":{"0":[0,0]},"_coverageSchema":"1a1c01bbd47fc00a2c39e90264f33305004495a9","hash":"70c6d9fda193f8d4d11a8f923059731c8a58af9b"}
,"/home/isaac/FEC/FEC-Atelier/client/src/components/R&R/NewReview.jsx": {"path":"/home/isaac/FEC/FEC-Atelier/client/src/components/R&R/NewReview.jsx","statementMap":{"0":{"start":{"line":8,"column":14},"end":{"line":16,"column":1}},"1":{"start":{"line":18,"column":16},"end":{"line":27,"column":1}},"2":{"start":{"line":29,"column":21},"end":{"line":45,"column":1}},"3":{"start":{"line":47,"column":25},"end":{"line":53,"column":1}},"4":{"start":{"line":55,"column":17},"end":{"line":57,"column":1}},"5":{"start":{"line":59,"column":15},"end":{"line":66,"column":1}},"6":{"start":{"line":68,"column":18},"end":{"line":75,"column":1}},"7":{"start":{"line":77,"column":24},"end":{"line":82,"column":1}},"8":{"start":{"line":84,"column":18},"end":{"line":244,"column":1}},"9":{"start":{"line":85,"column":13},"end":{"line":85,"column":35}},"10":{"start":{"line":86,"column":22},"end":{"line":86,"column":53}},"11":{"start":{"line":88,"column":36},"end":{"line":88,"column":47}},"12":{"start":{"line":90,"column":26},"end":{"line":90,"column":40}},"13":{"start":{"line":91,"column":36},"end":{"line":91,"column":48}},"14":{"start":{"line":92,"column":32},"end":{"line":92,"column":44}},"15":{"start":{"line":93,"column":26},"end":{"line":93,"column":38}},"16":{"start":{"line":94,"column":34},"end":{"line":94,"column":46}},"17":{"start":{"line":95,"column":28},"end":{"line":95,"column":40}},"18":{"start":{"line":96,"column":30},"end":{"line":96,"column":42}},"19":{"start":{"line":97,"column":48},"end":{"line":97,"column":60}},"20":{"start":{"line":98,"column":38},"end":{"line":98,"column":50}},"21":{"start":{"line":99,"column":34},"end":{"line":99,"column":46}},"22":{"start":{"line":101,"column":31},"end":{"line":105,"column":3}},"23":{"start":{"line":102,"column":4},"end":{"line":104,"column":5}},"24":{"start":{"line":103,"column":6},"end":{"line":103,"column":19}},"25":{"start":{"line":107,"column":2},"end":{"line":112,"column":8}},"26":{"start":{"line":108,"column":4},"end":{"line":108,"column":67}},"27":{"start":{"line":109,"column":4},"end":{"line":111,"column":5}},"28":{"start":{"line":110,"column":6},"end":{"line":110,"column":72}},"29":{"start":{"line":114,"column":23},"end":{"line":131,"column":3}},"30":{"start":{"line":115,"column":4},"end":{"line":115,"column":23}},"31":{"start":{"line":116,"column":20},"end":{"line":126,"column":5}},"32":{"start":{"line":127,"column":4},"end":{"line":127,"column":27}},"33":{"start":{"line":128,"column":4},"end":{"line":130,"column":47}},"34":{"start":{"line":129,"column":19},"end":{"line":129,"column":60}},"35":{"start":{"line":130,"column":20},"end":{"line":130,"column":45}},"36":{"start":{"line":133,"column":2},"end":{"line":144,"column":8}},"37":{"start":{"line":134,"column":4},"end":{"line":143,"column":6}},"38":{"start":{"line":136,"column":20},"end":{"line":136,"column":22}},"39":{"start":{"line":137,"column":22},"end":{"line":137,"column":63}},"40":{"start":{"line":138,"column":6},"end":{"line":140,"column":8}},"41":{"start":{"line":139,"column":8},"end":{"line":139,"column":76}},"42":{"start":{"line":141,"column":6},"end":{"line":141,"column":36}},"43":{"start":{"line":142,"column":6},"end":{"line":142,"column":25}},"44":{"start":{"line":146,"column":2},"end":{"line":243,"column":3}},"45":{"start":{"line":150,"column":34},"end":{"line":150,"column":61}},"46":{"start":{"line":150,"column":55},"end":{"line":150,"column":60}},"47":{"start":{"line":163,"column":20},"end":{"line":163,"column":39}},"48":{"start":{"line":167,"column":20},"end":{"line":167,"column":40}},"49":{"start":{"line":176,"column":34},"end":{"line":176,"column":63}},"50":{"start":{"line":177,"column":20},"end":{"line":195,"column":21}},"51":{"start":{"line":181,"column":30},"end":{"line":191,"column":39}},"52":{"start":{"line":184,"column":54},"end":{"line":184,"column":69}},"53":{"start":{"line":185,"column":50},"end":{"line":185,"column":88}},"54":{"start":{"line":186,"column":49},"end":{"line":186,"column":76}},"55":{"start":{"line":187,"column":47},"end":{"line":187,"column":65}},"56":{"start":{"line":188,"column":34},"end":{"line":188,"column":68}},"57":{"start":{"line":189,"column":34},"end":{"line":189,"column":63}},"58":{"start":{"line":201,"column":136},"end":{"line":201,"column":162}},"59":{"start":{"line":205,"column":167},"end":{"line":205,"column":190}},"60":{"start":{"line":211,"column":30},"end":{"line":211,"column":44}},"61":{"start":{"line":212,"column":18},"end":{"line":216,"column":19}},"62":{"start":{"line":213,"column":20},"end":{"line":213,"column":36}},"63":{"start":{"line":215,"column":20},"end":{"line":215,"column":47}},"64":{"start":{"line":227,"column":137},"end":{"line":227,"column":164}},"65":{"start":{"line":232,"column":144},"end":{"line":232,"column":168}},"66":{"start":{"line":237,"column":43},"end":{"line":237,"column":70}},"67":{"start":{"line":237,"column":64},"end":{"line":237,"column":69}}},"fnMap":{"0":{"name":"(anonymous_0)","decl":{"start":{"line":84,"column":18},"end":{"line":84,"column":19}},"loc":{"start":{"line":84,"column":61},"end":{"line":244,"column":1}},"line":84},"1":{"name":"(anonymous_1)","decl":{"start":{"line":101,"column":31},"end":{"line":101,"column":32}},"loc":{"start":{"line":101,"column":38},"end":{"line":105,"column":3}},"line":101},"2":{"name":"(anonymous_2)","decl":{"start":{"line":107,"column":12},"end":{"line":107,"column":13}},"loc":{"start":{"line":107,"column":18},"end":{"line":112,"column":3}},"line":107},"3":{"name":"cleanup","decl":{"start":{"line":109,"column":20},"end":{"line":109,"column":27}},"loc":{"start":{"line":109,"column":30},"end":{"line":111,"column":5}},"line":109},"4":{"name":"(anonymous_4)","decl":{"start":{"line":114,"column":23},"end":{"line":114,"column":24}},"loc":{"start":{"line":114,"column":30},"end":{"line":131,"column":3}},"line":114},"5":{"name":"(anonymous_5)","decl":{"start":{"line":129,"column":10},"end":{"line":129,"column":11}},"loc":{"start":{"line":129,"column":19},"end":{"line":129,"column":60}},"line":129},"6":{"name":"(anonymous_6)","decl":{"start":{"line":130,"column":11},"end":{"line":130,"column":12}},"loc":{"start":{"line":130,"column":20},"end":{"line":130,"column":45}},"line":130},"7":{"name":"(anonymous_7)","decl":{"start":{"line":133,"column":12},"end":{"line":133,"column":13}},"loc":{"start":{"line":133,"column":18},"end":{"line":144,"column":3}},"line":133},"8":{"name":"(anonymous_8)","decl":{"start":{"line":135,"column":10},"end":{"line":135,"column":11}},"loc":{"start":{"line":135,"column":23},"end":{"line":143,"column":5}},"line":135},"9":{"name":"(anonymous_9)","decl":{"start":{"line":138,"column":24},"end":{"line":138,"column":25}},"loc":{"start":{"line":138,"column":38},"end":{"line":140,"column":7}},"line":138},"10":{"name":"(anonymous_10)","decl":{"start":{"line":150,"column":28},"end":{"line":150,"column":29}},"loc":{"start":{"line":150,"column":34},"end":{"line":150,"column":61}},"line":150},"11":{"name":"(anonymous_11)","decl":{"start":{"line":150,"column":47},"end":{"line":150,"column":48}},"loc":{"start":{"line":150,"column":55},"end":{"line":150,"column":60}},"line":150},"12":{"name":"(anonymous_12)","decl":{"start":{"line":162,"column":85},"end":{"line":162,"column":86}},"loc":{"start":{"line":162,"column":92},"end":{"line":164,"column":19}},"line":162},"13":{"name":"(anonymous_13)","decl":{"start":{"line":166,"column":75},"end":{"line":166,"column":76}},"loc":{"start":{"line":166,"column":82},"end":{"line":168,"column":19}},"line":166},"14":{"name":"(anonymous_14)","decl":{"start":{"line":175,"column":39},"end":{"line":175,"column":40}},"loc":{"start":{"line":175,"column":49},"end":{"line":196,"column":19}},"line":175},"15":{"name":"(anonymous_15)","decl":{"start":{"line":180,"column":41},"end":{"line":180,"column":42}},"loc":{"start":{"line":181,"column":30},"end":{"line":191,"column":39}},"line":181},"16":{"name":"(anonymous_16)","decl":{"start":{"line":183,"column":96},"end":{"line":183,"column":97}},"loc":{"start":{"line":183,"column":103},"end":{"line":190,"column":33}},"line":183},"17":{"name":"(anonymous_17)","decl":{"start":{"line":201,"column":128},"end":{"line":201,"column":129}},"loc":{"start":{"line":201,"column":135},"end":{"line":201,"column":163}},"line":201},"18":{"name":"(anonymous_18)","decl":{"start":{"line":205,"column":159},"end":{"line":205,"column":160}},"loc":{"start":{"line":205,"column":166},"end":{"line":205,"column":191}},"line":205},"19":{"name":"(anonymous_19)","decl":{"start":{"line":210,"column":106},"end":{"line":210,"column":107}},"loc":{"start":{"line":210,"column":113},"end":{"line":217,"column":17}},"line":210},"20":{"name":"(anonymous_20)","decl":{"start":{"line":227,"column":129},"end":{"line":227,"column":130}},"loc":{"start":{"line":227,"column":136},"end":{"line":227,"column":165}},"line":227},"21":{"name":"(anonymous_21)","decl":{"start":{"line":232,"column":136},"end":{"line":232,"column":137}},"loc":{"start":{"line":232,"column":143},"end":{"line":232,"column":169}},"line":232},"22":{"name":"(anonymous_22)","decl":{"start":{"line":237,"column":37},"end":{"line":237,"column":38}},"loc":{"start":{"line":237,"column":43},"end":{"line":237,"column":70}},"line":237},"23":{"name":"(anonymous_23)","decl":{"start":{"line":237,"column":56},"end":{"line":237,"column":57}},"loc":{"start":{"line":237,"column":64},"end":{"line":237,"column":69}},"line":237}},"branchMap":{"0":{"loc":{"start":{"line":102,"column":4},"end":{"line":104,"column":5}},"type":"if","locations":[{"start":{"line":102,"column":4},"end":{"line":104,"column":5}},{"start":{},"end":{}}],"line":102},"1":{"loc":{"start":{"line":102,"column":9},"end":{"line":102,"column":32}},"type":"binary-expr","locations":[{"start":{"line":102,"column":9},"end":{"line":102,"column":19}},{"start":{"line":102,"column":23},"end":{"line":102,"column":32}}],"line":102},"2":{"loc":{"start":{"line":148,"column":7},"end":{"line":241,"column":14}},"type":"cond-expr","locations":[{"start":{"line":149,"column":8},"end":{"line":239,"column":16}},{"start":{"line":241,"column":10},"end":{"line":241,"column":14}}],"line":148},"3":{"loc":{"start":{"line":206,"column":17},"end":{"line":206,"column":130}},"type":"cond-expr","locations":[{"start":{"line":206,"column":36},"end":{"line":206,"column":99}},{"start":{"line":206,"column":102},"end":{"line":206,"column":130}}],"line":206},"4":{"loc":{"start":{"line":208,"column":15},"end":{"line":224,"column":25}},"type":"binary-expr","locations":[{"start":{"line":208,"column":15},"end":{"line":208,"column":28}},{"start":{"line":208,"column":32},"end":{"line":224,"column":25}}],"line":208},"5":{"loc":{"start":{"line":212,"column":18},"end":{"line":216,"column":19}},"type":"if","locations":[{"start":{"line":212,"column":18},"end":{"line":216,"column":19}},{"start":{"line":214,"column":25},"end":{"line":216,"column":19}}],"line":212},"6":{"loc":{"start":{"line":218,"column":17},"end":{"line":220,"column":27}},"type":"binary-expr","locations":[{"start":{"line":218,"column":17},"end":{"line":218,"column":30}},{"start":{"line":218,"column":34},"end":{"line":220,"column":27}}],"line":218},"7":{"loc":{"start":{"line":222,"column":19},"end":{"line":222,"column":99}},"type":"cond-expr","locations":[{"start":{"line":222,"column":37},"end":{"line":222,"column":66}},{"start":{"line":222,"column":69},"end":{"line":222,"column":99}}],"line":222}},"s":{"0":2,"1":2,"2":2,"3":2,"4":2,"5":2,"6":2,"7":2,"8":2,"9":1,"10":1,"11":1,"12":1,"13":1,"14":1,"15":1,"16":1,"17":1,"18":1,"19":1,"20":1,"21":1,"22":1,"23":0,"24":0,"25":1,"26":1,"27":1,"28":1,"29":1,"30":0,"31":0,"32":0,"33":0,"34":0,"35":0,"36":1,"37":1,"38":0,"39":0,"40":0,"41":0,"42":0,"43":0,"44":1,"45":0,"46":0,"47":0,"48":0,"49":0,"50":0,"51":0,"52":0,"53":0,"54":0,"55":0,"56":0,"57":0,"58":0,"59":0,"60":0,"61":0,"62":0,"63":0,"64":0,"65":0,"66":0,"67":0},"f":{"0":1,"1":0,"2":1,"3":1,"4":0,"5":0,"6":0,"7":1,"8":0,"9":0,"10":0,"11":0,"12":0,"13":0,"14":0,"15":0,"16":0,"17":0,"18":0,"19":0,"20":0,"21":0,"22":0,"23":0},"b":{"0":[0,0],"1":[0,0],"2":[0,1],"3":[0,0],"4":[0,0],"5":[0,0],"6":[0,0],"7":[0,0]},"_coverageSchema":"1a1c01bbd47fc00a2c39e90264f33305004495a9","hash":"1d4955a21123b7861b7c494d865afb86c795fef6"}
,"/home/isaac/FEC/FEC-Atelier/client/src/components/R&R/Overview.jsx": {"path":"/home/isaac/FEC/FEC-Atelier/client/src/components/R&R/Overview.jsx","statementMap":{"0":{"start":{"line":8,"column":18},"end":{"line":11,"column":1}},"1":{"start":{"line":13,"column":22},"end":{"line":98,"column":1}},"2":{"start":{"line":14,"column":13},"end":{"line":14,"column":35}},"3":{"start":{"line":15,"column":32},"end":{"line":55,"column":4}},"4":{"start":{"line":56,"column":40},"end":{"line":56,"column":60}},"5":{"start":{"line":57,"column":28},"end":{"line":57,"column":39}},"6":{"start":{"line":58,"column":32},"end":{"line":58,"column":44}},"7":{"start":{"line":62,"column":20},"end":{"line":74,"column":3}},"8":{"start":{"line":63,"column":4},"end":{"line":72,"column":8}},"9":{"start":{"line":66,"column":18},"end":{"line":66,"column":37}},"10":{"start":{"line":67,"column":8},"end":{"line":69,"column":9}},"11":{"start":{"line":68,"column":10},"end":{"line":68,"column":61}},"12":{"start":{"line":68,"column":38},"end":{"line":68,"column":58}},"13":{"start":{"line":70,"column":8},"end":{"line":70,"column":24}},"14":{"start":{"line":71,"column":8},"end":{"line":71,"column":29}},"15":{"start":{"line":73,"column":4},"end":{"line":73,"column":25}},"16":{"start":{"line":76,"column":2},"end":{"line":78,"column":18}},"17":{"start":{"line":77,"column":6},"end":{"line":77,"column":29}},"18":{"start":{"line":81,"column":2},"end":{"line":97,"column":3}}},"fnMap":{"0":{"name":"(anonymous_0)","decl":{"start":{"line":13,"column":22},"end":{"line":13,"column":23}},"loc":{"start":{"line":13,"column":33},"end":{"line":98,"column":1}},"line":13},"1":{"name":"(anonymous_1)","decl":{"start":{"line":62,"column":20},"end":{"line":62,"column":21}},"loc":{"start":{"line":62,"column":30},"end":{"line":74,"column":3}},"line":62},"2":{"name":"(anonymous_2)","decl":{"start":{"line":64,"column":12},"end":{"line":64,"column":13}},"loc":{"start":{"line":64,"column":24},"end":{"line":72,"column":7}},"line":64},"3":{"name":"(anonymous_3)","decl":{"start":{"line":68,"column":27},"end":{"line":68,"column":28}},"loc":{"start":{"line":68,"column":38},"end":{"line":68,"column":58}},"line":68},"4":{"name":"(anonymous_4)","decl":{"start":{"line":76,"column":12},"end":{"line":76,"column":13}},"loc":{"start":{"line":76,"column":18},"end":{"line":78,"column":5}},"line":76}},"branchMap":{"0":{"loc":{"start":{"line":67,"column":8},"end":{"line":69,"column":9}},"type":"if","locations":[{"start":{"line":67,"column":8},"end":{"line":69,"column":9}},{"start":{},"end":{}}],"line":67}},"s":{"0":2,"1":2,"2":2,"3":1,"4":1,"5":1,"6":1,"7":1,"8":1,"9":0,"10":0,"11":0,"12":0,"13":0,"14":0,"15":1,"16":1,"17":1,"18":1},"f":{"0":2,"1":1,"2":0,"3":0,"4":1},"b":{"0":[0,0]},"_coverageSchema":"1a1c01bbd47fc00a2c39e90264f33305004495a9","hash":"baec9506330258efa262ab50aa1454d9711085ca"}
,"/home/isaac/FEC/FEC-Atelier/client/src/components/R&R/ProductBreakdown.jsx": {"path":"/home/isaac/FEC/FEC-Atelier/client/src/components/R&R/ProductBreakdown.jsx","statementMap":{"0":{"start":{"line":8,"column":22},"end":{"line":13,"column":1}},"1":{"start":{"line":15,"column":18},"end":{"line":21,"column":1}},"2":{"start":{"line":23,"column":17},"end":{"line":27,"column":1}},"3":{"start":{"line":29,"column":12},"end":{"line":33,"column":1}},"4":{"start":{"line":35,"column":13},"end":{"line":40,"column":1}},"5":{"start":{"line":42,"column":14},"end":{"line":44,"column":1}},"6":{"start":{"line":56,"column":17},"end":{"line":65,"column":1}},"7":{"start":{"line":67,"column":25},"end":{"line":98,"column":1}},"8":{"start":{"line":68,"column":28},"end":{"line":68,"column":40}},"9":{"start":{"line":70,"column":2},"end":{"line":76,"column":8}},"10":{"start":{"line":71,"column":4},"end":{"line":75,"column":6}},"11":{"start":{"line":73,"column":23},"end":{"line":73,"column":51}},"12":{"start":{"line":74,"column":6},"end":{"line":74,"column":27}},"13":{"start":{"line":78,"column":2},"end":{"line":97,"column":3}},"14":{"start":{"line":81,"column":20},"end":{"line":81,"column":86}},"15":{"start":{"line":82,"column":6},"end":{"line":94,"column":15}}},"fnMap":{"0":{"name":"(anonymous_0)","decl":{"start":{"line":67,"column":25},"end":{"line":67,"column":26}},"loc":{"start":{"line":67,"column":35},"end":{"line":98,"column":1}},"line":67},"1":{"name":"(anonymous_1)","decl":{"start":{"line":70,"column":12},"end":{"line":70,"column":13}},"loc":{"start":{"line":70,"column":18},"end":{"line":76,"column":3}},"line":70},"2":{"name":"(anonymous_2)","decl":{"start":{"line":72,"column":10},"end":{"line":72,"column":11}},"loc":{"start":{"line":72,"column":23},"end":{"line":75,"column":5}},"line":72},"3":{"name":"(anonymous_3)","decl":{"start":{"line":80,"column":28},"end":{"line":80,"column":29}},"loc":{"start":{"line":80,"column":37},"end":{"line":95,"column":5}},"line":80}},"branchMap":{},"s":{"0":2,"1":2,"2":2,"3":2,"4":2,"5":2,"6":2,"7":2,"8":1,"9":1,"10":1,"11":0,"12":0,"13":1,"14":0,"15":0},"f":{"0":1,"1":1,"2":0,"3":0},"b":{},"_coverageSchema":"1a1c01bbd47fc00a2c39e90264f33305004495a9","hash":"b3dee8e451297c4751395ebec61f130a9e19db06"}
,"/home/isaac/FEC/FEC-Atelier/client/src/components/R&R/Rate.jsx": {"path":"/home/isaac/FEC/FEC-Atelier/client/src/components/R&R/Rate.jsx","statementMap":{"0":{"start":{"line":4,"column":18},"end":{"line":10,"column":3}},"1":{"start":{"line":11,"column":16},"end":{"line":13,"column":3}},"2":{"start":{"line":14,"column":17},"end":{"line":16,"column":3}},"3":{"start":{"line":18,"column":13},"end":{"line":54,"column":1}},"4":{"start":{"line":19,"column":17},"end":{"line":25,"column":3}},"5":{"start":{"line":26,"column":2},"end":{"line":53,"column":4}},"6":{"start":{"line":29,"column":28},"end":{"line":29,"column":37}},"7":{"start":{"line":30,"column":8},"end":{"line":49,"column":10}},"8":{"start":{"line":36,"column":16},"end":{"line":36,"column":37}}},"fnMap":{"0":{"name":"(anonymous_0)","decl":{"start":{"line":18,"column":13},"end":{"line":18,"column":14}},"loc":{"start":{"line":18,"column":34},"end":{"line":54,"column":1}},"line":18},"1":{"name":"(anonymous_1)","decl":{"start":{"line":28,"column":25},"end":{"line":28,"column":26}},"loc":{"start":{"line":28,"column":42},"end":{"line":50,"column":7}},"line":28},"2":{"name":"(anonymous_2)","decl":{"start":{"line":35,"column":23},"end":{"line":35,"column":24}},"loc":{"start":{"line":35,"column":29},"end":{"line":37,"column":15}},"line":35}},"branchMap":{"0":{"loc":{"start":{"line":42,"column":18},"end":{"line":44,"column":29}},"type":"cond-expr","locations":[{"start":{"line":43,"column":22},"end":{"line":43,"column":28}},{"start":{"line":44,"column":22},"end":{"line":44,"column":29}}],"line":42},"1":{"loc":{"start":{"line":42,"column":18},"end":{"line":42,"column":60}},"type":"binary-expr","locations":[{"start":{"line":42,"column":18},"end":{"line":42,"column":36}},{"start":{"line":42,"column":40},"end":{"line":42,"column":60}}],"line":42},"2":{"loc":{"start":{"line":51,"column":7},"end":{"line":51,"column":42}},"type":"binary-expr","locations":[{"start":{"line":51,"column":7},"end":{"line":51,"column":11}},{"start":{"line":51,"column":15},"end":{"line":51,"column":42}}],"line":51}},"s":{"0":2,"1":2,"2":2,"3":2,"4":0,"5":0,"6":0,"7":0,"8":0},"f":{"0":0,"1":0,"2":0},"b":{"0":[0,0],"1":[0,0],"2":[0,0]},"_coverageSchema":"1a1c01bbd47fc00a2c39e90264f33305004495a9","hash":"a5c504d6aac7e6fcb350ebda4d126a0d4533f74e"}
,"/home/isaac/FEC/FEC-Atelier/client/src/components/R&R/Ratings.jsx": {"path":"/home/isaac/FEC/FEC-Atelier/client/src/components/R&R/Ratings.jsx","statementMap":{"0":{"start":{"line":11,"column":18},"end":{"line":16,"column":3}},"1":{"start":{"line":18,"column":20},"end":{"line":20,"column":3}},"2":{"start":{"line":22,"column":21},"end":{"line":25,"column":3}},"3":{"start":{"line":27,"column":16},"end":{"line":70,"column":1}},"4":{"start":{"line":28,"column":13},"end":{"line":28,"column":35}},"5":{"start":{"line":30,"column":24},"end":{"line":30,"column":38}},"6":{"start":{"line":31,"column":32},"end":{"line":31,"column":46}},"7":{"start":{"line":32,"column":32},"end":{"line":32,"column":77}},"8":{"start":{"line":34,"column":2},"end":{"line":43,"column":8}},"9":{"start":{"line":35,"column":4},"end":{"line":42,"column":6}},"10":{"start":{"line":37,"column":6},"end":{"line":37,"column":26}},"11":{"start":{"line":38,"column":28},"end":{"line":38,"column":51}},"12":{"start":{"line":39,"column":6},"end":{"line":39,"column":28}},"13":{"start":{"line":40,"column":6},"end":{"line":40,"column":47}},"14":{"start":{"line":41,"column":6},"end":{"line":41,"column":31}},"15":{"start":{"line":45,"column":2},"end":{"line":69,"column":3}}},"fnMap":{"0":{"name":"(anonymous_0)","decl":{"start":{"line":27,"column":16},"end":{"line":27,"column":17}},"loc":{"start":{"line":27,"column":27},"end":{"line":70,"column":1}},"line":27},"1":{"name":"(anonymous_1)","decl":{"start":{"line":34,"column":12},"end":{"line":34,"column":13}},"loc":{"start":{"line":34,"column":18},"end":{"line":43,"column":3}},"line":34},"2":{"name":"(anonymous_2)","decl":{"start":{"line":36,"column":10},"end":{"line":36,"column":11}},"loc":{"start":{"line":36,"column":23},"end":{"line":42,"column":5}},"line":36}},"branchMap":{"0":{"loc":{"start":{"line":49,"column":9},"end":{"line":49,"column":44}},"type":"binary-expr","locations":[{"start":{"line":49,"column":9},"end":{"line":49,"column":12}},{"start":{"line":49,"column":16},"end":{"line":49,"column":44}}],"line":49},"1":{"loc":{"start":{"line":52,"column":7},"end":{"line":52,"column":100}},"type":"binary-expr","locations":[{"start":{"line":52,"column":7},"end":{"line":52,"column":14}},{"start":{"line":52,"column":18},"end":{"line":52,"column":100}}],"line":52}},"s":{"0":2,"1":2,"2":2,"3":2,"4":2,"5":1,"6":1,"7":1,"8":1,"9":1,"10":0,"11":0,"12":0,"13":0,"14":0,"15":1},"f":{"0":2,"1":1,"2":0},"b":{"0":[1,0],"1":[1,0]},"_coverageSchema":"1a1c01bbd47fc00a2c39e90264f33305004495a9","hash":"be56fb7d0689a13e33f9e639c10b83b7ad817a35"}
,"/home/isaac/FEC/FEC-Atelier/client/src/components/R&R/ReviewTile.jsx": {"path":"/home/isaac/FEC/FEC-Atelier/client/src/components/R&R/ReviewTile.jsx","statementMap":{"0":{"start":{"line":14,"column":15},"end":{"line":18,"column":3}},"1":{"start":{"line":20,"column":15},"end":{"line":24,"column":3}},"2":{"start":{"line":26,"column":18},"end":{"line":29,"column":3}},"3":{"start":{"line":31,"column":22},"end":{"line":41,"column":3}},"4":{"start":{"line":43,"column":18},"end":{"line":46,"column":3}},"5":{"start":{"line":48,"column":15},"end":{"line":51,"column":3}},"6":{"start":{"line":53,"column":17},"end":{"line":55,"column":3}},"7":{"start":{"line":57,"column":16},"end":{"line":63,"column":3}},"8":{"start":{"line":65,"column":19},"end":{"line":68,"column":3}},"9":{"start":{"line":70,"column":19},"end":{"line":179,"column":1}},"10":{"start":{"line":71,"column":34},"end":{"line":71,"column":62}},"11":{"start":{"line":72,"column":32},"end":{"line":72,"column":43}},"12":{"start":{"line":73,"column":28},"end":{"line":73,"column":43}},"13":{"start":{"line":74,"column":24},"end":{"line":74,"column":36}},"14":{"start":{"line":75,"column":34},"end":{"line":75,"column":49}},"15":{"start":{"line":76,"column":34},"end":{"line":76,"column":49}},"16":{"start":{"line":77,"column":36},"end":{"line":77,"column":51}},"17":{"start":{"line":79,"column":22},"end":{"line":82,"column":3}},"18":{"start":{"line":80,"column":4},"end":{"line":80,"column":32}},"19":{"start":{"line":81,"column":4},"end":{"line":81,"column":21}},"20":{"start":{"line":84,"column":2},"end":{"line":88,"column":3}},"21":{"start":{"line":85,"column":4},"end":{"line":85,"column":48}},"22":{"start":{"line":87,"column":4},"end":{"line":87,"column":51}},"23":{"start":{"line":90,"column":24},"end":{"line":98,"column":3}},"24":{"start":{"line":91,"column":4},"end":{"line":97,"column":5}},"25":{"start":{"line":92,"column":6},"end":{"line":96,"column":8}},"26":{"start":{"line":94,"column":8},"end":{"line":94,"column":32}},"27":{"start":{"line":95,"column":8},"end":{"line":95,"column":26}},"28":{"start":{"line":100,"column":26},"end":{"line":105,"column":3}},"29":{"start":{"line":101,"column":4},"end":{"line":104,"column":5}},"30":{"start":{"line":102,"column":6},"end":{"line":102,"column":28}},"31":{"start":{"line":103,"column":6},"end":{"line":103,"column":24}},"32":{"start":{"line":107,"column":24},"end":{"line":114,"column":3}},"33":{"start":{"line":108,"column":4},"end":{"line":113,"column":5}},"34":{"start":{"line":109,"column":6},"end":{"line":112,"column":8}},"35":{"start":{"line":111,"column":8},"end":{"line":111,"column":26}},"36":{"start":{"line":116,"column":2},"end":{"line":177,"column":3}},"37":{"start":{"line":139,"column":54},"end":{"line":139,"column":72}},"38":{"start":{"line":146,"column":12},"end":{"line":150,"column":20}}},"fnMap":{"0":{"name":"(anonymous_0)","decl":{"start":{"line":70,"column":19},"end":{"line":70,"column":20}},"loc":{"start":{"line":70,"column":33},"end":{"line":179,"column":1}},"line":70},"1":{"name":"(anonymous_1)","decl":{"start":{"line":79,"column":22},"end":{"line":79,"column":23}},"loc":{"start":{"line":79,"column":29},"end":{"line":82,"column":3}},"line":79},"2":{"name":"(anonymous_2)","decl":{"start":{"line":90,"column":24},"end":{"line":90,"column":25}},"loc":{"start":{"line":90,"column":30},"end":{"line":98,"column":3}},"line":90},"3":{"name":"(anonymous_3)","decl":{"start":{"line":93,"column":12},"end":{"line":93,"column":13}},"loc":{"start":{"line":93,"column":24},"end":{"line":96,"column":7}},"line":93},"4":{"name":"(anonymous_4)","decl":{"start":{"line":100,"column":26},"end":{"line":100,"column":27}},"loc":{"start":{"line":100,"column":32},"end":{"line":105,"column":3}},"line":100},"5":{"name":"(anonymous_5)","decl":{"start":{"line":107,"column":24},"end":{"line":107,"column":25}},"loc":{"start":{"line":107,"column":30},"end":{"line":114,"column":3}},"line":107},"6":{"name":"(anonymous_6)","decl":{"start":{"line":110,"column":12},"end":{"line":110,"column":13}},"loc":{"start":{"line":110,"column":24},"end":{"line":112,"column":7}},"line":110},"7":{"name":"(anonymous_7)","decl":{"start":{"line":139,"column":47},"end":{"line":139,"column":48}},"loc":{"start":{"line":139,"column":53},"end":{"line":139,"column":73}},"line":139},"8":{"name":"(anonymous_8)","decl":{"start":{"line":145,"column":29},"end":{"line":145,"column":30}},"loc":{"start":{"line":146,"column":12},"end":{"line":150,"column":20}},"line":146}},"branchMap":{"0":{"loc":{"start":{"line":84,"column":2},"end":{"line":88,"column":3}},"type":"if","locations":[{"start":{"line":84,"column":2},"end":{"line":88,"column":3}},{"start":{"line":86,"column":9},"end":{"line":88,"column":3}}],"line":84},"1":{"loc":{"start":{"line":91,"column":4},"end":{"line":97,"column":5}},"type":"if","locations":[{"start":{"line":91,"column":4},"end":{"line":97,"column":5}},{"start":{},"end":{}}],"line":91},"2":{"loc":{"start":{"line":101,"column":4},"end":{"line":104,"column":5}},"type":"if","locations":[{"start":{"line":101,"column":4},"end":{"line":104,"column":5}},{"start":{},"end":{}}],"line":101},"3":{"loc":{"start":{"line":108,"column":4},"end":{"line":113,"column":5}},"type":"if","locations":[{"start":{"line":108,"column":4},"end":{"line":113,"column":5}},{"start":{},"end":{}}],"line":108},"4":{"loc":{"start":{"line":124,"column":9},"end":{"line":125,"column":69}},"type":"binary-expr","locations":[{"start":{"line":124,"column":9},"end":{"line":124,"column":20}},{"start":{"line":125,"column":8},"end":{"line":125,"column":69}}],"line":124},"5":{"loc":{"start":{"line":128,"column":9},"end":{"line":130,"column":31}},"type":"cond-expr","locations":[{"start":{"line":129,"column":8},"end":{"line":129,"column":50}},{"start":{"line":130,"column":8},"end":{"line":130,"column":31}}],"line":128},"6":{"loc":{"start":{"line":133,"column":9},"end":{"line":141,"column":14}},"type":"cond-expr","locations":[{"start":{"line":134,"column":8},"end":{"line":136,"column":14}},{"start":{"line":137,"column":8},"end":{"line":141,"column":14}}],"line":133},"7":{"loc":{"start":{"line":139,"column":11},"end":{"line":139,"column":98}},"type":"binary-expr","locations":[{"start":{"line":139,"column":11},"end":{"line":139,"column":21}},{"start":{"line":139,"column":25},"end":{"line":139,"column":98}}],"line":139},"8":{"loc":{"start":{"line":140,"column":11},"end":{"line":140,"column":65}},"type":"binary-expr","locations":[{"start":{"line":140,"column":11},"end":{"line":140,"column":20}},{"start":{"line":140,"column":24},"end":{"line":140,"column":65}}],"line":140},"9":{"loc":{"start":{"line":143,"column":7},"end":{"line":153,"column":17}},"type":"binary-expr","locations":[{"start":{"line":143,"column":7},"end":{"line":143,"column":33}},{"start":{"line":144,"column":8},"end":{"line":153,"column":17}}],"line":143},"10":{"loc":{"start":{"line":152,"column":11},"end":{"line":152,"column":70}},"type":"binary-expr","locations":[{"start":{"line":152,"column":11},"end":{"line":152,"column":16}},{"start":{"line":152,"column":20},"end":{"line":152,"column":70}}],"line":152},"11":{"loc":{"start":{"line":155,"column":9},"end":{"line":155,"column":105}},"type":"binary-expr","locations":[{"start":{"line":155,"column":9},"end":{"line":155,"column":34}},{"start":{"line":155,"column":38},"end":{"line":155,"column":105}}],"line":155},"12":{"loc":{"start":{"line":157,"column":7},"end":{"line":161,"column":17}},"type":"binary-expr","locations":[{"start":{"line":157,"column":7},"end":{"line":157,"column":22}},{"start":{"line":158,"column":6},"end":{"line":161,"column":17}}],"line":157},"13":{"loc":{"start":{"line":171,"column":11},"end":{"line":171,"column":90}},"type":"binary-expr","locations":[{"start":{"line":171,"column":11},"end":{"line":171,"column":20}},{"start":{"line":171,"column":24},"end":{"line":171,"column":90}}],"line":171},"14":{"loc":{"start":{"line":172,"column":11},"end":{"line":172,"column":44}},"type":"binary-expr","locations":[{"start":{"line":172,"column":11},"end":{"line":172,"column":19}},{"start":{"line":172,"column":23},"end":{"line":172,"column":44}}],"line":172}},"s":{"0":2,"1":2,"2":2,"3":2,"4":2,"5":2,"6":2,"7":2,"8":2,"9":2,"10":2,"11":2,"12":2,"13":2,"14":2,"15":2,"16":2,"17":2,"18":0,"19":0,"20":2,"21":0,"22":2,"23":2,"24":0,"25":0,"26":0,"27":0,"28":2,"29":0,"30":0,"31":0,"32":2,"33":0,"34":0,"35":0,"36":2,"37":0,"38":5},"f":{"0":2,"1":0,"2":0,"3":0,"4":0,"5":0,"6":0,"7":0,"8":5},"b":{"0":[0,2],"1":[0,0],"2":[0,0],"3":[0,0],"4":[2,2],"5":[1,1],"6":[1,1],"7":[1,1],"8":[1,0],"9":[2,1],"10":[1,0],"11":[2,0],"12":[2,2],"13":[2,2],"14":[2,0]},"_coverageSchema":"1a1c01bbd47fc00a2c39e90264f33305004495a9","hash":"ce8d4a056e95d68020e84abef11a889bd0945f1e"}
,"/home/isaac/FEC/FEC-Atelier/client/src/components/R&R/Reviews.jsx": {"path":"/home/isaac/FEC/FEC-Atelier/client/src/components/R&R/Reviews.jsx","statementMap":{"0":{"start":{"line":9,"column":15},"end":{"line":19,"column":3}},"1":{"start":{"line":21,"column":18},"end":{"line":30,"column":3}},"2":{"start":{"line":32,"column":15},"end":{"line":34,"column":3}},"3":{"start":{"line":36,"column":20},"end":{"line":41,"column":3}},"4":{"start":{"line":43,"column":19},"end":{"line":52,"column":3}},"5":{"start":{"line":54,"column":16},"end":{"line":91,"column":1}},"6":{"start":{"line":55,"column":42},"end":{"line":55,"column":53}},"7":{"start":{"line":56,"column":36},"end":{"line":56,"column":51}},"8":{"start":{"line":58,"column":20},"end":{"line":60,"column":3}},"9":{"start":{"line":59,"column":4},"end":{"line":59,"column":32}},"10":{"start":{"line":59,"column":25},"end":{"line":59,"column":30}},"11":{"start":{"line":62,"column":21},"end":{"line":64,"column":3}},"12":{"start":{"line":63,"column":4},"end":{"line":63,"column":24}},"13":{"start":{"line":66,"column":2},"end":{"line":90,"column":7}},"14":{"start":{"line":73,"column":70},"end":{"line":73,"column":95}},"15":{"start":{"line":81,"column":12},"end":{"line":81,"column":53}},"16":{"start":{"line":85,"column":10},"end":{"line":85,"column":43}}},"fnMap":{"0":{"name":"(anonymous_0)","decl":{"start":{"line":54,"column":16},"end":{"line":54,"column":17}},"loc":{"start":{"line":54,"column":62},"end":{"line":91,"column":1}},"line":54},"1":{"name":"(anonymous_1)","decl":{"start":{"line":58,"column":20},"end":{"line":58,"column":21}},"loc":{"start":{"line":58,"column":26},"end":{"line":60,"column":3}},"line":58},"2":{"name":"(anonymous_2)","decl":{"start":{"line":59,"column":17},"end":{"line":59,"column":18}},"loc":{"start":{"line":59,"column":25},"end":{"line":59,"column":30}},"line":59},"3":{"name":"(anonymous_3)","decl":{"start":{"line":62,"column":21},"end":{"line":62,"column":22}},"loc":{"start":{"line":62,"column":27},"end":{"line":64,"column":3}},"line":62},"4":{"name":"(anonymous_4)","decl":{"start":{"line":73,"column":62},"end":{"line":73,"column":63}},"loc":{"start":{"line":73,"column":69},"end":{"line":73,"column":96}},"line":73},"5":{"name":"(anonymous_5)","decl":{"start":{"line":80,"column":46},"end":{"line":80,"column":47}},"loc":{"start":{"line":81,"column":12},"end":{"line":81,"column":53}},"line":81},"6":{"name":"(anonymous_6)","decl":{"start":{"line":84,"column":50},"end":{"line":84,"column":51}},"loc":{"start":{"line":84,"column":56},"end":{"line":86,"column":9}},"line":84}},"branchMap":{"0":{"loc":{"start":{"line":84,"column":9},"end":{"line":86,"column":32}},"type":"binary-expr","locations":[{"start":{"line":84,"column":9},"end":{"line":84,"column":29}},{"start":{"line":84,"column":33},"end":{"line":86,"column":32}}],"line":84}},"s":{"0":2,"1":2,"2":2,"3":2,"4":2,"5":2,"6":1,"7":1,"8":1,"9":0,"10":0,"11":1,"12":0,"13":1,"14":0,"15":2,"16":0},"f":{"0":1,"1":0,"2":0,"3":0,"4":0,"5":2,"6":0},"b":{"0":[1,0]},"_coverageSchema":"1a1c01bbd47fc00a2c39e90264f33305004495a9","hash":"d02957bdf5ca7d27f17e4947d479487296259762"}
,"/home/isaac/FEC/FEC-Atelier/client/src/components/R&R/Stars.jsx": {"path":"/home/isaac/FEC/FEC-Atelier/client/src/components/R&R/Stars.jsx","statementMap":{"0":{"start":{"line":3,"column":14},"end":{"line":9,"column":1}},"1":{"start":{"line":4,"column":2},"end":{"line":8,"column":3}}},"fnMap":{"0":{"name":"(anonymous_0)","decl":{"start":{"line":3,"column":14},"end":{"line":3,"column":15}},"loc":{"start":{"line":3,"column":28},"end":{"line":9,"column":1}},"line":3}},"branchMap":{},"s":{"0":3,"1":3},"f":{"0":3},"b":{},"_coverageSchema":"1a1c01bbd47fc00a2c39e90264f33305004495a9","hash":"9da1bfc8c17d0a3b0b0e4376155af6ea2d5abffc"}
,"/home/isaac/FEC/FEC-Atelier/client/src/components/R&R/Legends/Characteristics.jsx": {"path":"/home/isaac/FEC/FEC-Atelier/client/src/components/R&R/Legends/Characteristics.jsx","statementMap":{"0":{"start":{"line":1,"column":19},"end":{"line":44,"column":1}}},"fnMap":{},"branchMap":{},"s":{"0":2},"f":{},"b":{},"_coverageSchema":"1a1c01bbd47fc00a2c39e90264f33305004495a9","hash":"60f5c39a27e28c58f78dfad2ab1c081ec37d1c4e"}
,"/home/isaac/FEC/FEC-Atelier/client/src/components/RelatedItems/Main.jsx": {"path":"/home/isaac/FEC/FEC-Atelier/client/src/components/RelatedItems/Main.jsx","statementMap":{"0":{"start":{"line":7,"column":24},"end":{"line":110,"column":1}},"1":{"start":{"line":8,"column":13},"end":{"line":8,"column":35}},"2":{"start":{"line":18,"column":26},"end":{"line":99,"column":4}},"3":{"start":{"line":101,"column":2},"end":{"line":109,"column":3}}},"fnMap":{"0":{"name":"(anonymous_0)","decl":{"start":{"line":7,"column":24},"end":{"line":7,"column":25}},"loc":{"start":{"line":7,"column":35},"end":{"line":110,"column":1}},"line":7}},"branchMap":{},"s":{"0":2,"1":7,"2":1,"3":1},"f":{"0":7},"b":{},"_coverageSchema":"1a1c01bbd47fc00a2c39e90264f33305004495a9","hash":"d130c0e1504a8b5c1ed3279a1767e14ab6e61f63"}
,"/home/isaac/FEC/FEC-Atelier/client/src/components/RelatedItems/ProductCard.jsx": {"path":"/home/isaac/FEC/FEC-Atelier/client/src/components/RelatedItems/ProductCard.jsx","statementMap":{"0":{"start":{"line":8,"column":21},"end":{"line":17,"column":1}},"1":{"start":{"line":19,"column":22},"end":{"line":23,"column":1}},"2":{"start":{"line":25,"column":21},"end":{"line":35,"column":1}},"3":{"start":{"line":37,"column":13},"end":{"line":39,"column":1}},"4":{"start":{"line":41,"column":23},"end":{"line":43,"column":1}},"5":{"start":{"line":45,"column":20},"end":{"line":69,"column":1}},"6":{"start":{"line":46,"column":2},"end":{"line":68,"column":3}}},"fnMap":{"0":{"name":"(anonymous_0)","decl":{"start":{"line":45,"column":20},"end":{"line":45,"column":21}},"loc":{"start":{"line":45,"column":46},"end":{"line":69,"column":1}},"line":45}},"branchMap":{},"s":{"0":2,"1":2,"2":2,"3":2,"4":2,"5":2,"6":8},"f":{"0":8},"b":{},"_coverageSchema":"1a1c01bbd47fc00a2c39e90264f33305004495a9","hash":"3a95ae3542a509be2a2d0e725f59dc800b797f53"}
,"/home/isaac/FEC/FEC-Atelier/client/src/components/RelatedItems/ProductsList.jsx": {"path":"/home/isaac/FEC/FEC-Atelier/client/src/components/RelatedItems/ProductsList.jsx","statementMap":{"0":{"start":{"line":6,"column":17},"end":{"line":8,"column":1}},"1":{"start":{"line":10,"column":14},"end":{"line":13,"column":1}},"2":{"start":{"line":15,"column":19},"end":{"line":18,"column":1}},"3":{"start":{"line":20,"column":24},"end":{"line":22,"column":1}},"4":{"start":{"line":24,"column":21},"end":{"line":61,"column":1}},"5":{"start":{"line":25,"column":13},"end":{"line":25,"column":35}},"6":{"start":{"line":26,"column":40},"end":{"line":26,"column":51}},"7":{"start":{"line":28,"column":22},"end":{"line":37,"column":3}},"8":{"start":{"line":31,"column":4},"end":{"line":35,"column":5}},"9":{"start":{"line":32,"column":6},"end":{"line":32,"column":19}},"10":{"start":{"line":33,"column":11},"end":{"line":35,"column":5}},"11":{"start":{"line":34,"column":6},"end":{"line":34,"column":36}},"12":{"start":{"line":36,"column":4},"end":{"line":36,"column":29}},"13":{"start":{"line":39,"column":2},"end":{"line":60,"column":3}},"14":{"start":{"line":44,"column":10},"end":{"line":48,"column":14}},"15":{"start":{"line":52,"column":41},"end":{"line":52,"column":70}},"16":{"start":{"line":55,"column":41},"end":{"line":55,"column":70}}},"fnMap":{"0":{"name":"(anonymous_0)","decl":{"start":{"line":24,"column":21},"end":{"line":24,"column":22}},"loc":{"start":{"line":24,"column":33},"end":{"line":61,"column":1}},"line":24},"1":{"name":"(anonymous_1)","decl":{"start":{"line":28,"column":22},"end":{"line":28,"column":23}},"loc":{"start":{"line":28,"column":36},"end":{"line":37,"column":3}},"line":28},"2":{"name":"(anonymous_2)","decl":{"start":{"line":43,"column":18},"end":{"line":43,"column":19}},"loc":{"start":{"line":43,"column":31},"end":{"line":49,"column":9}},"line":43},"3":{"name":"(anonymous_3)","decl":{"start":{"line":52,"column":34},"end":{"line":52,"column":35}},"loc":{"start":{"line":52,"column":40},"end":{"line":52,"column":71}},"line":52},"4":{"name":"(anonymous_4)","decl":{"start":{"line":55,"column":34},"end":{"line":55,"column":35}},"loc":{"start":{"line":55,"column":40},"end":{"line":55,"column":71}},"line":55}},"branchMap":{"0":{"loc":{"start":{"line":31,"column":4},"end":{"line":35,"column":5}},"type":"if","locations":[{"start":{"line":31,"column":4},"end":{"line":35,"column":5}},{"start":{"line":33,"column":11},"end":{"line":35,"column":5}}],"line":31},"1":{"loc":{"start":{"line":33,"column":11},"end":{"line":35,"column":5}},"type":"if","locations":[{"start":{"line":33,"column":11},"end":{"line":35,"column":5}},{"start":{},"end":{}}],"line":33}},"s":{"0":2,"1":2,"2":2,"3":2,"4":2,"5":1,"6":1,"7":1,"8":0,"9":0,"10":0,"11":0,"12":0,"13":1,"14":8,"15":0,"16":0},"f":{"0":1,"1":0,"2":8,"3":0,"4":0},"b":{"0":[0,0],"1":[0,0]},"_coverageSchema":"1a1c01bbd47fc00a2c39e90264f33305004495a9","hash":"ce82ad63e5e16f822c275f225bd8f556a1294516"}
[...]
,"/home/isaac/FEC/FEC-Atelier/client/src/components/overview/IconGall.jsx": {"path":"/home/isaac/FEC/FEC-Atelier/client/src/components/overview/IconGall.jsx","statementMap":{"0":{"start":{"line":5,"column":16},"end":{"line":13,"column":1}},"1":{"start":{"line":15,"column":19},"end":{"line":17,"column":1}},"2":{"start":{"line":19,"column":18},"end":{"line":26,"column":1}},"3":{"start":{"line":28,"column":23},"end":{"line":35,"column":1}},"4":{"start":{"line":38,"column":17},"end":{"line":69,"column":1}},"5":{"start":{"line":39,"column":28},"end":{"line":60,"column":8}},"6":{"start":{"line":42,"column":4},"end":{"line":54,"column":5}},"7":{"start":{"line":43,"column":6},"end":{"line":47,"column":8}},"8":{"start":{"line":44,"column":35},"end":{"line":44,"column":52}},"9":{"start":{"line":49,"column":6},"end":{"line":53,"column":8}},"10":{"start":{"line":50,"column":35},"end":{"line":50,"column":52}},"11":{"start":{"line":57,"column":6},"end":{"line":57,"column":35}},"12":{"start":{"line":59,"column":4},"end":{"line":59,"column":20}},"13":{"start":{"line":62,"column":2},"end":{"line":68,"column":4}}},"fnMap":{"0":{"name":"(anonymous_0)","decl":{"start":{"line":38,"column":17},"end":{"line":38,"column":18}},"loc":{"start":{"line":38,"column":54},"end":{"line":69,"column":1}},"line":38},"1":{"name":"(anonymous_1)","decl":{"start":{"line":39,"column":42},"end":{"line":39,"column":43}},"loc":{"start":{"line":39,"column":77},"end":{"line":60,"column":3}},"line":39},"2":{"name":"(anonymous_2)","decl":{"start":{"line":44,"column":29},"end":{"line":44,"column":30}},"loc":{"start":{"line":44,"column":35},"end":{"line":44,"column":52}},"line":44},"3":{"name":"(anonymous_3)","decl":{"start":{"line":50,"column":29},"end":{"line":50,"column":30}},"loc":{"start":{"line":50,"column":35},"end":{"line":50,"column":52}},"line":50}},"branchMap":{"0":{"loc":{"start":{"line":42,"column":4},"end":{"line":54,"column":5}},"type":"if","locations":[{"start":{"line":42,"column":4},"end":{"line":54,"column":5}},{"start":{"line":48,"column":11},"end":{"line":54,"column":5}}],"line":42}},"s":{"0":2,"1":2,"2":2,"3":2,"4":2,"5":0,"6":0,"7":0,"8":0,"9":0,"10":0,"11":0,"12":0,"13":0},"f":{"0":0,"1":0,"2":0,"3":0},"b":{"0":[0,0]},"_coverageSchema":"1a1c01bbd47fc00a2c39e90264f33305004495a9","hash":"701bf4d9dddbca44e74cdb3d4036a69da1230eea"}
,"/home/isaac/FEC/FEC-Atelier/client/src/components/overview/Overview.jsx": {"path":"/home/isaac/FEC/FEC-Atelier/client/src/components/overview/Overview.jsx","statementMap":{"0":{"start":{"line":10,"column":18},"end":{"line":15,"column":1}},"1":{"start":{"line":17,"column":15},"end":{"line":22,"column":1}},"2":{"start":{"line":23,"column":15},"end":{"line":29,"column":1}},"3":{"start":{"line":31,"column":17},"end":{"line":80,"column":1}},"4":{"start":{"line":32,"column":13},"end":{"line":32,"column":35}},"5":{"start":{"line":33,"column":32},"end":{"line":33,"column":44}},"6":{"start":{"line":34,"column":30},"end":{"line":34,"column":42}},"7":{"start":{"line":35,"column":32},"end":{"line":35,"column":44}},"8":{"start":{"line":36,"column":42},"end":{"line":36,"column":54}},"9":{"start":{"line":37,"column":42},"end":{"line":37,"column":57}},"10":{"start":{"line":39,"column":2},"end":{"line":50,"column":9}},"11":{"start":{"line":40,"column":21},"end":{"line":40,"column":49}},"12":{"start":{"line":41,"column":20},"end":{"line":41,"column":55}},"13":{"start":{"line":42,"column":21},"end":{"line":42,"column":65}},"14":{"start":{"line":44,"column":4},"end":{"line":49,"column":41}},"15":{"start":{"line":45,"column":6},"end":{"line":45,"column":34}},"16":{"start":{"line":46,"column":6},"end":{"line":46,"column":33}},"17":{"start":{"line":47,"column":6},"end":{"line":47,"column":34}},"18":{"start":{"line":48,"column":6},"end":{"line":48,"column":50}},"19":{"start":{"line":49,"column":23},"end":{"line":49,"column":39}},"20":{"start":{"line":52,"column":2},"end":{"line":79,"column":4}}},"fnMap":{"0":{"name":"(anonymous_0)","decl":{"start":{"line":31,"column":17},"end":{"line":31,"column":18}},"loc":{"start":{"line":31,"column":28},"end":{"line":80,"column":1}},"line":31},"1":{"name":"(anonymous_1)","decl":{"start":{"line":39,"column":12},"end":{"line":39,"column":13}},"loc":{"start":{"line":39,"column":18},"end":{"line":50,"column":3}},"line":39},"2":{"name":"(anonymous_2)","decl":{"start":{"line":44,"column":58},"end":{"line":44,"column":59}},"loc":{"start":{"line":44,"column":71},"end":{"line":49,"column":5}},"line":44},"3":{"name":"(anonymous_3)","decl":{"start":{"line":49,"column":14},"end":{"line":49,"column":15}},"loc":{"start":{"line":49,"column":23},"end":{"line":49,"column":39}},"line":49}},"branchMap":{"0":{"loc":{"start":{"line":55,"column":9},"end":{"line":63,"column":9}},"type":"binary-expr","locations":[{"start":{"line":55,"column":9},"end":{"line":55,"column":21}},{"start":{"line":56,"column":10},"end":{"line":62,"column":12}}],"line":55},"1":{"loc":{"start":{"line":64,"column":9},"end":{"line":72,"column":9}},"type":"binary-expr","locations":[{"start":{"line":64,"column":10},"end":{"line":64,"column":22}},{"start":{"line":64,"column":26},"end":{"line":64,"column":39}},{"start":{"line":65,"column":10},"end":{"line":71,"column":12}}],"line":64},"2":{"loc":{"start":{"line":75,"column":9},"end":{"line":75,"column":69}},"type":"binary-expr","locations":[{"start":{"line":75,"column":9},"end":{"line":75,"column":16}},{"start":{"line":75,"column":20},"end":{"line":75,"column":69}}],"line":75},"3":{"loc":{"start":{"line":76,"column":9},"end":{"line":76,"column":66}},"type":"binary-expr","locations":[{"start":{"line":76,"column":9},"end":{"line":76,"column":16}},{"start":{"line":76,"column":20},"end":{"line":76,"column":66}}],"line":76}},"s":{"0":2,"1":2,"2":2,"3":2,"4":1,"5":1,"6":1,"7":1,"8":1,"9":1,"10":1,"11":1,"12":1,"13":1,"14":1,"15":0,"16":0,"17":0,"18":0,"19":0,"20":1},"f":{"0":1,"1":1,"2":0,"3":0},"b":{"0":[1,0],"1":[1,0,0],"2":[1,0],"3":[1,0]},"_coverageSchema":"1a1c01bbd47fc00a2c39e90264f33305004495a9","hash":"ff26542f6534561900255351ec75d4deb1155d1d"}
,"/home/isaac/FEC/FEC-Atelier/client/src/components/overview/ProductInfo.jsx": {"path":"/home/isaac/FEC/FEC-Atelier/client/src/components/overview/ProductInfo.jsx","statementMap":{"0":{"start":{"line":8,"column":15},"end":{"line":14,"column":1}},"1":{"start":{"line":15,"column":21},"end":{"line":17,"column":1}},"2":{"start":{"line":18,"column":17},"end":{"line":22,"column":1}},"3":{"start":{"line":23,"column":16},"end":{"line":27,"column":1}},"4":{"start":{"line":28,"column":17},"end":{"line":34,"column":1}},"5":{"start":{"line":35,"column":18},"end":{"line":39,"column":1}},"6":{"start":{"line":40,"column":19},"end":{"line":45,"column":1}},"7":{"start":{"line":47,"column":17},"end":{"line":49,"column":1}},"8":{"start":{"line":51,"column":20},"end":{"line":78,"column":1}},"9":{"start":{"line":52,"column":18},"end":{"line":52,"column":39}},"10":{"start":{"line":53,"column":20},"end":{"line":53,"column":38}},"11":{"start":{"line":55,"column":2},"end":{"line":77,"column":4}}},"fnMap":{"0":{"name":"(anonymous_0)","decl":{"start":{"line":51,"column":20},"end":{"line":51,"column":21}},"loc":{"start":{"line":51,"column":31},"end":{"line":78,"column":1}},"line":51}},"branchMap":{"0":{"loc":{"start":{"line":57,"column":7},"end":{"line":63,"column":7}},"type":"binary-expr","locations":[{"start":{"line":57,"column":7},"end":{"line":57,"column":34}},{"start":{"line":58,"column":8},"end":{"line":62,"column":19}}],"line":57},"1":{"loc":{"start":{"line":66,"column":7},"end":{"line":73,"column":7}},"type":"cond-expr","locations":[{"start":{"line":67,"column":8},"end":{"line":70,"column":19}},{"start":{"line":72,"column":8},"end":{"line":72,"column":62}}],"line":66}},"s":{"0":3,"1":3,"2":3,"3":3,"4":3,"5":3,"6":3,"7":3,"8":3,"9":5,"10":0,"11":0},"f":{"0":5},"b":{"0":[0,0],"1":[0,0]},"_coverageSchema":"1a1c01bbd47fc00a2c39e90264f33305004495a9","hash":"ea3c83eb858b7b1ed1e7ddf710331c791b55f36c"}
,"/home/isaac/FEC/FEC-Atelier/client/src/components/overview/Style.jsx": {"path":"/home/isaac/FEC/FEC-Atelier/client/src/components/overview/Style.jsx","statementMap":{"0":{"start":{"line":8,"column":15},"end":{"line":10,"column":1}},"1":{"start":{"line":12,"column":18},"end":{"line":16,"column":1}},"2":{"start":{"line":17,"column":22},"end":{"line":20,"column":1}},"3":{"start":{"line":22,"column":18},"end":{"line":25,"column":1}},"4":{"start":{"line":26,"column":16},"end":{"line":31,"column":1}},"5":{"start":{"line":33,"column":17},"end":{"line":40,"column":1}},"6":{"start":{"line":41,"column":21},"end":{"line":51,"column":1}},"7":{"start":{"line":53,"column":18},"end":{"line":57,"column":1}},"8":{"start":{"line":59,"column":15},"end":{"line":62,"column":1}},"9":{"start":{"line":64,"column":14},"end":{"line":107,"column":1}},"10":{"start":{"line":65,"column":21},"end":{"line":65,"column":39}},"11":{"start":{"line":66,"column":2},"end":{"line":106,"column":4}},"12":{"start":{"line":73,"column":10},"end":{"line":102,"column":12}},"13":{"start":{"line":76,"column":16},"end":{"line":99,"column":19}},"14":{"start":{"line":82,"column":26},"end":{"line":82,"column":56}},"15":{"start":{"line":94,"column":26},"end":{"line":94,"column":56}}},"fnMap":{"0":{"name":"(anonymous_0)","decl":{"start":{"line":64,"column":14},"end":{"line":64,"column":15}},"loc":{"start":{"line":64,"column":63},"end":{"line":107,"column":1}},"line":64},"1":{"name":"(anonymous_1)","decl":{"start":{"line":72,"column":26},"end":{"line":72,"column":27}},"loc":{"start":{"line":72,"column":42},"end":{"line":103,"column":9}},"line":72},"2":{"name":"(anonymous_2)","decl":{"start":{"line":75,"column":30},"end":{"line":75,"column":31}},"loc":{"start":{"line":76,"column":16},"end":{"line":99,"column":19}},"line":76},"3":{"name":"(anonymous_3)","decl":{"start":{"line":81,"column":33},"end":{"line":81,"column":34}},"loc":{"start":{"line":81,"column":39},"end":{"line":83,"column":25}},"line":81},"4":{"name":"(anonymous_4)","decl":{"start":{"line":93,"column":33},"end":{"line":93,"column":34}},"loc":{"start":{"line":93,"column":39},"end":{"line":95,"column":25}},"line":93}},"branchMap":{"0":{"loc":{"start":{"line":77,"column":19},"end":{"line":98,"column":19}},"type":"cond-expr","locations":[{"start":{"line":78,"column":20},"end":{"line":88,"column":30}},{"start":{"line":90,"column":20},"end":{"line":97,"column":30}}],"line":77}},"s":{"0":3,"1":3,"2":3,"3":3,"4":3,"5":3,"6":3,"7":3,"8":3,"9":3,"10":0,"11":0,"12":0,"13":0,"14":0,"15":0},"f":{"0":0,"1":0,"2":0,"3":0,"4":0},"b":{"0":[0,0]},"_coverageSchema":"1a1c01bbd47fc00a2c39e90264f33305004495a9","hash":"50cb1d41ac9a3e41faee80e692496bed44a70714"}
,"/home/isaac/FEC/FEC-Atelier/client/src/components/overview/ThumbGall.jsx": {"path":"/home/isaac/FEC/FEC-Atelier/client/src/components/overview/ThumbGall.jsx","statementMap":{"0":{"start":{"line":7,"column":16},"end":{"line":15,"column":1}},"1":{"start":{"line":17,"column":19},"end":{"line":19,"column":1}},"2":{"start":{"line":21,"column":18},"end":{"line":27,"column":1}},"3":{"start":{"line":29,"column":23},"end":{"line":34,"column":1}},"4":{"start":{"line":35,"column":14},"end":{"line":37,"column":1}},"5":{"start":{"line":39,"column":16},"end":{"line":41,"column":1}},"6":{"start":{"line":43,"column":18},"end":{"line":84,"column":1}},"7":{"start":{"line":44,"column":28},"end":{"line":68,"column":8}},"8":{"start":{"line":47,"column":4},"end":{"line":59,"column":5}},"9":{"start":{"line":48,"column":6},"end":{"line":52,"column":8}},"10":{"start":{"line":49,"column":35},"end":{"line":49,"column":52}},"11":{"start":{"line":54,"column":6},"end":{"line":58,"column":8}},"12":{"start":{"line":55,"column":35},"end":{"line":55,"column":52}},"13":{"start":{"line":61,"column":4},"end":{"line":63,"column":5}},"14":{"start":{"line":62,"column":6},"end":{"line":62,"column":35}},"15":{"start":{"line":64,"column":4},"end":{"line":66,"column":5}},"16":{"start":{"line":65,"column":6},"end":{"line":65,"column":35}},"17":{"start":{"line":67,"column":4},"end":{"line":67,"column":20}},"18":{"start":{"line":70,"column":2},"end":{"line":83,"column":4}},"19":{"start":{"line":73,"column":47},"end":{"line":73,"column":70}},"20":{"start":{"line":80,"column":49},"end":{"line":80,"column":72}}},"fnMap":{"0":{"name":"(anonymous_0)","decl":{"start":{"line":43,"column":18},"end":{"line":43,"column":19}},"loc":{"start":{"line":43,"column":55},"end":{"line":84,"column":1}},"line":43},"1":{"name":"(anonymous_1)","decl":{"start":{"line":44,"column":42},"end":{"line":44,"column":43}},"loc":{"start":{"line":44,"column":77},"end":{"line":68,"column":3}},"line":44},"2":{"name":"(anonymous_2)","decl":{"start":{"line":49,"column":29},"end":{"line":49,"column":30}},"loc":{"start":{"line":49,"column":35},"end":{"line":49,"column":52}},"line":49},"3":{"name":"(anonymous_3)","decl":{"start":{"line":55,"column":29},"end":{"line":55,"column":30}},"loc":{"start":{"line":55,"column":35},"end":{"line":55,"column":52}},"line":55},"4":{"name":"(anonymous_4)","decl":{"start":{"line":73,"column":41},"end":{"line":73,"column":42}},"loc":{"start":{"line":73,"column":47},"end":{"line":73,"column":70}},"line":73},"5":{"name":"(anonymous_5)","decl":{"start":{"line":80,"column":43},"end":{"line":80,"column":44}},"loc":{"start":{"line":80,"column":49},"end":{"line":80,"column":72}},"line":80}},"branchMap":{"0":{"loc":{"start":{"line":47,"column":4},"end":{"line":59,"column":5}},"type":"if","locations":[{"start":{"line":47,"column":4},"end":{"line":59,"column":5}},{"start":{"line":53,"column":11},"end":{"line":59,"column":5}}],"line":47},"1":{"loc":{"start":{"line":61,"column":4},"end":{"line":63,"column":5}},"type":"if","locations":[{"start":{"line":61,"column":4},"end":{"line":63,"column":5}},{"start":{},"end":{}}],"line":61},"2":{"loc":{"start":{"line":61,"column":8},"end":{"line":61,"column":34}},"type":"binary-expr","locations":[{"start":{"line":61,"column":8},"end":{"line":61,"column":20}},{"start":{"line":61,"column":24},"end":{"line":61,"column":34}}],"line":61},"3":{"loc":{"start":{"line":64,"column":4},"end":{"line":66,"column":5}},"type":"if","locations":[{"start":{"line":64,"column":4},"end":{"line":66,"column":5}},{"start":{},"end":{}}],"line":64},"4":{"loc":{"start":{"line":64,"column":8},"end":{"line":64,"column":63}},"type":"binary-expr","locations":[{"start":{"line":64,"column":8},"end":{"line":64,"column":19}},{"start":{"line":64,"column":23},"end":{"line":64,"column":39}},{"start":{"line":64,"column":43},"end":{"line":64,"column":63}}],"line":64},"5":{"loc":{"start":{"line":72,"column":7},"end":{"line":74,"column":7}},"type":"binary-expr","locations":[{"start":{"line":72,"column":7},"end":{"line":72,"column":20}},{"start":{"line":73,"column":8},"end":{"line":73,"column":74}}],"line":72},"6":{"loc":{"start":{"line":75,"column":7},"end":{"line":77,"column":7}},"type":"binary-expr","locations":[{"start":{"line":75,"column":7},"end":{"line":75,"column":20}},{"start":{"line":76,"column":8},"end":{"line":76,"column":36}}],"line":75},"7":{"loc":{"start":{"line":79,"column":7},"end":{"line":81,"column":7}},"type":"binary-expr","locations":[{"start":{"line":79,"column":7},"end":{"line":79,"column":36}},{"start":{"line":80,"column":8},"end":{"line":80,"column":76}}],"line":79}},"s":{"0":2,"1":2,"2":2,"3":2,"4":2,"5":2,"6":2,"7":0,"8":0,"9":0,"10":0,"11":0,"12":0,"13":0,"14":0,"15":0,"16":0,"17":0,"18":0,"19":0,"20":0},"f":{"0":0,"1":0,"2":0,"3":0,"4":0,"5":0},"b":{"0":[0,0],"1":[0,0],"2":[0,0],"3":[0,0],"4":[0,0,0],"5":[0,0],"6":[0,0],"7":[0,0]},"_coverageSchema":"1a1c01bbd47fc00a2c39e90264f33305004495a9","hash":"ac6c6b605dff56cc79156674556e1d868fb24d7c"}
,"/home/isaac/FEC/FEC-Atelier/client/src/components/util/context.js": {"path":"/home/isaac/FEC/FEC-Atelier/client/src/components/util/context.js","statementMap":{"0":{"start":{"line":3,"column":23},"end":{"line":3,"column":38}}},"fnMap":{},"branchMap":{},"s":{"0":4},"f":{},"b":{},"_coverageSchema":"1a1c01bbd47fc00a2c39e90264f33305004495a9","hash":"accf626b689c1dd8d1d612ccdfc0e50f61b6b81c"}
,"/home/isaac/FEC/FEC-Atelier/client/src/components/util/getAvgRating.js": {"path":"/home/isaac/FEC/FEC-Atelier/client/src/components/util/getAvgRating.js","statementMap":{"0":{"start":{"line":2,"column":18},"end":{"line":11,"column":2}},"1":{"start":{"line":3,"column":22},"end":{"line":3,"column":23}},"2":{"start":{"line":4,"column":19},"end":{"line":4,"column":20}},"3":{"start":{"line":5,"column":4},"end":{"line":8,"column":5}},"4":{"start":{"line":6,"column":6},"end":{"line":6,"column":40}},"5":{"start":{"line":7,"column":6},"end":{"line":7,"column":49}},"6":{"start":{"line":9,"column":26},"end":{"line":9,"column":61}},"7":{"start":{"line":10,"column":4},"end":{"line":10,"column":50}}},"fnMap":{"0":{"name":"(anonymous_0)","decl":{"start":{"line":2,"column":18},"end":{"line":2,"column":19}},"loc":{"start":{"line":2,"column":31},"end":{"line":11,"column":2}},"line":2}},"branchMap":{},"s":{"0":3,"1":0,"2":0,"3":0,"4":0,"5":0,"6":0,"7":0},"f":{"0":0},"b":{},"_coverageSchema":"1a1c01bbd47fc00a2c39e90264f33305004495a9","hash":"304f95b231b17df05d00c2a49b2e848a2aa06c1e"}
,"/home/isaac/FEC/FEC-Atelier/client/src/components/util/percentRec.js": {"path":"/home/isaac/FEC/FEC-Atelier/client/src/components/util/percentRec.js","statementMap":{"0":{"start":{"line":1,"column":19},"end":{"line":7,"column":1}},"1":{"start":{"line":2,"column":12},"end":{"line":2,"column":13}},"2":{"start":{"line":3,"column":11},"end":{"line":3,"column":12}},"3":{"start":{"line":4,"column":2},"end":{"line":4,"column":35}},"4":{"start":{"line":5,"column":2},"end":{"line":5,"column":35}},"5":{"start":{"line":6,"column":2},"end":{"line":6,"column":42}}},"fnMap":{"0":{"name":"(anonymous_0)","decl":{"start":{"line":1,"column":19},"end":{"line":1,"column":20}},"loc":{"start":{"line":1,"column":36},"end":{"line":7,"column":1}},"line":1}},"branchMap":{},"s":{"0":2,"1":0,"2":0,"3":0,"4":0,"5":0},"f":{"0":0},"b":{},"_coverageSchema":"1a1c01bbd47fc00a2c39e90264f33305004495a9","hash":"d3742c67b816df1ceb903da4f5bed1d51e2db599"}
,"/home/isaac/FEC/FEC-Atelier/client/src/components/util/sortStyles.js": {"path":"/home/isaac/FEC/FEC-Atelier/client/src/components/util/sortStyles.js","statementMap":{"0":{"start":{"line":2,"column":19},"end":{"line":15,"column":1}},"1":{"start":{"line":3,"column":15},"end":{"line":3,"column":17}},"2":{"start":{"line":4,"column":15},"end":{"line":4,"column":17}},"3":{"start":{"line":6,"column":2},"end":{"line":13,"column":4}},"4":{"start":{"line":8,"column":4},"end":{"line":8,"column":85}},"5":{"start":{"line":9,"column":4},"end":{"line":12,"column":5}},"6":{"start":{"line":10,"column":6},"end":{"line":10,"column":25}},"7":{"start":{"line":11,"column":6},"end":{"line":11,"column":18}},"8":{"start":{"line":14,"column":2},"end":{"line":14,"column":16}}},"fnMap":{"0":{"name":"(anonymous_0)","decl":{"start":{"line":2,"column":19},"end":{"line":2,"column":20}},"loc":{"start":{"line":2,"column":31},"end":{"line":15,"column":1}},"line":2},"1":{"name":"(anonymous_1)","decl":{"start":{"line":6,"column":17},"end":{"line":6,"column":18}},"loc":{"start":{"line":6,"column":31},"end":{"line":13,"column":3}},"line":6}},"branchMap":{"0":{"loc":{"start":{"line":9,"column":4},"end":{"line":12,"column":5}},"type":"if","locations":[{"start":{"line":9,"column":4},"end":{"line":12,"column":5}},{"start":{},"end":{}}],"line":9},"1":{"loc":{"start":{"line":9,"column":8},"end":{"line":9,"column":52}},"type":"binary-expr","locations":[{"start":{"line":9,"column":8},"end":{"line":9,"column":27}},{"start":{"line":9,"column":31},"end":{"line":9,"column":52}}],"line":9}},"s":{"0":3,"1":0,"2":0,"3":0,"4":0,"5":0,"6":0,"7":0,"8":0},"f":{"0":0,"1":0},"b":{"0":[0,0],"1":[0,0]},"_coverageSchema":"1a1c01bbd47fc00a2c39e90264f33305004495a9","hash":"03afece09210f68e14266d8d54d72568dd1180f2"}
}
