{"/home/isaac/FEC/FEC-Atelier/client/src/components/App.jsx": {"path":"/home/isaac/FEC/FEC-Atelier/client/src/components/App.jsx","statementMap":{"0":{"start":{"line":22,"column":0},"end":{"line":22,"column":21}},"1":{"start":{"line":23,"column":0},"end":{"line":23,"column":45}},"2":{"start":{"line":25,"column":18},"end":{"line":29,"column":1}},"3":{"start":{"line":31,"column":20},"end":{"line":34,"column":1}},"4":{"start":{"line":36,"column":15},"end":{"line":40,"column":1}},"5":{"start":{"line":42,"column":13},"end":{"line":47,"column":1}},"6":{"start":{"line":49,"column":17},"end":{"line":52,"column":1}},"7":{"start":{"line":54,"column":16},"end":{"line":59,"column":1}},"8":{"start":{"line":61,"column":17},"end":{"line":61,"column":42}},"9":{"start":{"line":63,"column":12},"end":{"line":155,"column":1}},"10":{"start":{"line":64,"column":22},"end":{"line":64,"column":37}},"11":{"start":{"line":65,"column":40},"end":{"line":65,"column":52}},"12":{"start":{"line":66,"column":32},"end":{"line":66,"column":45}},"13":{"start":{"line":67,"column":20},"end":{"line":67,"column":62}},"14":{"start":{"line":69,"column":26},"end":{"line":69,"column":70}},"15":{"start":{"line":70,"column":32},"end":{"line":70,"column":43}},"16":{"start":{"line":71,"column":26},"end":{"line":71,"column":38}},"17":{"start":{"line":73,"column":21},"end":{"line":73,"column":29}},"18":{"start":{"line":75,"column":2},"end":{"line":78,"column":38}},"19":{"start":{"line":77,"column":19},"end":{"line":77,"column":48}},"20":{"start":{"line":78,"column":20},"end":{"line":78,"column":36}},"21":{"start":{"line":79,"column":2},"end":{"line":79,"column":28}},"22":{"start":{"line":81,"column":21},"end":{"line":86,"column":3}},"23":{"start":{"line":82,"column":4},"end":{"line":85,"column":6}},"24":{"start":{"line":83,"column":6},"end":{"line":83,"column":47}},"25":{"start":{"line":84,"column":6},"end":{"line":84,"column":67}},"26":{"start":{"line":88,"column":21},"end":{"line":127,"column":3}},"27":{"start":{"line":89,"column":4},"end":{"line":126,"column":5}},"28":{"start":{"line":91,"column":8},"end":{"line":119,"column":10}},"29":{"start":{"line":121,"column":8},"end":{"line":121,"column":28}},"30":{"start":{"line":124,"column":8},"end":{"line":124,"column":24}},"31":{"start":{"line":129,"column":2},"end":{"line":154,"column":4}}},"fnMap":{"0":{"name":"(anonymous_0)","decl":{"start":{"line":63,"column":12},"end":{"line":63,"column":13}},"loc":{"start":{"line":63,"column":23},"end":{"line":155,"column":1}},"line":63},"1":{"name":"(anonymous_1)","decl":{"start":{"line":77,"column":10},"end":{"line":77,"column":11}},"loc":{"start":{"line":77,"column":19},"end":{"line":77,"column":48}},"line":77},"2":{"name":"(anonymous_2)","decl":{"start":{"line":78,"column":11},"end":{"line":78,"column":12}},"loc":{"start":{"line":78,"column":20},"end":{"line":78,"column":36}},"line":78},"3":{"name":"(anonymous_3)","decl":{"start":{"line":81,"column":21},"end":{"line":81,"column":22}},"loc":{"start":{"line":81,"column":47},"end":{"line":86,"column":3}},"line":81},"4":{"name":"(anonymous_4)","decl":{"start":{"line":82,"column":11},"end":{"line":82,"column":12}},"loc":{"start":{"line":82,"column":31},"end":{"line":85,"column":5}},"line":82},"5":{"name":"(anonymous_5)","decl":{"start":{"line":88,"column":21},"end":{"line":88,"column":22}},"loc":{"start":{"line":88,"column":27},"end":{"line":127,"column":3}},"line":88}},"branchMap":{"0":{"loc":{"start":{"line":67,"column":20},"end":{"line":67,"column":62}},"type":"cond-expr","locations":[{"start":{"line":67,"column":40},"end":{"line":67,"column":50}},{"start":{"line":67,"column":53},"end":{"line":67,"column":62}}],"line":67},"1":{"loc":{"start":{"line":81,"column":28},"end":{"line":81,"column":42}},"type":"default-arg","locations":[{"start":{"line":81,"column":40},"end":{"line":81,"column":42}}],"line":81},"2":{"loc":{"start":{"line":82,"column":12},"end":{"line":82,"column":26}},"type":"default-arg","locations":[{"start":{"line":82,"column":24},"end":{"line":82,"column":26}}],"line":82},"3":{"loc":{"start":{"line":89,"column":4},"end":{"line":126,"column":5}},"type":"switch","locations":[{"start":{"line":90,"column":6},"end":{"line":119,"column":10}},{"start":{"line":120,"column":6},"end":{"line":121,"column":28}},{"start":{"line":123,"column":6},"end":{"line":124,"column":24}}],"line":89}},"s":{"0":3,"1":3,"2":3,"3":3,"4":3,"5":3,"6":3,"7":3,"8":3,"9":3,"10":5,"11":3,"12":3,"13":3,"14":3,"15":3,"16":3,"17":3,"18":3,"19":0,"20":0,"21":3,"22":3,"23":3,"24":0,"25":0,"26":3,"27":3,"28":3,"29":0,"30":0,"31":3},"f":{"0":5,"1":0,"2":0,"3":3,"4":0,"5":3},"b":{"0":[3,0],"1":[3],"2":[0],"3":[3,0,0]},"_coverageSchema":"1a1c01bbd47fc00a2c39e90264f33305004495a9","hash":"d9402247b5b1bdd23aa96c02c372694a470960b3"}
,"/home/isaac/FEC/FEC-Atelier/client/src/components/HomePage.jsx": {"path":"/home/isaac/FEC/FEC-Atelier/client/src/components/HomePage.jsx","statementMap":{"0":{"start":{"line":4,"column":17},"end":{"line":9,"column":1}},"1":{"start":{"line":6,"column":2},"end":{"line":8,"column":4}}},"fnMap":{"0":{"name":"(anonymous_0)","decl":{"start":{"line":4,"column":17},"end":{"line":4,"column":18}},"loc":{"start":{"line":4,"column":23},"end":{"line":9,"column":1}},"line":4}},"branchMap":{},"s":{"0":3,"1":0},"f":{"0":0},"b":{},"_coverageSchema":"1a1c01bbd47fc00a2c39e90264f33305004495a9","hash":"5ebac3bb744be1b288cf7c5b472d0cf23d4c9fd9"}
,"/home/isaac/FEC/FEC-Atelier/client/src/components/DarkMode/GlobalStyles.jsx": {"path":"/home/isaac/FEC/FEC-Atelier/client/src/components/DarkMode/GlobalStyles.jsx","statementMap":{"0":{"start":{"line":2,"column":28},"end":{"line":9,"column":3}},"1":{"start":{"line":4,"column":33},"end":{"line":4,"column":43}},"2":{"start":{"line":5,"column":28},"end":{"line":5,"column":38}}},"fnMap":{"0":{"name":"(anonymous_0)","decl":{"start":{"line":4,"column":18},"end":{"line":4,"column":19}},"loc":{"start":{"line":4,"column":33},"end":{"line":4,"column":43}},"line":4},"1":{"name":"(anonymous_1)","decl":{"start":{"line":5,"column":13},"end":{"line":5,"column":14}},"loc":{"start":{"line":5,"column":28},"end":{"line":5,"column":38}},"line":5}},"branchMap":{},"s":{"0":3,"1":0,"2":0},"f":{"0":0,"1":0},"b":{},"_coverageSchema":"1a1c01bbd47fc00a2c39e90264f33305004495a9","hash":"71980c1ec417968360edcf6dc6f2eae231c5d61c"}
,"/home/isaac/FEC/FEC-Atelier/client/src/components/DarkMode/Themes.jsx": {"path":"/home/isaac/FEC/FEC-Atelier/client/src/components/DarkMode/Themes.jsx","statementMap":{"0":{"start":{"line":1,"column":26},"end":{"line":6,"column":1}},"1":{"start":{"line":7,"column":25},"end":{"line":12,"column":1}}},"fnMap":{},"branchMap":{},"s":{"0":3,"1":3},"f":{},"b":{},"_coverageSchema":"1a1c01bbd47fc00a2c39e90264f33305004495a9","hash":"2aa70eb4c64f1b325b84a20115302f61485d4566"}
,"/home/isaac/FEC/FEC-Atelier/client/src/components/DarkMode/Toggler.jsx": {"path":"/home/isaac/FEC/FEC-Atelier/client/src/components/DarkMode/Toggler.jsx","statementMap":{"0":{"start":{"line":5,"column":15},"end":{"line":15,"column":1}},"1":{"start":{"line":6,"column":31},"end":{"line":6,"column":47}},"2":{"start":{"line":7,"column":37},"end":{"line":7,"column":55}},"3":{"start":{"line":8,"column":26},"end":{"line":8,"column":33}},"4":{"start":{"line":16,"column":15},"end":{"line":22,"column":1}},"5":{"start":{"line":17,"column":4},"end":{"line":21,"column":6}},"6":{"start":{"line":23,"column":0},"end":{"line":26,"column":1}}},"fnMap":{"0":{"name":"(anonymous_0)","decl":{"start":{"line":6,"column":16},"end":{"line":6,"column":17}},"loc":{"start":{"line":6,"column":31},"end":{"line":6,"column":47}},"line":6},"1":{"name":"(anonymous_1)","decl":{"start":{"line":7,"column":22},"end":{"line":7,"column":23}},"loc":{"start":{"line":7,"column":37},"end":{"line":7,"column":55}},"line":7},"2":{"name":"(anonymous_2)","decl":{"start":{"line":8,"column":11},"end":{"line":8,"column":12}},"loc":{"start":{"line":8,"column":26},"end":{"line":8,"column":33}},"line":8},"3":{"name":"(anonymous_3)","decl":{"start":{"line":16,"column":15},"end":{"line":16,"column":16}},"loc":{"start":{"line":16,"column":43},"end":{"line":22,"column":1}},"line":16}},"branchMap":{},"s":{"0":3,"1":3,"2":3,"3":3,"4":3,"5":3,"6":3},"f":{"0":3,"1":3,"2":3,"3":3},"b":{},"_coverageSchema":"1a1c01bbd47fc00a2c39e90264f33305004495a9","hash":"b5450cc2514f4ceb97e91d2ff119f5c4a01b283d"}
,"/home/isaac/FEC/FEC-Atelier/client/src/components/DarkMode/UseDarkMode.jsx": {"path":"/home/isaac/FEC/FEC-Atelier/client/src/components/DarkMode/UseDarkMode.jsx","statementMap":{"0":{"start":{"line":2,"column":27},"end":{"line":19,"column":1}},"1":{"start":{"line":3,"column":30},"end":{"line":3,"column":47}},"2":{"start":{"line":5,"column":20},"end":{"line":8,"column":5}},"3":{"start":{"line":6,"column":8},"end":{"line":6,"column":50}},"4":{"start":{"line":7,"column":8},"end":{"line":7,"column":22}},"5":{"start":{"line":10,"column":25},"end":{"line":12,"column":5}},"6":{"start":{"line":11,"column":8},"end":{"line":11,"column":62}},"7":{"start":{"line":14,"column":4},"end":{"line":17,"column":11}},"8":{"start":{"line":15,"column":27},"end":{"line":15,"column":63}},"9":{"start":{"line":16,"column":8},"end":{"line":16,"column":42}},"10":{"start":{"line":18,"column":4},"end":{"line":18,"column":32}}},"fnMap":{"0":{"name":"(anonymous_0)","decl":{"start":{"line":2,"column":27},"end":{"line":2,"column":28}},"loc":{"start":{"line":2,"column":33},"end":{"line":19,"column":1}},"line":2},"1":{"name":"(anonymous_1)","decl":{"start":{"line":5,"column":20},"end":{"line":5,"column":21}},"loc":{"start":{"line":5,"column":28},"end":{"line":8,"column":5}},"line":5},"2":{"name":"(anonymous_2)","decl":{"start":{"line":10,"column":25},"end":{"line":10,"column":26}},"loc":{"start":{"line":10,"column":31},"end":{"line":12,"column":5}},"line":10},"3":{"name":"(anonymous_3)","decl":{"start":{"line":14,"column":14},"end":{"line":14,"column":15}},"loc":{"start":{"line":14,"column":20},"end":{"line":17,"column":5}},"line":14}},"branchMap":{"0":{"loc":{"start":{"line":11,"column":8},"end":{"line":11,"column":62}},"type":"cond-expr","locations":[{"start":{"line":11,"column":28},"end":{"line":11,"column":43}},{"start":{"line":11,"column":46},"end":{"line":11,"column":62}}],"line":11},"1":{"loc":{"start":{"line":16,"column":8},"end":{"line":16,"column":42}},"type":"binary-expr","locations":[{"start":{"line":16,"column":8},"end":{"line":16,"column":18}},{"start":{"line":16,"column":22},"end":{"line":16,"column":42}}],"line":16}},"s":{"0":3,"1":3,"2":3,"3":0,"4":0,"5":3,"6":0,"7":3,"8":3,"9":3,"10":3},"f":{"0":3,"1":0,"2":0,"3":3},"b":{"0":[0,0],"1":[3,0]},"_coverageSchema":"1a1c01bbd47fc00a2c39e90264f33305004495a9","hash":"419fc56376675343f29f62f75061b0c56de908f3"}
,"/home/isaac/FEC/FEC-Atelier/client/src/components/QA/AnswersList.jsx": {"path":"/home/isaac/FEC/FEC-Atelier/client/src/components/QA/AnswersList.jsx","statementMap":{"0":{"start":{"line":8,"column":14},"end":{"line":15,"column":1}},"1":{"start":{"line":17,"column":15},"end":{"line":19,"column":1}},"2":{"start":{"line":21,"column":16},"end":{"line":24,"column":1}},"3":{"start":{"line":26,"column":12},"end":{"line":38,"column":1}},"4":{"start":{"line":40,"column":15},"end":{"line":52,"column":1}},"5":{"start":{"line":54,"column":13},"end":{"line":58,"column":1}},"6":{"start":{"line":60,"column":15},"end":{"line":62,"column":1}},"7":{"start":{"line":64,"column":20},"end":{"line":128,"column":1}},"8":{"start":{"line":65,"column":68},"end":{"line":65,"column":74}},"9":{"start":{"line":66,"column":26},"end":{"line":66,"column":41}},"10":{"start":{"line":67,"column":22},"end":{"line":67,"column":34}},"11":{"start":{"line":68,"column":32},"end":{"line":68,"column":47}},"12":{"start":{"line":69,"column":34},"end":{"line":69,"column":49}},"13":{"start":{"line":71,"column":22},"end":{"line":75,"column":3}},"14":{"start":{"line":73,"column":4},"end":{"line":73,"column":32}},"15":{"start":{"line":74,"column":4},"end":{"line":74,"column":21}},"16":{"start":{"line":77,"column":2},"end":{"line":81,"column":3}},"17":{"start":{"line":78,"column":4},"end":{"line":78,"column":48}},"18":{"start":{"line":80,"column":4},"end":{"line":80,"column":51}},"19":{"start":{"line":83,"column":2},"end":{"line":127,"column":3}},"20":{"start":{"line":94,"column":12},"end":{"line":102,"column":13}},"21":{"start":{"line":105,"column":12},"end":{"line":111,"column":13}},"22":{"start":{"line":115,"column":12},"end":{"line":120,"column":28}}},"fnMap":{"0":{"name":"(anonymous_0)","decl":{"start":{"line":64,"column":20},"end":{"line":64,"column":21}},"loc":{"start":{"line":64,"column":103},"end":{"line":128,"column":1}},"line":64},"1":{"name":"(anonymous_1)","decl":{"start":{"line":71,"column":22},"end":{"line":71,"column":23}},"loc":{"start":{"line":71,"column":29},"end":{"line":75,"column":3}},"line":71},"2":{"name":"(anonymous_2)","decl":{"start":{"line":93,"column":24},"end":{"line":93,"column":25}},"loc":{"start":{"line":94,"column":12},"end":{"line":102,"column":13}},"line":94},"3":{"name":"(anonymous_3)","decl":{"start":{"line":104,"column":27},"end":{"line":104,"column":28}},"loc":{"start":{"line":105,"column":12},"end":{"line":111,"column":13}},"line":105},"4":{"name":"(anonymous_4)","decl":{"start":{"line":114,"column":22},"end":{"line":114,"column":23}},"loc":{"start":{"line":114,"column":40},"end":{"line":121,"column":11}},"line":114}},"branchMap":{"0":{"loc":{"start":{"line":77,"column":2},"end":{"line":81,"column":3}},"type":"if","locations":[{"start":{"line":77,"column":2},"end":{"line":81,"column":3}},{"start":{"line":79,"column":9},"end":{"line":81,"column":3}}],"line":77},"1":{"loc":{"start":{"line":87,"column":9},"end":{"line":89,"column":43}},"type":"cond-expr","locations":[{"start":{"line":88,"column":10},"end":{"line":88,"column":41}},{"start":{"line":89,"column":10},"end":{"line":89,"column":43}}],"line":87},"2":{"loc":{"start":{"line":111,"column":17},"end":{"line":111,"column":50}},"type":"cond-expr","locations":[{"start":{"line":111,"column":29},"end":{"line":111,"column":39}},{"start":{"line":111,"column":42},"end":{"line":111,"column":50}}],"line":111},"3":{"loc":{"start":{"line":122,"column":11},"end":{"line":122,"column":85}},"type":"binary-expr","locations":[{"start":{"line":122,"column":11},"end":{"line":122,"column":16}},{"start":{"line":122,"column":21},"end":{"line":122,"column":84}}],"line":122}},"s":{"0":4,"1":4,"2":4,"3":4,"4":4,"5":4,"6":4,"7":4,"8":0,"9":0,"10":0,"11":0,"12":0,"13":0,"14":0,"15":0,"16":0,"17":0,"18":0,"19":0,"20":0,"21":0,"22":0},"f":{"0":0,"1":0,"2":0,"3":0,"4":0},"b":{"0":[0,0],"1":[0,0],"2":[0,0],"3":[0,0]},"_coverageSchema":"1a1c01bbd47fc00a2c39e90264f33305004495a9","hash":"5a1b59f6091df8b3ac4e01688620e3b1ad01bf35"}
,"/home/isaac/FEC/FEC-Atelier/client/src/components/QA/Data.js": {"path":"/home/isaac/FEC/FEC-Atelier/client/src/components/QA/Data.js","statementMap":{"0":{"start":{"line":1,"column":23},"end":{"line":48,"column":1}}},"fnMap":{},"branchMap":{},"s":{"0":4},"f":{},"b":{},"_coverageSchema":"1a1c01bbd47fc00a2c39e90264f33305004495a9","hash":"cc38a71064483ba7345b5a930b2dc47393445297"}
,"/home/isaac/FEC/FEC-Atelier/client/src/components/QA/Question.jsx": {"path":"/home/isaac/FEC/FEC-Atelier/client/src/components/QA/Question.jsx","statementMap":{"0":{"start":{"line":10,"column":18},"end":{"line":23,"column":1}},"1":{"start":{"line":25,"column":15},"end":{"line":29,"column":1}},"2":{"start":{"line":31,"column":16},"end":{"line":34,"column":1}},"3":{"start":{"line":36,"column":15},"end":{"line":41,"column":1}},"4":{"start":{"line":43,"column":20},"end":{"line":45,"column":1}},"5":{"start":{"line":47,"column":16},"end":{"line":53,"column":1}},"6":{"start":{"line":55,"column":18},"end":{"line":58,"column":1}},"7":{"start":{"line":60,"column":15},"end":{"line":70,"column":1}},"8":{"start":{"line":72,"column":12},"end":{"line":84,"column":1}},"9":{"start":{"line":86,"column":15},"end":{"line":98,"column":1}},"10":{"start":{"line":100,"column":18},"end":{"line":112,"column":1}},"11":{"start":{"line":114,"column":17},"end":{"line":275,"column":1}},"12":{"start":{"line":115,"column":92},"end":{"line":115,"column":100}},"13":{"start":{"line":116,"column":30},"end":{"line":116,"column":42}},"14":{"start":{"line":117,"column":38},"end":{"line":117,"column":49}},"15":{"start":{"line":118,"column":46},"end":{"line":118,"column":61}},"16":{"start":{"line":119,"column":44},"end":{"line":119,"column":59}},"17":{"start":{"line":120,"column":24},"end":{"line":120,"column":39}},"18":{"start":{"line":121,"column":32},"end":{"line":121,"column":47}},"19":{"start":{"line":122,"column":34},"end":{"line":122,"column":45}},"20":{"start":{"line":123,"column":34},"end":{"line":123,"column":49}},"21":{"start":{"line":126,"column":2},"end":{"line":136,"column":33}},"22":{"start":{"line":127,"column":4},"end":{"line":135,"column":8}},"23":{"start":{"line":131,"column":8},"end":{"line":131,"column":42}},"24":{"start":{"line":134,"column":8},"end":{"line":134,"column":62}},"25":{"start":{"line":140,"column":31},"end":{"line":142,"column":3}},"26":{"start":{"line":141,"column":4},"end":{"line":141,"column":41}},"27":{"start":{"line":144,"column":24},"end":{"line":162,"column":3}},"28":{"start":{"line":145,"column":4},"end":{"line":145,"column":48}},"29":{"start":{"line":146,"column":4},"end":{"line":161,"column":5}},"30":{"start":{"line":147,"column":6},"end":{"line":147,"column":140}},"31":{"start":{"line":150,"column":6},"end":{"line":160,"column":11}},"32":{"start":{"line":153,"column":10},"end":{"line":153,"column":33}},"33":{"start":{"line":154,"column":10},"end":{"line":154,"column":157}},"34":{"start":{"line":156,"column":22},"end":{"line":156,"column":40}},"35":{"start":{"line":158,"column":10},"end":{"line":158,"column":36}},"36":{"start":{"line":159,"column":10},"end":{"line":159,"column":32}},"37":{"start":{"line":164,"column":25},"end":{"line":182,"column":3}},"38":{"start":{"line":165,"column":4},"end":{"line":165,"column":47}},"39":{"start":{"line":166,"column":4},"end":{"line":181,"column":5}},"40":{"start":{"line":167,"column":6},"end":{"line":167,"column":115}},"41":{"start":{"line":170,"column":6},"end":{"line":180,"column":10}},"42":{"start":{"line":173,"column":10},"end":{"line":173,"column":33}},"43":{"start":{"line":174,"column":32},"end":{"line":174,"column":122}},"44":{"start":{"line":175,"column":10},"end":{"line":175,"column":202}},"45":{"start":{"line":178,"column":10},"end":{"line":178,"column":29}},"46":{"start":{"line":179,"column":10},"end":{"line":179,"column":132}},"47":{"start":{"line":185,"column":4},"end":{"line":190,"column":13}},"48":{"start":{"line":186,"column":6},"end":{"line":186,"column":54}},"49":{"start":{"line":187,"column":6},"end":{"line":187,"column":41}},"50":{"start":{"line":193,"column":4},"end":{"line":199,"column":13}},"51":{"start":{"line":194,"column":6},"end":{"line":194,"column":34}},"52":{"start":{"line":195,"column":6},"end":{"line":195,"column":24}},"53":{"start":{"line":196,"column":6},"end":{"line":196,"column":41}},"54":{"start":{"line":202,"column":2},"end":{"line":274,"column":3}},"55":{"start":{"line":211,"column":12},"end":{"line":219,"column":13}},"56":{"start":{"line":222,"column":12},"end":{"line":228,"column":13}},"57":{"start":{"line":230,"column":36},"end":{"line":230,"column":49}},"58":{"start":{"line":236,"column":25},"end":{"line":236,"column":39}},"59":{"start":{"line":250,"column":12},"end":{"line":259,"column":22}}},"fnMap":{"0":{"name":"(anonymous_0)","decl":{"start":{"line":114,"column":17},"end":{"line":114,"column":18}},"loc":{"start":{"line":114,"column":62},"end":{"line":275,"column":1}},"line":114},"1":{"name":"(anonymous_1)","decl":{"start":{"line":126,"column":12},"end":{"line":126,"column":13}},"loc":{"start":{"line":126,"column":18},"end":{"line":136,"column":3}},"line":126},"2":{"name":"(anonymous_2)","decl":{"start":{"line":129,"column":12},"end":{"line":129,"column":13}},"loc":{"start":{"line":129,"column":24},"end":{"line":132,"column":7}},"line":129},"3":{"name":"(anonymous_3)","decl":{"start":{"line":133,"column":13},"end":{"line":133,"column":14}},"loc":{"start":{"line":133,"column":20},"end":{"line":135,"column":7}},"line":133},"4":{"name":"(anonymous_4)","decl":{"start":{"line":140,"column":31},"end":{"line":140,"column":32}},"loc":{"start":{"line":140,"column":37},"end":{"line":142,"column":3}},"line":140},"5":{"name":"(anonymous_5)","decl":{"start":{"line":144,"column":24},"end":{"line":144,"column":25}},"loc":{"start":{"line":144,"column":103},"end":{"line":162,"column":3}},"line":144},"6":{"name":"(anonymous_6)","decl":{"start":{"line":152,"column":14},"end":{"line":152,"column":15}},"loc":{"start":{"line":152,"column":20},"end":{"line":155,"column":9}},"line":152},"7":{"name":"(anonymous_7)","decl":{"start":{"line":156,"column":15},"end":{"line":156,"column":16}},"loc":{"start":{"line":156,"column":22},"end":{"line":156,"column":40}},"line":156},"8":{"name":"(anonymous_8)","decl":{"start":{"line":157,"column":14},"end":{"line":157,"column":15}},"loc":{"start":{"line":157,"column":20},"end":{"line":160,"column":9}},"line":157},"9":{"name":"(anonymous_9)","decl":{"start":{"line":164,"column":25},"end":{"line":164,"column":26}},"loc":{"start":{"line":164,"column":80},"end":{"line":182,"column":3}},"line":164},"10":{"name":"(anonymous_10)","decl":{"start":{"line":172,"column":14},"end":{"line":172,"column":15}},"loc":{"start":{"line":172,"column":20},"end":{"line":176,"column":9}},"line":172},"11":{"name":"(anonymous_11)","decl":{"start":{"line":177,"column":15},"end":{"line":177,"column":16}},"loc":{"start":{"line":177,"column":22},"end":{"line":180,"column":9}},"line":177},"12":{"name":"(anonymous_12)","decl":{"start":{"line":185,"column":21},"end":{"line":185,"column":22}},"loc":{"start":{"line":185,"column":27},"end":{"line":188,"column":7}},"line":185},"13":{"name":"(anonymous_13)","decl":{"start":{"line":193,"column":21},"end":{"line":193,"column":22}},"loc":{"start":{"line":193,"column":27},"end":{"line":197,"column":5}},"line":193},"14":{"name":"(anonymous_14)","decl":{"start":{"line":210,"column":24},"end":{"line":210,"column":25}},"loc":{"start":{"line":211,"column":12},"end":{"line":219,"column":13}},"line":211},"15":{"name":"(anonymous_15)","decl":{"start":{"line":221,"column":27},"end":{"line":221,"column":28}},"loc":{"start":{"line":222,"column":12},"end":{"line":228,"column":13}},"line":222},"16":{"name":"(anonymous_16)","decl":{"start":{"line":230,"column":30},"end":{"line":230,"column":31}},"loc":{"start":{"line":230,"column":36},"end":{"line":230,"column":49}},"line":230},"17":{"name":"(anonymous_17)","decl":{"start":{"line":236,"column":19},"end":{"line":236,"column":20}},"loc":{"start":{"line":236,"column":25},"end":{"line":236,"column":39}},"line":236},"18":{"name":"(anonymous_18)","decl":{"start":{"line":248,"column":44},"end":{"line":248,"column":45}},"loc":{"start":{"line":248,"column":63},"end":{"line":260,"column":11}},"line":248}},"branchMap":{"0":{"loc":{"start":{"line":146,"column":4},"end":{"line":161,"column":5}},"type":"if","locations":[{"start":{"line":146,"column":4},"end":{"line":161,"column":5}},{"start":{"line":148,"column":11},"end":{"line":161,"column":5}}],"line":146},"1":{"loc":{"start":{"line":166,"column":4},"end":{"line":181,"column":5}},"type":"if","locations":[{"start":{"line":166,"column":4},"end":{"line":181,"column":5}},{"start":{"line":168,"column":11},"end":{"line":181,"column":5}}],"line":166},"2":{"loc":{"start":{"line":175,"column":146},"end":{"line":175,"column":187}},"type":"cond-expr","locations":[{"start":{"line":175,"column":167},"end":{"line":175,"column":182}},{"start":{"line":175,"column":185},"end":{"line":175,"column":187}}],"line":175},"3":{"loc":{"start":{"line":228,"column":17},"end":{"line":228,"column":50}},"type":"cond-expr","locations":[{"start":{"line":228,"column":29},"end":{"line":228,"column":39}},{"start":{"line":228,"column":42},"end":{"line":228,"column":50}}],"line":228},"4":{"loc":{"start":{"line":240,"column":7},"end":{"line":244,"column":7}},"type":"binary-expr","locations":[{"start":{"line":240,"column":7},"end":{"line":240,"column":22}},{"start":{"line":241,"column":8},"end":{"line":243,"column":36}}],"line":240},"5":{"loc":{"start":{"line":241,"column":8},"end":{"line":243,"column":36}},"type":"cond-expr","locations":[{"start":{"line":242,"column":10},"end":{"line":242,"column":87}},{"start":{"line":243,"column":10},"end":{"line":243,"column":36}}],"line":241},"6":{"loc":{"start":{"line":247,"column":9},"end":{"line":260,"column":13}},"type":"binary-expr","locations":[{"start":{"line":247,"column":9},"end":{"line":247,"column":24}},{"start":{"line":248,"column":10},"end":{"line":260,"column":12}}],"line":247},"7":{"loc":{"start":{"line":263,"column":7},"end":{"line":266,"column":10}},"type":"binary-expr","locations":[{"start":{"line":263,"column":7},"end":{"line":263,"column":22}},{"start":{"line":264,"column":8},"end":{"line":264,"column":36}},{"start":{"line":265,"column":10},"end":{"line":265,"column":24}}],"line":263},"8":{"loc":{"start":{"line":268,"column":7},"end":{"line":272,"column":7}},"type":"binary-expr","locations":[{"start":{"line":268,"column":7},"end":{"line":268,"column":22}},{"start":{"line":269,"column":8},"end":{"line":269,"column":22}},{"start":{"line":270,"column":10},"end":{"line":270,"column":25}}],"line":268}},"s":{"0":4,"1":4,"2":4,"3":4,"4":4,"5":4,"6":4,"7":4,"8":4,"9":4,"10":4,"11":4,"12":0,"13":0,"14":0,"15":0,"16":0,"17":0,"18":0,"19":0,"20":0,"21":0,"22":0,"23":0,"24":0,"25":0,"26":0,"27":0,"28":0,"29":0,"30":0,"31":0,"32":0,"33":0,"34":0,"35":0,"36":0,"37":0,"38":0,"39":0,"40":0,"41":0,"42":0,"43":0,"44":0,"45":0,"46":0,"47":0,"48":0,"49":0,"50":0,"51":0,"52":0,"53":0,"54":0,"55":0,"56":0,"57":0,"58":0,"59":0},"f":{"0":0,"1":0,"2":0,"3":0,"4":0,"5":0,"6":0,"7":0,"8":0,"9":0,"10":0,"11":0,"12":0,"13":0,"14":0,"15":0,"16":0,"17":0,"18":0},"b":{"0":[0,0],"1":[0,0],"2":[0,0],"3":[0,0],"4":[0,0],"5":[0,0],"6":[0,0],"7":[0,0,0],"8":[0,0,0]},"_coverageSchema":"1a1c01bbd47fc00a2c39e90264f33305004495a9","hash":"182546950ddd273ae46edcdd205783841fbf1687"}
,"/home/isaac/FEC/FEC-Atelier/client/src/components/QA/QuestionsList.jsx": {"path":"/home/isaac/FEC/FEC-Atelier/client/src/components/QA/QuestionsList.jsx","statementMap":{"0":{"start":{"line":11,"column":15},"end":{"line":20,"column":1}},"1":{"start":{"line":22,"column":16},"end":{"line":29,"column":1}},"2":{"start":{"line":31,"column":13},"end":{"line":35,"column":1}},"3":{"start":{"line":37,"column":22},"end":{"line":129,"column":1}},"4":{"start":{"line":39,"column":13},"end":{"line":39,"column":44}},"5":{"start":{"line":40,"column":34},"end":{"line":40,"column":46}},"6":{"start":{"line":41,"column":42},"end":{"line":41,"column":53}},"7":{"start":{"line":42,"column":36},"end":{"line":42,"column":51}},"8":{"start":{"line":43,"column":34},"end":{"line":43,"column":45}},"9":{"start":{"line":44,"column":38},"end":{"line":44,"column":50}},"10":{"start":{"line":46,"column":2},"end":{"line":56,"column":29}},"11":{"start":{"line":47,"column":4},"end":{"line":55,"column":8}},"12":{"start":{"line":51,"column":8},"end":{"line":51,"column":44}},"13":{"start":{"line":54,"column":8},"end":{"line":54,"column":177}},"14":{"start":{"line":59,"column":4},"end":{"line":61,"column":13}},"15":{"start":{"line":59,"column":27},"end":{"line":59,"column":61}},"16":{"start":{"line":71,"column":4},"end":{"line":73,"column":13}},"17":{"start":{"line":71,"column":27},"end":{"line":71,"column":46}},"18":{"start":{"line":76,"column":2},"end":{"line":128,"column":3}},"19":{"start":{"line":87,"column":12},"end":{"line":87,"column":43}},"20":{"start":{"line":100,"column":12},"end":{"line":104,"column":13}},"21":{"start":{"line":101,"column":14},"end":{"line":101,"column":30}},"22":{"start":{"line":102,"column":19},"end":{"line":104,"column":13}},"23":{"start":{"line":103,"column":14},"end":{"line":103,"column":30}},"24":{"start":{"line":106,"column":12},"end":{"line":112,"column":22}},"25":{"start":{"line":125,"column":46},"end":{"line":125,"column":66}}},"fnMap":{"0":{"name":"(anonymous_0)","decl":{"start":{"line":37,"column":22},"end":{"line":37,"column":23}},"loc":{"start":{"line":37,"column":33},"end":{"line":129,"column":1}},"line":37},"1":{"name":"(anonymous_1)","decl":{"start":{"line":46,"column":12},"end":{"line":46,"column":13}},"loc":{"start":{"line":46,"column":18},"end":{"line":56,"column":3}},"line":46},"2":{"name":"(anonymous_2)","decl":{"start":{"line":49,"column":12},"end":{"line":49,"column":13}},"loc":{"start":{"line":49,"column":24},"end":{"line":52,"column":7}},"line":49},"3":{"name":"(anonymous_3)","decl":{"start":{"line":53,"column":13},"end":{"line":53,"column":14}},"loc":{"start":{"line":53,"column":19},"end":{"line":55,"column":7}},"line":53},"4":{"name":"(anonymous_4)","decl":{"start":{"line":59,"column":21},"end":{"line":59,"column":22}},"loc":{"start":{"line":59,"column":27},"end":{"line":59,"column":61}},"line":59},"5":{"name":"(anonymous_5)","decl":{"start":{"line":71,"column":21},"end":{"line":71,"column":22}},"loc":{"start":{"line":71,"column":27},"end":{"line":71,"column":46}},"line":71},"6":{"name":"(anonymous_6)","decl":{"start":{"line":86,"column":20},"end":{"line":86,"column":21}},"loc":{"start":{"line":86,"column":27},"end":{"line":88,"column":11}},"line":86},"7":{"name":"(anonymous_7)","decl":{"start":{"line":99,"column":28},"end":{"line":99,"column":29}},"loc":{"start":{"line":99,"column":42},"end":{"line":105,"column":11}},"line":99},"8":{"name":"(anonymous_8)","decl":{"start":{"line":105,"column":41},"end":{"line":105,"column":42}},"loc":{"start":{"line":105,"column":62},"end":{"line":113,"column":11}},"line":105},"9":{"name":"(anonymous_9)","decl":{"start":{"line":125,"column":40},"end":{"line":125,"column":41}},"loc":{"start":{"line":125,"column":46},"end":{"line":125,"column":66}},"line":125}},"branchMap":{"0":{"loc":{"start":{"line":39,"column":13},"end":{"line":39,"column":44}},"type":"binary-expr","locations":[{"start":{"line":39,"column":13},"end":{"line":39,"column":35}},{"start":{"line":39,"column":39},"end":{"line":39,"column":44}}],"line":39},"1":{"loc":{"start":{"line":91,"column":9},"end":{"line":96,"column":11}},"type":"cond-expr","locations":[{"start":{"line":92,"column":10},"end":{"line":92,"column":69}},{"start":{"line":93,"column":10},"end":{"line":96,"column":11}}],"line":91},"2":{"loc":{"start":{"line":100,"column":12},"end":{"line":104,"column":13}},"type":"if","locations":[{"start":{"line":100,"column":12},"end":{"line":104,"column":13}},{"start":{"line":102,"column":19},"end":{"line":104,"column":13}}],"line":100},"3":{"loc":{"start":{"line":102,"column":19},"end":{"line":104,"column":13}},"type":"if","locations":[{"start":{"line":102,"column":19},"end":{"line":104,"column":13}},{"start":{},"end":{}}],"line":102},"4":{"loc":{"start":{"line":115,"column":9},"end":{"line":115,"column":174}},"type":"cond-expr","locations":[{"start":{"line":115,"column":44},"end":{"line":115,"column":106}},{"start":{"line":115,"column":109},"end":{"line":115,"column":174}}],"line":115},"5":{"loc":{"start":{"line":116,"column":9},"end":{"line":118,"column":9}},"type":"binary-expr","locations":[{"start":{"line":116,"column":9},"end":{"line":116,"column":41}},{"start":{"line":116,"column":45},"end":{"line":118,"column":9}}],"line":116},"6":{"loc":{"start":{"line":122,"column":9},"end":{"line":124,"column":9}},"type":"binary-expr","locations":[{"start":{"line":122,"column":9},"end":{"line":122,"column":29}},{"start":{"line":123,"column":10},"end":{"line":123,"column":21}}],"line":122}},"s":{"0":4,"1":4,"2":4,"3":4,"4":10,"5":3,"6":3,"7":3,"8":3,"9":3,"10":3,"11":3,"12":0,"13":0,"14":3,"15":0,"16":3,"17":0,"18":3,"19":0,"20":0,"21":0,"22":0,"23":0,"24":0,"25":0},"f":{"0":10,"1":3,"2":0,"3":0,"4":0,"5":0,"6":0,"7":0,"8":0,"9":0},"b":{"0":[10,0],"1":[0,3],"2":[0,0],"3":[0,0],"4":[0,3],"5":[3,0],"6":[3,0]},"_coverageSchema":"1a1c01bbd47fc00a2c39e90264f33305004495a9","hash":"6fcf34446d37e98d1893ab9011174f861b519c86"}
,"/home/isaac/FEC/FEC-Atelier/client/src/components/QA/Modals/AnswerModal.jsx": {"path":"/home/isaac/FEC/FEC-Atelier/client/src/components/QA/Modals/AnswerModal.jsx","statementMap":{"0":{"start":{"line":6,"column":2},"end":{"line":8,"column":3}},"1":{"start":{"line":7,"column":4},"end":{"line":7,"column":15}},"2":{"start":{"line":10,"column":32},"end":{"line":10,"column":44}},"3":{"start":{"line":11,"column":26},"end":{"line":11,"column":38}},"4":{"start":{"line":12,"column":24},"end":{"line":12,"column":36}},"5":{"start":{"line":13,"column":24},"end":{"line":13,"column":38}},"6":{"start":{"line":15,"column":31},"end":{"line":19,"column":3}},"7":{"start":{"line":16,"column":4},"end":{"line":18,"column":5}},"8":{"start":{"line":17,"column":6},"end":{"line":17,"column":16}},"9":{"start":{"line":21,"column":2},"end":{"line":26,"column":8}},"10":{"start":{"line":22,"column":4},"end":{"line":22,"column":67}},"11":{"start":{"line":23,"column":4},"end":{"line":25,"column":5}},"12":{"start":{"line":24,"column":6},"end":{"line":24,"column":72}},"13":{"start":{"line":28,"column":23},"end":{"line":49,"column":3}},"14":{"start":{"line":29,"column":4},"end":{"line":29,"column":23}},"15":{"start":{"line":30,"column":4},"end":{"line":48,"column":5}},"16":{"start":{"line":31,"column":6},"end":{"line":31,"column":71}},"17":{"start":{"line":33,"column":6},"end":{"line":33,"column":54}},"18":{"start":{"line":34,"column":6},"end":{"line":47,"column":10}},"19":{"start":{"line":42,"column":10},"end":{"line":42,"column":63}},"20":{"start":{"line":43,"column":10},"end":{"line":43,"column":20}},"21":{"start":{"line":46,"column":10},"end":{"line":46,"column":54}},"22":{"start":{"line":52,"column":4},"end":{"line":63,"column":12}},"23":{"start":{"line":60,"column":23},"end":{"line":60,"column":50}},"24":{"start":{"line":67,"column":4},"end":{"line":77,"column":12}},"25":{"start":{"line":74,"column":23},"end":{"line":74,"column":47}},"26":{"start":{"line":81,"column":4},"end":{"line":93,"column":12}},"27":{"start":{"line":90,"column":23},"end":{"line":90,"column":46}},"28":{"start":{"line":96,"column":2},"end":{"line":125,"column":3}}},"fnMap":{"0":{"name":"AnswerModal","decl":{"start":{"line":5,"column":24},"end":{"line":5,"column":35}},"loc":{"start":{"line":5,"column":86},"end":{"line":126,"column":1}},"line":5},"1":{"name":"(anonymous_1)","decl":{"start":{"line":15,"column":31},"end":{"line":15,"column":32}},"loc":{"start":{"line":15,"column":38},"end":{"line":19,"column":3}},"line":15},"2":{"name":"(anonymous_2)","decl":{"start":{"line":21,"column":12},"end":{"line":21,"column":13}},"loc":{"start":{"line":21,"column":18},"end":{"line":26,"column":3}},"line":21},"3":{"name":"cleanup","decl":{"start":{"line":23,"column":20},"end":{"line":23,"column":27}},"loc":{"start":{"line":23,"column":30},"end":{"line":25,"column":5}},"line":23},"4":{"name":"(anonymous_4)","decl":{"start":{"line":28,"column":23},"end":{"line":28,"column":24}},"loc":{"start":{"line":28,"column":30},"end":{"line":49,"column":3}},"line":28},"5":{"name":"(anonymous_5)","decl":{"start":{"line":41,"column":14},"end":{"line":41,"column":15}},"loc":{"start":{"line":41,"column":26},"end":{"line":44,"column":9}},"line":41},"6":{"name":"(anonymous_6)","decl":{"start":{"line":45,"column":15},"end":{"line":45,"column":16}},"loc":{"start":{"line":45,"column":22},"end":{"line":47,"column":9}},"line":45},"7":{"name":"(anonymous_7)","decl":{"start":{"line":60,"column":18},"end":{"line":60,"column":19}},"loc":{"start":{"line":60,"column":23},"end":{"line":60,"column":50}},"line":60},"8":{"name":"(anonymous_8)","decl":{"start":{"line":74,"column":18},"end":{"line":74,"column":19}},"loc":{"start":{"line":74,"column":23},"end":{"line":74,"column":47}},"line":74},"9":{"name":"(anonymous_9)","decl":{"start":{"line":90,"column":18},"end":{"line":90,"column":19}},"loc":{"start":{"line":90,"column":23},"end":{"line":90,"column":46}},"line":90}},"branchMap":{"0":{"loc":{"start":{"line":6,"column":2},"end":{"line":8,"column":3}},"type":"if","locations":[{"start":{"line":6,"column":2},"end":{"line":8,"column":3}},{"start":{},"end":{}}],"line":6},"1":{"loc":{"start":{"line":16,"column":4},"end":{"line":18,"column":5}},"type":"if","locations":[{"start":{"line":16,"column":4},"end":{"line":18,"column":5}},{"start":{},"end":{}}],"line":16},"2":{"loc":{"start":{"line":16,"column":9},"end":{"line":16,"column":32}},"type":"binary-expr","locations":[{"start":{"line":16,"column":9},"end":{"line":16,"column":19}},{"start":{"line":16,"column":23},"end":{"line":16,"column":32}}],"line":16},"3":{"loc":{"start":{"line":30,"column":4},"end":{"line":48,"column":5}},"type":"if","locations":[{"start":{"line":30,"column":4},"end":{"line":48,"column":5}},{"start":{"line":32,"column":11},"end":{"line":48,"column":5}}],"line":30},"4":{"loc":{"start":{"line":30,"column":8},"end":{"line":30,"column":54}},"type":"binary-expr","locations":[{"start":{"line":30,"column":8},"end":{"line":30,"column":23}},{"start":{"line":30,"column":27},"end":{"line":30,"column":39}},{"start":{"line":30,"column":43},"end":{"line":30,"column":54}}],"line":30}},"s":{"0":0,"1":0,"2":0,"3":0,"4":0,"5":0,"6":0,"7":0,"8":0,"9":0,"10":0,"11":0,"12":0,"13":0,"14":0,"15":0,"16":0,"17":0,"18":0,"19":0,"20":0,"21":0,"22":0,"23":0,"24":0,"25":0,"26":0,"27":0,"28":0},"f":{"0":0,"1":0,"2":0,"3":0,"4":0,"5":0,"6":0,"7":0,"8":0,"9":0},"b":{"0":[0,0],"1":[0,0],"2":[0,0],"3":[0,0],"4":[0,0,0]},"_coverageSchema":"1a1c01bbd47fc00a2c39e90264f33305004495a9","hash":"1dfd946607624abe48be84336b221e2399f4d874"}
,"/home/isaac/FEC/FEC-Atelier/client/src/components/QA/Modals/ImageModal.jsx": {"path":"/home/isaac/FEC/FEC-Atelier/client/src/components/QA/Modals/ImageModal.jsx","statementMap":{"0":{"start":{"line":5,"column":14},"end":{"line":12,"column":1}},"1":{"start":{"line":23,"column":2},"end":{"line":41,"column":3}}},"fnMap":{"0":{"name":"Modal","decl":{"start":{"line":14,"column":24},"end":{"line":14,"column":29}},"loc":{"start":{"line":14,"column":58},"end":{"line":42,"column":1}},"line":14}},"branchMap":{},"s":{"0":4,"1":0},"f":{"0":0},"b":{},"_coverageSchema":"1a1c01bbd47fc00a2c39e90264f33305004495a9","hash":"8991bd4f4e9899fa443c9d28d3a05b7b8058e858"}
,"/home/isaac/FEC/FEC-Atelier/client/src/components/QA/Modals/QuestionModal.jsx": {"path":"/home/isaac/FEC/FEC-Atelier/client/src/components/QA/Modals/QuestionModal.jsx","statementMap":{"0":{"start":{"line":6,"column":2},"end":{"line":8,"column":3}},"1":{"start":{"line":7,"column":4},"end":{"line":7,"column":15}},"2":{"start":{"line":10,"column":32},"end":{"line":10,"column":44}},"3":{"start":{"line":11,"column":26},"end":{"line":11,"column":38}},"4":{"start":{"line":12,"column":24},"end":{"line":12,"column":36}},"5":{"start":{"line":14,"column":31},"end":{"line":18,"column":3}},"6":{"start":{"line":15,"column":4},"end":{"line":17,"column":5}},"7":{"start":{"line":16,"column":6},"end":{"line":16,"column":16}},"8":{"start":{"line":20,"column":2},"end":{"line":25,"column":8}},"9":{"start":{"line":21,"column":4},"end":{"line":21,"column":67}},"10":{"start":{"line":22,"column":4},"end":{"line":24,"column":5}},"11":{"start":{"line":23,"column":6},"end":{"line":23,"column":72}},"12":{"start":{"line":27,"column":23},"end":{"line":48,"column":3}},"13":{"start":{"line":28,"column":4},"end":{"line":28,"column":23}},"14":{"start":{"line":29,"column":4},"end":{"line":47,"column":5}},"15":{"start":{"line":30,"column":6},"end":{"line":30,"column":71}},"16":{"start":{"line":32,"column":6},"end":{"line":32,"column":45}},"17":{"start":{"line":33,"column":6},"end":{"line":46,"column":10}},"18":{"start":{"line":41,"column":10},"end":{"line":41,"column":73}},"19":{"start":{"line":42,"column":10},"end":{"line":42,"column":20}},"20":{"start":{"line":45,"column":10},"end":{"line":45,"column":58}},"21":{"start":{"line":51,"column":4},"end":{"line":64,"column":12}},"22":{"start":{"line":60,"column":23},"end":{"line":60,"column":50}},"23":{"start":{"line":68,"column":4},"end":{"line":81,"column":12}},"24":{"start":{"line":77,"column":23},"end":{"line":77,"column":47}},"25":{"start":{"line":85,"column":4},"end":{"line":98,"column":12}},"26":{"start":{"line":95,"column":23},"end":{"line":95,"column":46}},"27":{"start":{"line":101,"column":2},"end":{"line":125,"column":3}}},"fnMap":{"0":{"name":"AnswerModal","decl":{"start":{"line":5,"column":24},"end":{"line":5,"column":35}},"loc":{"start":{"line":5,"column":64},"end":{"line":126,"column":1}},"line":5},"1":{"name":"(anonymous_1)","decl":{"start":{"line":14,"column":31},"end":{"line":14,"column":32}},"loc":{"start":{"line":14,"column":38},"end":{"line":18,"column":3}},"line":14},"2":{"name":"(anonymous_2)","decl":{"start":{"line":20,"column":12},"end":{"line":20,"column":13}},"loc":{"start":{"line":20,"column":18},"end":{"line":25,"column":3}},"line":20},"3":{"name":"cleanup","decl":{"start":{"line":22,"column":20},"end":{"line":22,"column":27}},"loc":{"start":{"line":22,"column":30},"end":{"line":24,"column":5}},"line":22},"4":{"name":"(anonymous_4)","decl":{"start":{"line":27,"column":23},"end":{"line":27,"column":24}},"loc":{"start":{"line":27,"column":30},"end":{"line":48,"column":3}},"line":27},"5":{"name":"(anonymous_5)","decl":{"start":{"line":40,"column":14},"end":{"line":40,"column":15}},"loc":{"start":{"line":40,"column":26},"end":{"line":43,"column":9}},"line":40},"6":{"name":"(anonymous_6)","decl":{"start":{"line":44,"column":15},"end":{"line":44,"column":16}},"loc":{"start":{"line":44,"column":22},"end":{"line":46,"column":9}},"line":44},"7":{"name":"(anonymous_7)","decl":{"start":{"line":60,"column":18},"end":{"line":60,"column":19}},"loc":{"start":{"line":60,"column":23},"end":{"line":60,"column":50}},"line":60},"8":{"name":"(anonymous_8)","decl":{"start":{"line":77,"column":18},"end":{"line":77,"column":19}},"loc":{"start":{"line":77,"column":23},"end":{"line":77,"column":47}},"line":77},"9":{"name":"(anonymous_9)","decl":{"start":{"line":95,"column":18},"end":{"line":95,"column":19}},"loc":{"start":{"line":95,"column":23},"end":{"line":95,"column":46}},"line":95}},"branchMap":{"0":{"loc":{"start":{"line":6,"column":2},"end":{"line":8,"column":3}},"type":"if","locations":[{"start":{"line":6,"column":2},"end":{"line":8,"column":3}},{"start":{},"end":{}}],"line":6},"1":{"loc":{"start":{"line":15,"column":4},"end":{"line":17,"column":5}},"type":"if","locations":[{"start":{"line":15,"column":4},"end":{"line":17,"column":5}},{"start":{},"end":{}}],"line":15},"2":{"loc":{"start":{"line":15,"column":9},"end":{"line":15,"column":32}},"type":"binary-expr","locations":[{"start":{"line":15,"column":9},"end":{"line":15,"column":19}},{"start":{"line":15,"column":23},"end":{"line":15,"column":32}}],"line":15},"3":{"loc":{"start":{"line":29,"column":4},"end":{"line":47,"column":5}},"type":"if","locations":[{"start":{"line":29,"column":4},"end":{"line":47,"column":5}},{"start":{"line":31,"column":11},"end":{"line":47,"column":5}}],"line":29},"4":{"loc":{"start":{"line":29,"column":8},"end":{"line":29,"column":54}},"type":"binary-expr","locations":[{"start":{"line":29,"column":8},"end":{"line":29,"column":23}},{"start":{"line":29,"column":27},"end":{"line":29,"column":39}},{"start":{"line":29,"column":43},"end":{"line":29,"column":54}}],"line":29},"5":{"loc":{"start":{"line":102,"column":29},"end":{"line":102,"column":53}},"type":"cond-expr","locations":[{"start":{"line":102,"column":42},"end":{"line":102,"column":48}},{"start":{"line":102,"column":51},"end":{"line":102,"column":53}}],"line":102}},"s":{"0":3,"1":3,"2":0,"3":0,"4":0,"5":0,"6":0,"7":0,"8":0,"9":0,"10":0,"11":0,"12":0,"13":0,"14":0,"15":0,"16":0,"17":0,"18":0,"19":0,"20":0,"21":0,"22":0,"23":0,"24":0,"25":0,"26":0,"27":0},"f":{"0":3,"1":0,"2":0,"3":0,"4":0,"5":0,"6":0,"7":0,"8":0,"9":0},"b":{"0":[3,0],"1":[0,0],"2":[0,0],"3":[0,0],"4":[0,0,0],"5":[0,0]},"_coverageSchema":"1a1c01bbd47fc00a2c39e90264f33305004495a9","hash":"cf755d2a6d593935b994159242aa15df82b976fa"}
,"/home/isaac/FEC/FEC-Atelier/client/src/components/R&R/Bars.jsx": {"path":"/home/isaac/FEC/FEC-Atelier/client/src/components/R&R/Bars.jsx","statementMap":{"0":{"start":{"line":3,"column":18},"end":{"line":8,"column":3}},"1":{"start":{"line":10,"column":17},"end":{"line":15,"column":3}},"2":{"start":{"line":17,"column":16},"end":{"line":19,"column":3}},"3":{"start":{"line":21,"column":13},"end":{"line":84,"column":1}},"4":{"start":{"line":23,"column":13},"end":{"line":23,"column":31}},"5":{"start":{"line":24,"column":13},"end":{"line":24,"column":31}},"6":{"start":{"line":25,"column":14},"end":{"line":25,"column":32}},"7":{"start":{"line":26,"column":12},"end":{"line":26,"column":30}},"8":{"start":{"line":27,"column":12},"end":{"line":27,"column":30}},"9":{"start":{"line":29,"column":14},"end":{"line":29,"column":37}},"10":{"start":{"line":30,"column":16},"end":{"line":30,"column":25}},"11":{"start":{"line":31,"column":16},"end":{"line":31,"column":25}},"12":{"start":{"line":32,"column":18},"end":{"line":32,"column":29}},"13":{"start":{"line":33,"column":17},"end":{"line":33,"column":27}},"14":{"start":{"line":34,"column":17},"end":{"line":34,"column":27}},"15":{"start":{"line":36,"column":12},"end":{"line":42,"column":3}},"16":{"start":{"line":44,"column":24},"end":{"line":52,"column":3}},"17":{"start":{"line":45,"column":21},"end":{"line":45,"column":33}},"18":{"start":{"line":46,"column":4},"end":{"line":50,"column":5}},"19":{"start":{"line":47,"column":6},"end":{"line":47,"column":32}},"20":{"start":{"line":49,"column":6},"end":{"line":49,"column":29}},"21":{"start":{"line":51,"column":4},"end":{"line":51,"column":27}},"22":{"start":{"line":54,"column":17},"end":{"line":54,"column":19}},"23":{"start":{"line":55,"column":2},"end":{"line":57,"column":4}},"24":{"start":{"line":56,"column":4},"end":{"line":56,"column":36}},"25":{"start":{"line":59,"column":2},"end":{"line":83,"column":3}},"26":{"start":{"line":63,"column":32},"end":{"line":63,"column":46}},"27":{"start":{"line":72,"column":8},"end":{"line":79,"column":11}},"28":{"start":{"line":73,"column":37},"end":{"line":73,"column":63}}},"fnMap":{"0":{"name":"(anonymous_0)","decl":{"start":{"line":21,"column":13},"end":{"line":21,"column":14}},"loc":{"start":{"line":21,"column":50},"end":{"line":84,"column":1}},"line":21},"1":{"name":"(anonymous_1)","decl":{"start":{"line":44,"column":24},"end":{"line":44,"column":25}},"loc":{"start":{"line":44,"column":36},"end":{"line":52,"column":3}},"line":44},"2":{"name":"(anonymous_2)","decl":{"start":{"line":55,"column":31},"end":{"line":55,"column":32}},"loc":{"start":{"line":55,"column":43},"end":{"line":57,"column":3}},"line":55},"3":{"name":"(anonymous_3)","decl":{"start":{"line":63,"column":25},"end":{"line":63,"column":26}},"loc":{"start":{"line":63,"column":31},"end":{"line":63,"column":47}},"line":63},"4":{"name":"(anonymous_4)","decl":{"start":{"line":66,"column":17},"end":{"line":66,"column":18}},"loc":{"start":{"line":66,"column":27},"end":{"line":80,"column":9}},"line":66},"5":{"name":"(anonymous_5)","decl":{"start":{"line":73,"column":30},"end":{"line":73,"column":31}},"loc":{"start":{"line":73,"column":36},"end":{"line":73,"column":64}},"line":73}},"branchMap":{"0":{"loc":{"start":{"line":46,"column":4},"end":{"line":50,"column":5}},"type":"if","locations":[{"start":{"line":46,"column":4},"end":{"line":50,"column":5}},{"start":{"line":48,"column":11},"end":{"line":50,"column":5}}],"line":46}},"s":{"0":3,"1":3,"2":3,"3":3,"4":3,"5":3,"6":3,"7":3,"8":3,"9":3,"10":3,"11":3,"12":3,"13":3,"14":3,"15":3,"16":3,"17":0,"18":0,"19":0,"20":0,"21":0,"22":3,"23":3,"24":0,"25":3,"26":0,"27":15,"28":0},"f":{"0":3,"1":0,"2":0,"3":0,"4":15,"5":0},"b":{"0":[0,0]},"_coverageSchema":"1a1c01bbd47fc00a2c39e90264f33305004495a9","hash":"70c6d9fda193f8d4d11a8f923059731c8a58af9b"}
,"/home/isaac/FEC/FEC-Atelier/client/src/components/R&R/ConvertPhoto.jsx": {"path":"/home/isaac/FEC/FEC-Atelier/client/src/components/R&R/ConvertPhoto.jsx","statementMap":{"0":{"start":{"line":5,"column":4},"end":{"line":16,"column":7}},"1":{"start":{"line":6,"column":21},"end":{"line":6,"column":37}},"2":{"start":{"line":7,"column":6},"end":{"line":7,"column":33}},"3":{"start":{"line":8,"column":6},"end":{"line":14,"column":8}},"4":{"start":{"line":9,"column":22},"end":{"line":9,"column":74}},"5":{"start":{"line":10,"column":8},"end":{"line":12,"column":9}},"6":{"start":{"line":11,"column":10},"end":{"line":11,"column":58}},"7":{"start":{"line":13,"column":8},"end":{"line":13,"column":25}},"8":{"start":{"line":15,"column":6},"end":{"line":15,"column":46}},"9":{"start":{"line":15,"column":32},"end":{"line":15,"column":45}},"10":{"start":{"line":19,"column":27},"end":{"line":40,"column":3}},"11":{"start":{"line":20,"column":20},"end":{"line":20,"column":22}},"12":{"start":{"line":21,"column":4},"end":{"line":24,"column":5}},"13":{"start":{"line":21,"column":17},"end":{"line":21,"column":18}},"14":{"start":{"line":22,"column":19},"end":{"line":22,"column":38}},"15":{"start":{"line":23,"column":6},"end":{"line":23,"column":29}},"16":{"start":{"line":26,"column":4},"end":{"line":39,"column":6}},"17":{"start":{"line":28,"column":19},"end":{"line":28,"column":21}},"18":{"start":{"line":29,"column":6},"end":{"line":33,"column":9}},"19":{"start":{"line":30,"column":19},"end":{"line":30,"column":33}},"20":{"start":{"line":31,"column":8},"end":{"line":31,"column":37}},"21":{"start":{"line":32,"column":8},"end":{"line":32,"column":109}},"22":{"start":{"line":34,"column":6},"end":{"line":38,"column":8}},"23":{"start":{"line":36,"column":19},"end":{"line":36,"column":67}},"24":{"start":{"line":36,"column":40},"end":{"line":36,"column":66}},"25":{"start":{"line":37,"column":8},"end":{"line":37,"column":24}}},"fnMap":{"0":{"name":"getBase64","decl":{"start":{"line":4,"column":11},"end":{"line":4,"column":20}},"loc":{"start":{"line":4,"column":27},"end":{"line":17,"column":3}},"line":4},"1":{"name":"(anonymous_1)","decl":{"start":{"line":5,"column":23},"end":{"line":5,"column":24}},"loc":{"start":{"line":5,"column":44},"end":{"line":16,"column":5}},"line":5},"2":{"name":"(anonymous_2)","decl":{"start":{"line":8,"column":22},"end":{"line":8,"column":23}},"loc":{"start":{"line":8,"column":28},"end":{"line":14,"column":7}},"line":8},"3":{"name":"(anonymous_3)","decl":{"start":{"line":15,"column":23},"end":{"line":15,"column":24}},"loc":{"start":{"line":15,"column":32},"end":{"line":15,"column":45}},"line":15},"4":{"name":"(anonymous_4)","decl":{"start":{"line":19,"column":27},"end":{"line":19,"column":28}},"loc":{"start":{"line":19,"column":49},"end":{"line":40,"column":3}},"line":19},"5":{"name":"(anonymous_5)","decl":{"start":{"line":27,"column":10},"end":{"line":27,"column":11}},"loc":{"start":{"line":27,"column":25},"end":{"line":39,"column":5}},"line":27},"6":{"name":"(anonymous_6)","decl":{"start":{"line":29,"column":24},"end":{"line":29,"column":25}},"loc":{"start":{"line":29,"column":36},"end":{"line":33,"column":7}},"line":29},"7":{"name":"(anonymous_7)","decl":{"start":{"line":35,"column":12},"end":{"line":35,"column":13}},"loc":{"start":{"line":35,"column":24},"end":{"line":38,"column":7}},"line":35},"8":{"name":"(anonymous_8)","decl":{"start":{"line":36,"column":30},"end":{"line":36,"column":31}},"loc":{"start":{"line":36,"column":40},"end":{"line":36,"column":66}},"line":36}},"branchMap":{"0":{"loc":{"start":{"line":10,"column":8},"end":{"line":12,"column":9}},"type":"if","locations":[{"start":{"line":10,"column":8},"end":{"line":12,"column":9}},{"start":{},"end":{}}],"line":10}},"s":{"0":0,"1":0,"2":0,"3":0,"4":0,"5":0,"6":0,"7":0,"8":0,"9":0,"10":3,"11":0,"12":0,"13":0,"14":0,"15":0,"16":0,"17":0,"18":0,"19":0,"20":0,"21":0,"22":0,"23":0,"24":0,"25":0},"f":{"0":0,"1":0,"2":0,"3":0,"4":0,"5":0,"6":0,"7":0,"8":0},"b":{"0":[0,0]},"_coverageSchema":"1a1c01bbd47fc00a2c39e90264f33305004495a9","hash":"559b27d8f1f5c1822bf82c18c5898d99549e5ea6"}
,"/home/isaac/FEC/FEC-Atelier/client/src/components/R&R/NewReview.jsx": {"path":"/home/isaac/FEC/FEC-Atelier/client/src/components/R&R/NewReview.jsx","statementMap":{"0":{"start":{"line":9,"column":14},"end":{"line":17,"column":1}},"1":{"start":{"line":19,"column":16},"end":{"line":28,"column":1}},"2":{"start":{"line":30,"column":21},"end":{"line":46,"column":1}},"3":{"start":{"line":48,"column":25},"end":{"line":54,"column":1}},"4":{"start":{"line":56,"column":17},"end":{"line":58,"column":1}},"5":{"start":{"line":86,"column":15},"end":{"line":90,"column":1}},"6":{"start":{"line":92,"column":18},"end":{"line":98,"column":1}},"7":{"start":{"line":100,"column":24},"end":{"line":101,"column":1}},"8":{"start":{"line":103,"column":19},"end":{"line":107,"column":1}},"9":{"start":{"line":109,"column":17},"end":{"line":112,"column":1}},"10":{"start":{"line":114,"column":18},"end":{"line":277,"column":1}},"11":{"start":{"line":115,"column":13},"end":{"line":115,"column":35}},"12":{"start":{"line":116,"column":22},"end":{"line":116,"column":53}},"13":{"start":{"line":118,"column":26},"end":{"line":118,"column":40}},"14":{"start":{"line":119,"column":36},"end":{"line":119,"column":48}},"15":{"start":{"line":120,"column":32},"end":{"line":120,"column":44}},"16":{"start":{"line":121,"column":26},"end":{"line":121,"column":38}},"17":{"start":{"line":122,"column":34},"end":{"line":122,"column":46}},"18":{"start":{"line":123,"column":28},"end":{"line":123,"column":40}},"19":{"start":{"line":124,"column":30},"end":{"line":124,"column":42}},"20":{"start":{"line":125,"column":48},"end":{"line":125,"column":60}},"21":{"start":{"line":126,"column":38},"end":{"line":126,"column":50}},"22":{"start":{"line":127,"column":34},"end":{"line":127,"column":46}},"23":{"start":{"line":129,"column":31},"end":{"line":133,"column":3}},"24":{"start":{"line":130,"column":4},"end":{"line":132,"column":5}},"25":{"start":{"line":131,"column":6},"end":{"line":131,"column":19}},"26":{"start":{"line":135,"column":2},"end":{"line":140,"column":8}},"27":{"start":{"line":136,"column":4},"end":{"line":136,"column":67}},"28":{"start":{"line":137,"column":4},"end":{"line":139,"column":5}},"29":{"start":{"line":138,"column":6},"end":{"line":138,"column":72}},"30":{"start":{"line":142,"column":23},"end":{"line":162,"column":3}},"31":{"start":{"line":143,"column":4},"end":{"line":143,"column":23}},"32":{"start":{"line":144,"column":20},"end":{"line":154,"column":5}},"33":{"start":{"line":155,"column":4},"end":{"line":155,"column":27}},"34":{"start":{"line":156,"column":4},"end":{"line":161,"column":47}},"35":{"start":{"line":158,"column":6},"end":{"line":158,"column":48}},"36":{"start":{"line":159,"column":6},"end":{"line":159,"column":19}},"37":{"start":{"line":161,"column":20},"end":{"line":161,"column":45}},"38":{"start":{"line":164,"column":2},"end":{"line":175,"column":8}},"39":{"start":{"line":165,"column":4},"end":{"line":174,"column":6}},"40":{"start":{"line":167,"column":20},"end":{"line":167,"column":22}},"41":{"start":{"line":168,"column":22},"end":{"line":168,"column":63}},"42":{"start":{"line":169,"column":6},"end":{"line":171,"column":8}},"43":{"start":{"line":170,"column":8},"end":{"line":170,"column":76}},"44":{"start":{"line":172,"column":6},"end":{"line":172,"column":36}},"45":{"start":{"line":173,"column":6},"end":{"line":173,"column":25}},"46":{"start":{"line":177,"column":2},"end":{"line":276,"column":3}},"47":{"start":{"line":181,"column":34},"end":{"line":181,"column":61}},"48":{"start":{"line":181,"column":55},"end":{"line":181,"column":60}},"49":{"start":{"line":194,"column":20},"end":{"line":194,"column":39}},"50":{"start":{"line":198,"column":20},"end":{"line":198,"column":40}},"51":{"start":{"line":207,"column":34},"end":{"line":207,"column":63}},"52":{"start":{"line":208,"column":20},"end":{"line":228,"column":21}},"53":{"start":{"line":213,"column":30},"end":{"line":224,"column":39}},"54":{"start":{"line":215,"column":54},"end":{"line":215,"column":69}},"55":{"start":{"line":216,"column":50},"end":{"line":216,"column":88}},"56":{"start":{"line":217,"column":49},"end":{"line":217,"column":76}},"57":{"start":{"line":218,"column":47},"end":{"line":218,"column":65}},"58":{"start":{"line":219,"column":34},"end":{"line":219,"column":68}},"59":{"start":{"line":220,"column":34},"end":{"line":220,"column":63}},"60":{"start":{"line":234,"column":136},"end":{"line":234,"column":162}},"61":{"start":{"line":238,"column":167},"end":{"line":238,"column":190}},"62":{"start":{"line":244,"column":30},"end":{"line":244,"column":44}},"63":{"start":{"line":245,"column":18},"end":{"line":245,"column":53}},"64":{"start":{"line":255,"column":43},"end":{"line":255,"column":80}},"65":{"start":{"line":260,"column":137},"end":{"line":260,"column":164}},"66":{"start":{"line":265,"column":144},"end":{"line":265,"column":168}},"67":{"start":{"line":270,"column":43},"end":{"line":270,"column":70}},"68":{"start":{"line":270,"column":64},"end":{"line":270,"column":69}}},"fnMap":{"0":{"name":"(anonymous_0)","decl":{"start":{"line":114,"column":18},"end":{"line":114,"column":19}},"loc":{"start":{"line":114,"column":61},"end":{"line":277,"column":1}},"line":114},"1":{"name":"(anonymous_1)","decl":{"start":{"line":129,"column":31},"end":{"line":129,"column":32}},"loc":{"start":{"line":129,"column":38},"end":{"line":133,"column":3}},"line":129},"2":{"name":"(anonymous_2)","decl":{"start":{"line":135,"column":12},"end":{"line":135,"column":13}},"loc":{"start":{"line":135,"column":18},"end":{"line":140,"column":3}},"line":135},"3":{"name":"cleanup","decl":{"start":{"line":137,"column":20},"end":{"line":137,"column":27}},"loc":{"start":{"line":137,"column":30},"end":{"line":139,"column":5}},"line":137},"4":{"name":"(anonymous_4)","decl":{"start":{"line":142,"column":23},"end":{"line":142,"column":24}},"loc":{"start":{"line":142,"column":30},"end":{"line":162,"column":3}},"line":142},"5":{"name":"(anonymous_5)","decl":{"start":{"line":157,"column":10},"end":{"line":157,"column":11}},"loc":{"start":{"line":157,"column":19},"end":{"line":160,"column":5}},"line":157},"6":{"name":"(anonymous_6)","decl":{"start":{"line":161,"column":11},"end":{"line":161,"column":12}},"loc":{"start":{"line":161,"column":20},"end":{"line":161,"column":45}},"line":161},"7":{"name":"(anonymous_7)","decl":{"start":{"line":164,"column":12},"end":{"line":164,"column":13}},"loc":{"start":{"line":164,"column":18},"end":{"line":175,"column":3}},"line":164},"8":{"name":"(anonymous_8)","decl":{"start":{"line":166,"column":10},"end":{"line":166,"column":11}},"loc":{"start":{"line":166,"column":23},"end":{"line":174,"column":5}},"line":166},"9":{"name":"(anonymous_9)","decl":{"start":{"line":169,"column":24},"end":{"line":169,"column":25}},"loc":{"start":{"line":169,"column":38},"end":{"line":171,"column":7}},"line":169},"10":{"name":"(anonymous_10)","decl":{"start":{"line":181,"column":28},"end":{"line":181,"column":29}},"loc":{"start":{"line":181,"column":34},"end":{"line":181,"column":61}},"line":181},"11":{"name":"(anonymous_11)","decl":{"start":{"line":181,"column":47},"end":{"line":181,"column":48}},"loc":{"start":{"line":181,"column":55},"end":{"line":181,"column":60}},"line":181},"12":{"name":"(anonymous_12)","decl":{"start":{"line":193,"column":85},"end":{"line":193,"column":86}},"loc":{"start":{"line":193,"column":92},"end":{"line":195,"column":19}},"line":193},"13":{"name":"(anonymous_13)","decl":{"start":{"line":197,"column":75},"end":{"line":197,"column":76}},"loc":{"start":{"line":197,"column":82},"end":{"line":199,"column":19}},"line":197},"14":{"name":"(anonymous_14)","decl":{"start":{"line":206,"column":39},"end":{"line":206,"column":40}},"loc":{"start":{"line":206,"column":49},"end":{"line":229,"column":19}},"line":206},"15":{"name":"(anonymous_15)","decl":{"start":{"line":212,"column":41},"end":{"line":212,"column":42}},"loc":{"start":{"line":213,"column":30},"end":{"line":224,"column":39}},"line":213},"16":{"name":"(anonymous_16)","decl":{"start":{"line":214,"column":96},"end":{"line":214,"column":97}},"loc":{"start":{"line":214,"column":103},"end":{"line":221,"column":33}},"line":214},"17":{"name":"(anonymous_17)","decl":{"start":{"line":234,"column":128},"end":{"line":234,"column":129}},"loc":{"start":{"line":234,"column":135},"end":{"line":234,"column":163}},"line":234},"18":{"name":"(anonymous_18)","decl":{"start":{"line":238,"column":159},"end":{"line":238,"column":160}},"loc":{"start":{"line":238,"column":166},"end":{"line":238,"column":191}},"line":238},"19":{"name":"(anonymous_19)","decl":{"start":{"line":243,"column":106},"end":{"line":243,"column":107}},"loc":{"start":{"line":243,"column":113},"end":{"line":246,"column":17}},"line":243},"20":{"name":"(anonymous_20)","decl":{"start":{"line":255,"column":32},"end":{"line":255,"column":33}},"loc":{"start":{"line":255,"column":43},"end":{"line":255,"column":80}},"line":255},"21":{"name":"(anonymous_21)","decl":{"start":{"line":260,"column":129},"end":{"line":260,"column":130}},"loc":{"start":{"line":260,"column":136},"end":{"line":260,"column":165}},"line":260},"22":{"name":"(anonymous_22)","decl":{"start":{"line":265,"column":136},"end":{"line":265,"column":137}},"loc":{"start":{"line":265,"column":143},"end":{"line":265,"column":169}},"line":265},"23":{"name":"(anonymous_23)","decl":{"start":{"line":270,"column":37},"end":{"line":270,"column":38}},"loc":{"start":{"line":270,"column":43},"end":{"line":270,"column":70}},"line":270},"24":{"name":"(anonymous_24)","decl":{"start":{"line":270,"column":56},"end":{"line":270,"column":57}},"loc":{"start":{"line":270,"column":64},"end":{"line":270,"column":69}},"line":270}},"branchMap":{"0":{"loc":{"start":{"line":130,"column":4},"end":{"line":132,"column":5}},"type":"if","locations":[{"start":{"line":130,"column":4},"end":{"line":132,"column":5}},{"start":{},"end":{}}],"line":130},"1":{"loc":{"start":{"line":130,"column":9},"end":{"line":130,"column":32}},"type":"binary-expr","locations":[{"start":{"line":130,"column":9},"end":{"line":130,"column":19}},{"start":{"line":130,"column":23},"end":{"line":130,"column":32}}],"line":130},"2":{"loc":{"start":{"line":179,"column":7},"end":{"line":274,"column":14}},"type":"cond-expr","locations":[{"start":{"line":180,"column":8},"end":{"line":272,"column":16}},{"start":{"line":274,"column":10},"end":{"line":274,"column":14}}],"line":179},"3":{"loc":{"start":{"line":223,"column":55},"end":{"line":223,"column":117}},"type":"binary-expr","locations":[{"start":{"line":223,"column":56},"end":{"line":223,"column":70}},{"start":{"line":223,"column":74},"end":{"line":223,"column":88}},{"start":{"line":223,"column":93},"end":{"line":223,"column":117}}],"line":223},"4":{"loc":{"start":{"line":239,"column":17},"end":{"line":239,"column":138}},"type":"cond-expr","locations":[{"start":{"line":239,"column":36},"end":{"line":239,"column":107}},{"start":{"line":239,"column":110},"end":{"line":239,"column":138}}],"line":239},"5":{"loc":{"start":{"line":241,"column":15},"end":{"line":247,"column":25}},"type":"binary-expr","locations":[{"start":{"line":241,"column":15},"end":{"line":241,"column":32}},{"start":{"line":241,"column":36},"end":{"line":247,"column":25}}],"line":241},"6":{"loc":{"start":{"line":248,"column":15},"end":{"line":250,"column":27}},"type":"binary-expr","locations":[{"start":{"line":248,"column":15},"end":{"line":248,"column":33}},{"start":{"line":248,"column":37},"end":{"line":250,"column":27}}],"line":248},"7":{"loc":{"start":{"line":252,"column":17},"end":{"line":256,"column":24}},"type":"cond-expr","locations":[{"start":{"line":253,"column":18},"end":{"line":253,"column":51}},{"start":{"line":254,"column":18},"end":{"line":256,"column":24}}],"line":252}},"s":{"0":3,"1":3,"2":3,"3":3,"4":3,"5":3,"6":3,"7":3,"8":3,"9":3,"10":3,"11":3,"12":3,"13":3,"14":3,"15":3,"16":3,"17":3,"18":3,"19":3,"20":3,"21":3,"22":3,"23":3,"24":0,"25":0,"26":3,"27":3,"28":3,"29":2,"30":3,"31":0,"32":0,"33":0,"34":0,"35":0,"36":0,"37":0,"38":3,"39":3,"40":0,"41":0,"42":0,"43":0,"44":0,"45":0,"46":3,"47":0,"48":0,"49":0,"50":0,"51":0,"52":0,"53":0,"54":0,"55":0,"56":0,"57":0,"58":0,"59":0,"60":0,"61":0,"62":0,"63":0,"64":0,"65":0,"66":0,"67":0,"68":0},"f":{"0":3,"1":0,"2":3,"3":2,"4":0,"5":0,"6":0,"7":3,"8":0,"9":0,"10":0,"11":0,"12":0,"13":0,"14":0,"15":0,"16":0,"17":0,"18":0,"19":0,"20":0,"21":0,"22":0,"23":0,"24":0},"b":{"0":[0,0],"1":[0,0],"2":[0,3],"3":[0,0,0],"4":[0,0],"5":[0,0],"6":[0,0],"7":[0,0]},"_coverageSchema":"1a1c01bbd47fc00a2c39e90264f33305004495a9","hash":"a72268b104d6e68a123d48c3e4882d67b0a056c7"}
,"/home/isaac/FEC/FEC-Atelier/client/src/components/R&R/Overview.jsx": {"path":"/home/isaac/FEC/FEC-Atelier/client/src/components/R&R/Overview.jsx","statementMap":{"0":{"start":{"line":8,"column":18},"end":{"line":11,"column":1}},"1":{"start":{"line":13,"column":22},"end":{"line":64,"column":1}},"2":{"start":{"line":14,"column":13},"end":{"line":14,"column":35}},"3":{"start":{"line":15,"column":32},"end":{"line":15,"column":44}},"4":{"start":{"line":16,"column":40},"end":{"line":16,"column":60}},"5":{"start":{"line":17,"column":28},"end":{"line":17,"column":39}},"6":{"start":{"line":18,"column":32},"end":{"line":18,"column":44}},"7":{"start":{"line":19,"column":26},"end":{"line":19,"column":37}},"8":{"start":{"line":20,"column":32},"end":{"line":20,"column":46}},"9":{"start":{"line":24,"column":20},"end":{"line":36,"column":3}},"10":{"start":{"line":25,"column":4},"end":{"line":25,"column":21}},"11":{"start":{"line":26,"column":4},"end":{"line":35,"column":8}},"12":{"start":{"line":28,"column":18},"end":{"line":28,"column":37}},"13":{"start":{"line":29,"column":8},"end":{"line":31,"column":9}},"14":{"start":{"line":30,"column":10},"end":{"line":30,"column":61}},"15":{"start":{"line":30,"column":38},"end":{"line":30,"column":58}},"16":{"start":{"line":32,"column":8},"end":{"line":32,"column":41}},"17":{"start":{"line":33,"column":8},"end":{"line":33,"column":37}},"18":{"start":{"line":34,"column":8},"end":{"line":34,"column":26}},"19":{"start":{"line":39,"column":2},"end":{"line":41,"column":37}},"20":{"start":{"line":40,"column":6},"end":{"line":40,"column":29}},"21":{"start":{"line":44,"column":2},"end":{"line":63,"column":3}}},"fnMap":{"0":{"name":"(anonymous_0)","decl":{"start":{"line":13,"column":22},"end":{"line":13,"column":23}},"loc":{"start":{"line":13,"column":33},"end":{"line":64,"column":1}},"line":13},"1":{"name":"(anonymous_1)","decl":{"start":{"line":24,"column":20},"end":{"line":24,"column":21}},"loc":{"start":{"line":24,"column":26},"end":{"line":36,"column":3}},"line":24},"2":{"name":"(anonymous_2)","decl":{"start":{"line":27,"column":12},"end":{"line":27,"column":13}},"loc":{"start":{"line":27,"column":24},"end":{"line":35,"column":7}},"line":27},"3":{"name":"(anonymous_3)","decl":{"start":{"line":30,"column":27},"end":{"line":30,"column":28}},"loc":{"start":{"line":30,"column":38},"end":{"line":30,"column":58}},"line":30},"4":{"name":"(anonymous_4)","decl":{"start":{"line":39,"column":12},"end":{"line":39,"column":13}},"loc":{"start":{"line":39,"column":18},"end":{"line":41,"column":5}},"line":39}},"branchMap":{"0":{"loc":{"start":{"line":29,"column":8},"end":{"line":31,"column":9}},"type":"if","locations":[{"start":{"line":29,"column":8},"end":{"line":31,"column":9}},{"start":{},"end":{}}],"line":29}},"s":{"0":3,"1":3,"2":5,"3":3,"4":3,"5":3,"6":3,"7":3,"8":3,"9":3,"10":3,"11":3,"12":0,"13":0,"14":0,"15":0,"16":0,"17":0,"18":0,"19":3,"20":3,"21":3},"f":{"0":5,"1":3,"2":0,"3":0,"4":3},"b":{"0":[0,0]},"_coverageSchema":"1a1c01bbd47fc00a2c39e90264f33305004495a9","hash":"b503d5ccbcfdcbdc9b28a726c9460b2ba73fd9a8"}
,"/home/isaac/FEC/FEC-Atelier/client/src/components/R&R/ProductBreakdown.jsx": {"path":"/home/isaac/FEC/FEC-Atelier/client/src/components/R&R/ProductBreakdown.jsx","statementMap":{"0":{"start":{"line":8,"column":22},"end":{"line":13,"column":1}},"1":{"start":{"line":15,"column":18},"end":{"line":21,"column":1}},"2":{"start":{"line":23,"column":17},"end":{"line":27,"column":1}},"3":{"start":{"line":29,"column":12},"end":{"line":33,"column":1}},"4":{"start":{"line":35,"column":13},"end":{"line":40,"column":1}},"5":{"start":{"line":42,"column":14},"end":{"line":44,"column":1}},"6":{"start":{"line":56,"column":17},"end":{"line":65,"column":1}},"7":{"start":{"line":67,"column":25},"end":{"line":98,"column":1}},"8":{"start":{"line":68,"column":28},"end":{"line":68,"column":40}},"9":{"start":{"line":70,"column":2},"end":{"line":76,"column":8}},"10":{"start":{"line":71,"column":4},"end":{"line":75,"column":6}},"11":{"start":{"line":73,"column":23},"end":{"line":73,"column":51}},"12":{"start":{"line":74,"column":6},"end":{"line":74,"column":27}},"13":{"start":{"line":78,"column":2},"end":{"line":97,"column":3}},"14":{"start":{"line":81,"column":20},"end":{"line":81,"column":86}},"15":{"start":{"line":82,"column":6},"end":{"line":94,"column":15}}},"fnMap":{"0":{"name":"(anonymous_0)","decl":{"start":{"line":67,"column":25},"end":{"line":67,"column":26}},"loc":{"start":{"line":67,"column":35},"end":{"line":98,"column":1}},"line":67},"1":{"name":"(anonymous_1)","decl":{"start":{"line":70,"column":12},"end":{"line":70,"column":13}},"loc":{"start":{"line":70,"column":18},"end":{"line":76,"column":3}},"line":70},"2":{"name":"(anonymous_2)","decl":{"start":{"line":72,"column":10},"end":{"line":72,"column":11}},"loc":{"start":{"line":72,"column":23},"end":{"line":75,"column":5}},"line":72},"3":{"name":"(anonymous_3)","decl":{"start":{"line":80,"column":28},"end":{"line":80,"column":29}},"loc":{"start":{"line":80,"column":37},"end":{"line":95,"column":5}},"line":80}},"branchMap":{},"s":{"0":3,"1":3,"2":3,"3":3,"4":3,"5":3,"6":3,"7":3,"8":3,"9":3,"10":3,"11":0,"12":0,"13":3,"14":0,"15":0},"f":{"0":3,"1":3,"2":0,"3":0},"b":{},"_coverageSchema":"1a1c01bbd47fc00a2c39e90264f33305004495a9","hash":"b3dee8e451297c4751395ebec61f130a9e19db06"}
,"/home/isaac/FEC/FEC-Atelier/client/src/components/R&R/Rate.jsx": {"path":"/home/isaac/FEC/FEC-Atelier/client/src/components/R&R/Rate.jsx","statementMap":{"0":{"start":{"line":4,"column":18},"end":{"line":10,"column":3}},"1":{"start":{"line":11,"column":16},"end":{"line":13,"column":3}},"2":{"start":{"line":14,"column":17},"end":{"line":16,"column":3}},"3":{"start":{"line":18,"column":13},"end":{"line":54,"column":1}},"4":{"start":{"line":19,"column":17},"end":{"line":25,"column":3}},"5":{"start":{"line":26,"column":2},"end":{"line":53,"column":4}},"6":{"start":{"line":29,"column":28},"end":{"line":29,"column":37}},"7":{"start":{"line":30,"column":8},"end":{"line":49,"column":10}},"8":{"start":{"line":36,"column":16},"end":{"line":36,"column":37}}},"fnMap":{"0":{"name":"(anonymous_0)","decl":{"start":{"line":18,"column":13},"end":{"line":18,"column":14}},"loc":{"start":{"line":18,"column":34},"end":{"line":54,"column":1}},"line":18},"1":{"name":"(anonymous_1)","decl":{"start":{"line":28,"column":25},"end":{"line":28,"column":26}},"loc":{"start":{"line":28,"column":42},"end":{"line":50,"column":7}},"line":28},"2":{"name":"(anonymous_2)","decl":{"start":{"line":35,"column":23},"end":{"line":35,"column":24}},"loc":{"start":{"line":35,"column":29},"end":{"line":37,"column":15}},"line":35}},"branchMap":{"0":{"loc":{"start":{"line":42,"column":18},"end":{"line":44,"column":29}},"type":"cond-expr","locations":[{"start":{"line":43,"column":22},"end":{"line":43,"column":28}},{"start":{"line":44,"column":22},"end":{"line":44,"column":29}}],"line":42},"1":{"loc":{"start":{"line":42,"column":18},"end":{"line":42,"column":60}},"type":"binary-expr","locations":[{"start":{"line":42,"column":18},"end":{"line":42,"column":36}},{"start":{"line":42,"column":40},"end":{"line":42,"column":60}}],"line":42},"2":{"loc":{"start":{"line":51,"column":7},"end":{"line":51,"column":42}},"type":"binary-expr","locations":[{"start":{"line":51,"column":7},"end":{"line":51,"column":11}},{"start":{"line":51,"column":15},"end":{"line":51,"column":42}}],"line":51}},"s":{"0":3,"1":3,"2":3,"3":3,"4":0,"5":0,"6":0,"7":0,"8":0},"f":{"0":0,"1":0,"2":0},"b":{"0":[0,0],"1":[0,0],"2":[0,0]},"_coverageSchema":"1a1c01bbd47fc00a2c39e90264f33305004495a9","hash":"a5c504d6aac7e6fcb350ebda4d126a0d4533f74e"}
,"/home/isaac/FEC/FEC-Atelier/client/src/components/R&R/Ratings.jsx": {"path":"/home/isaac/FEC/FEC-Atelier/client/src/components/R&R/Ratings.jsx","statementMap":{"0":{"start":{"line":11,"column":18},"end":{"line":15,"column":3}},"1":{"start":{"line":17,"column":20},"end":{"line":19,"column":3}},"2":{"start":{"line":21,"column":21},"end":{"line":24,"column":3}},"3":{"start":{"line":26,"column":16},"end":{"line":69,"column":1}},"4":{"start":{"line":27,"column":13},"end":{"line":27,"column":35}},"5":{"start":{"line":29,"column":24},"end":{"line":29,"column":38}},"6":{"start":{"line":30,"column":32},"end":{"line":30,"column":46}},"7":{"start":{"line":31,"column":32},"end":{"line":31,"column":77}},"8":{"start":{"line":33,"column":2},"end":{"line":42,"column":8}},"9":{"start":{"line":34,"column":4},"end":{"line":41,"column":6}},"10":{"start":{"line":36,"column":6},"end":{"line":36,"column":26}},"11":{"start":{"line":37,"column":28},"end":{"line":37,"column":51}},"12":{"start":{"line":38,"column":6},"end":{"line":38,"column":28}},"13":{"start":{"line":39,"column":6},"end":{"line":39,"column":47}},"14":{"start":{"line":40,"column":6},"end":{"line":40,"column":31}},"15":{"start":{"line":44,"column":2},"end":{"line":68,"column":3}}},"fnMap":{"0":{"name":"(anonymous_0)","decl":{"start":{"line":26,"column":16},"end":{"line":26,"column":17}},"loc":{"start":{"line":26,"column":27},"end":{"line":69,"column":1}},"line":26},"1":{"name":"(anonymous_1)","decl":{"start":{"line":33,"column":12},"end":{"line":33,"column":13}},"loc":{"start":{"line":33,"column":18},"end":{"line":42,"column":3}},"line":33},"2":{"name":"(anonymous_2)","decl":{"start":{"line":35,"column":10},"end":{"line":35,"column":11}},"loc":{"start":{"line":35,"column":23},"end":{"line":41,"column":5}},"line":35}},"branchMap":{"0":{"loc":{"start":{"line":48,"column":9},"end":{"line":48,"column":44}},"type":"binary-expr","locations":[{"start":{"line":48,"column":9},"end":{"line":48,"column":12}},{"start":{"line":48,"column":16},"end":{"line":48,"column":44}}],"line":48},"1":{"loc":{"start":{"line":51,"column":7},"end":{"line":51,"column":100}},"type":"binary-expr","locations":[{"start":{"line":51,"column":7},"end":{"line":51,"column":14}},{"start":{"line":51,"column":18},"end":{"line":51,"column":100}}],"line":51}},"s":{"0":3,"1":3,"2":3,"3":3,"4":5,"5":3,"6":3,"7":3,"8":3,"9":3,"10":0,"11":0,"12":0,"13":0,"14":0,"15":3},"f":{"0":5,"1":3,"2":0},"b":{"0":[3,0],"1":[3,0]},"_coverageSchema":"1a1c01bbd47fc00a2c39e90264f33305004495a9","hash":"cf94253d7dd91f1401467f1120057de5cf0c9fdd"}
,"/home/isaac/FEC/FEC-Atelier/client/src/components/R&R/ReviewTile.jsx": {"path":"/home/isaac/FEC/FEC-Atelier/client/src/components/R&R/ReviewTile.jsx","statementMap":{"0":{"start":{"line":14,"column":15},"end":{"line":18,"column":3}},"1":{"start":{"line":20,"column":15},"end":{"line":24,"column":3}},"2":{"start":{"line":26,"column":18},"end":{"line":29,"column":3}},"3":{"start":{"line":31,"column":22},"end":{"line":41,"column":3}},"4":{"start":{"line":43,"column":18},"end":{"line":46,"column":3}},"5":{"start":{"line":48,"column":15},"end":{"line":51,"column":3}},"6":{"start":{"line":53,"column":17},"end":{"line":55,"column":3}},"7":{"start":{"line":57,"column":16},"end":{"line":63,"column":3}},"8":{"start":{"line":65,"column":19},"end":{"line":68,"column":3}},"9":{"start":{"line":70,"column":19},"end":{"line":182,"column":1}},"10":{"start":{"line":71,"column":34},"end":{"line":71,"column":62}},"11":{"start":{"line":72,"column":32},"end":{"line":72,"column":43}},"12":{"start":{"line":73,"column":28},"end":{"line":73,"column":43}},"13":{"start":{"line":74,"column":24},"end":{"line":74,"column":36}},"14":{"start":{"line":75,"column":34},"end":{"line":75,"column":49}},"15":{"start":{"line":76,"column":34},"end":{"line":76,"column":49}},"16":{"start":{"line":77,"column":36},"end":{"line":77,"column":51}},"17":{"start":{"line":79,"column":22},"end":{"line":82,"column":3}},"18":{"start":{"line":80,"column":4},"end":{"line":80,"column":32}},"19":{"start":{"line":81,"column":4},"end":{"line":81,"column":21}},"20":{"start":{"line":84,"column":2},"end":{"line":88,"column":3}},"21":{"start":{"line":85,"column":4},"end":{"line":85,"column":48}},"22":{"start":{"line":87,"column":4},"end":{"line":87,"column":51}},"23":{"start":{"line":90,"column":24},"end":{"line":100,"column":3}},"24":{"start":{"line":91,"column":4},"end":{"line":99,"column":5}},"25":{"start":{"line":92,"column":6},"end":{"line":92,"column":35}},"26":{"start":{"line":93,"column":6},"end":{"line":98,"column":8}},"27":{"start":{"line":95,"column":8},"end":{"line":95,"column":33}},"28":{"start":{"line":96,"column":8},"end":{"line":96,"column":32}},"29":{"start":{"line":97,"column":8},"end":{"line":97,"column":26}},"30":{"start":{"line":102,"column":26},"end":{"line":107,"column":3}},"31":{"start":{"line":103,"column":4},"end":{"line":106,"column":5}},"32":{"start":{"line":104,"column":6},"end":{"line":104,"column":28}},"33":{"start":{"line":105,"column":6},"end":{"line":105,"column":24}},"34":{"start":{"line":109,"column":24},"end":{"line":116,"column":3}},"35":{"start":{"line":110,"column":4},"end":{"line":115,"column":5}},"36":{"start":{"line":111,"column":6},"end":{"line":114,"column":8}},"37":{"start":{"line":113,"column":8},"end":{"line":113,"column":26}},"38":{"start":{"line":118,"column":2},"end":{"line":180,"column":3}},"39":{"start":{"line":141,"column":54},"end":{"line":141,"column":72}},"40":{"start":{"line":149,"column":12},"end":{"line":153,"column":20}}},"fnMap":{"0":{"name":"(anonymous_0)","decl":{"start":{"line":70,"column":19},"end":{"line":70,"column":20}},"loc":{"start":{"line":70,"column":33},"end":{"line":182,"column":1}},"line":70},"1":{"name":"(anonymous_1)","decl":{"start":{"line":79,"column":22},"end":{"line":79,"column":23}},"loc":{"start":{"line":79,"column":29},"end":{"line":82,"column":3}},"line":79},"2":{"name":"(anonymous_2)","decl":{"start":{"line":90,"column":24},"end":{"line":90,"column":25}},"loc":{"start":{"line":90,"column":30},"end":{"line":100,"column":3}},"line":90},"3":{"name":"(anonymous_3)","decl":{"start":{"line":94,"column":12},"end":{"line":94,"column":13}},"loc":{"start":{"line":94,"column":24},"end":{"line":98,"column":7}},"line":94},"4":{"name":"(anonymous_4)","decl":{"start":{"line":102,"column":26},"end":{"line":102,"column":27}},"loc":{"start":{"line":102,"column":32},"end":{"line":107,"column":3}},"line":102},"5":{"name":"(anonymous_5)","decl":{"start":{"line":109,"column":24},"end":{"line":109,"column":25}},"loc":{"start":{"line":109,"column":30},"end":{"line":116,"column":3}},"line":109},"6":{"name":"(anonymous_6)","decl":{"start":{"line":112,"column":12},"end":{"line":112,"column":13}},"loc":{"start":{"line":112,"column":24},"end":{"line":114,"column":7}},"line":112},"7":{"name":"(anonymous_7)","decl":{"start":{"line":141,"column":47},"end":{"line":141,"column":48}},"loc":{"start":{"line":141,"column":53},"end":{"line":141,"column":73}},"line":141},"8":{"name":"(anonymous_8)","decl":{"start":{"line":148,"column":29},"end":{"line":148,"column":30}},"loc":{"start":{"line":149,"column":12},"end":{"line":153,"column":20}},"line":149}},"branchMap":{"0":{"loc":{"start":{"line":84,"column":2},"end":{"line":88,"column":3}},"type":"if","locations":[{"start":{"line":84,"column":2},"end":{"line":88,"column":3}},{"start":{"line":86,"column":9},"end":{"line":88,"column":3}}],"line":84},"1":{"loc":{"start":{"line":91,"column":4},"end":{"line":99,"column":5}},"type":"if","locations":[{"start":{"line":91,"column":4},"end":{"line":99,"column":5}},{"start":{},"end":{}}],"line":91},"2":{"loc":{"start":{"line":103,"column":4},"end":{"line":106,"column":5}},"type":"if","l
[...]
9},"end":{"line":17,"column":1}},"2":{"start":{"line":19,"column":18},"end":{"line":26,"column":1}},"3":{"start":{"line":28,"column":23},"end":{"line":35,"column":1}},"4":{"start":{"line":38,"column":17},"end":{"line":69,"column":1}},"5":{"start":{"line":39,"column":28},"end":{"line":60,"column":8}},"6":{"start":{"line":42,"column":4},"end":{"line":54,"column":5}},"7":{"start":{"line":43,"column":6},"end":{"line":47,"column":8}},"8":{"start":{"line":44,"column":35},"end":{"line":44,"column":52}},"9":{"start":{"line":49,"column":6},"end":{"line":53,"column":8}},"10":{"start":{"line":50,"column":35},"end":{"line":50,"column":52}},"11":{"start":{"line":57,"column":6},"end":{"line":57,"column":35}},"12":{"start":{"line":59,"column":4},"end":{"line":59,"column":20}},"13":{"start":{"line":62,"column":2},"end":{"line":68,"column":4}}},"fnMap":{"0":{"name":"(anonymous_0)","decl":{"start":{"line":38,"column":17},"end":{"line":38,"column":18}},"loc":{"start":{"line":38,"column":54},"end":{"line":69,"column":1}},"line":38},"1":{"name":"(anonymous_1)","decl":{"start":{"line":39,"column":42},"end":{"line":39,"column":43}},"loc":{"start":{"line":39,"column":77},"end":{"line":60,"column":3}},"line":39},"2":{"name":"(anonymous_2)","decl":{"start":{"line":44,"column":29},"end":{"line":44,"column":30}},"loc":{"start":{"line":44,"column":35},"end":{"line":44,"column":52}},"line":44},"3":{"name":"(anonymous_3)","decl":{"start":{"line":50,"column":29},"end":{"line":50,"column":30}},"loc":{"start":{"line":50,"column":35},"end":{"line":50,"column":52}},"line":50}},"branchMap":{"0":{"loc":{"start":{"line":42,"column":4},"end":{"line":54,"column":5}},"type":"if","locations":[{"start":{"line":42,"column":4},"end":{"line":54,"column":5}},{"start":{"line":48,"column":11},"end":{"line":54,"column":5}}],"line":42}},"s":{"0":3,"1":3,"2":3,"3":3,"4":3,"5":0,"6":0,"7":0,"8":0,"9":0,"10":0,"11":0,"12":0,"13":0},"f":{"0":0,"1":0,"2":0,"3":0},"b":{"0":[0,0]},"_coverageSchema":"1a1c01bbd47fc00a2c39e90264f33305004495a9","hash":"701bf4d9dddbca44e74cdb3d4036a69da1230eea"}
,"/home/isaac/FEC/FEC-Atelier/client/src/components/overview/Overview.jsx": {"path":"/home/isaac/FEC/FEC-Atelier/client/src/components/overview/Overview.jsx","statementMap":{"0":{"start":{"line":10,"column":18},"end":{"line":15,"column":1}},"1":{"start":{"line":17,"column":15},"end":{"line":22,"column":1}},"2":{"start":{"line":23,"column":15},"end":{"line":29,"column":1}},"3":{"start":{"line":31,"column":17},"end":{"line":81,"column":1}},"4":{"start":{"line":32,"column":13},"end":{"line":32,"column":35}},"5":{"start":{"line":33,"column":32},"end":{"line":33,"column":44}},"6":{"start":{"line":34,"column":30},"end":{"line":34,"column":42}},"7":{"start":{"line":35,"column":32},"end":{"line":35,"column":44}},"8":{"start":{"line":36,"column":42},"end":{"line":36,"column":54}},"9":{"start":{"line":37,"column":42},"end":{"line":37,"column":57}},"10":{"start":{"line":39,"column":2},"end":{"line":50,"column":9}},"11":{"start":{"line":40,"column":21},"end":{"line":40,"column":49}},"12":{"start":{"line":41,"column":20},"end":{"line":41,"column":55}},"13":{"start":{"line":42,"column":21},"end":{"line":42,"column":65}},"14":{"start":{"line":44,"column":4},"end":{"line":49,"column":41}},"15":{"start":{"line":45,"column":6},"end":{"line":45,"column":34}},"16":{"start":{"line":46,"column":6},"end":{"line":46,"column":33}},"17":{"start":{"line":47,"column":6},"end":{"line":47,"column":34}},"18":{"start":{"line":48,"column":6},"end":{"line":48,"column":50}},"19":{"start":{"line":49,"column":23},"end":{"line":49,"column":39}},"20":{"start":{"line":52,"column":2},"end":{"line":80,"column":4}}},"fnMap":{"0":{"name":"(anonymous_0)","decl":{"start":{"line":31,"column":17},"end":{"line":31,"column":18}},"loc":{"start":{"line":31,"column":28},"end":{"line":81,"column":1}},"line":31},"1":{"name":"(anonymous_1)","decl":{"start":{"line":39,"column":12},"end":{"line":39,"column":13}},"loc":{"start":{"line":39,"column":18},"end":{"line":50,"column":3}},"line":39},"2":{"name":"(anonymous_2)","decl":{"start":{"line":44,"column":58},"end":{"line":44,"column":59}},"loc":{"start":{"line":44,"column":71},"end":{"line":49,"column":5}},"line":44},"3":{"name":"(anonymous_3)","decl":{"start":{"line":49,"column":14},"end":{"line":49,"column":15}},"loc":{"start":{"line":49,"column":23},"end":{"line":49,"column":39}},"line":49}},"branchMap":{"0":{"loc":{"start":{"line":55,"column":9},"end":{"line":63,"column":9}},"type":"binary-expr","locations":[{"start":{"line":55,"column":9},"end":{"line":55,"column":21}},{"start":{"line":56,"column":10},"end":{"line":62,"column":12}}],"line":55},"1":{"loc":{"start":{"line":64,"column":9},"end":{"line":73,"column":9}},"type":"binary-expr","locations":[{"start":{"line":64,"column":10},"end":{"line":64,"column":22}},{"start":{"line":64,"column":26},"end":{"line":64,"column":39}},{"start":{"line":65,"column":10},"end":{"line":72,"column":12}}],"line":64},"2":{"loc":{"start":{"line":76,"column":9},"end":{"line":76,"column":69}},"type":"binary-expr","locations":[{"start":{"line":76,"column":9},"end":{"line":76,"column":16}},{"start":{"line":76,"column":20},"end":{"line":76,"column":69}}],"line":76},"3":{"loc":{"start":{"line":77,"column":9},"end":{"line":77,"column":66}},"type":"binary-expr","locations":[{"start":{"line":77,"column":9},"end":{"line":77,"column":16}},{"start":{"line":77,"column":20},"end":{"line":77,"column":66}}],"line":77}},"s":{"0":3,"1":3,"2":3,"3":3,"4":3,"5":3,"6":3,"7":3,"8":3,"9":3,"10":3,"11":3,"12":3,"13":3,"14":3,"15":0,"16":0,"17":0,"18":0,"19":0,"20":3},"f":{"0":3,"1":3,"2":0,"3":0},"b":{"0":[3,0],"1":[3,0,0],"2":[3,0],"3":[3,0]},"_coverageSchema":"1a1c01bbd47fc00a2c39e90264f33305004495a9","hash":"6a0c1f1402b2663aafeaf0a1bda01733facfbcd6"}
,"/home/isaac/FEC/FEC-Atelier/client/src/components/overview/ProductInfo.jsx": {"path":"/home/isaac/FEC/FEC-Atelier/client/src/components/overview/ProductInfo.jsx","statementMap":{"0":{"start":{"line":10,"column":15},"end":{"line":16,"column":1}},"1":{"start":{"line":17,"column":21},"end":{"line":19,"column":1}},"2":{"start":{"line":21,"column":16},"end":{"line":27,"column":1}},"3":{"start":{"line":29,"column":17},"end":{"line":33,"column":1}},"4":{"start":{"line":34,"column":16},"end":{"line":38,"column":1}},"5":{"start":{"line":39,"column":17},"end":{"line":45,"column":1}},"6":{"start":{"line":46,"column":18},"end":{"line":50,"column":1}},"7":{"start":{"line":51,"column":19},"end":{"line":57,"column":1}},"8":{"start":{"line":59,"column":17},"end":{"line":61,"column":1}},"9":{"start":{"line":63,"column":20},"end":{"line":99,"column":1}},"10":{"start":{"line":64,"column":18},"end":{"line":64,"column":39}},"11":{"start":{"line":65,"column":20},"end":{"line":65,"column":38}},"12":{"start":{"line":67,"column":25},"end":{"line":69,"column":3}},"13":{"start":{"line":68,"column":4},"end":{"line":68,"column":67}},"14":{"start":{"line":71,"column":2},"end":{"line":98,"column":4}}},"fnMap":{"0":{"name":"(anonymous_0)","decl":{"start":{"line":63,"column":20},"end":{"line":63,"column":21}},"loc":{"start":{"line":63,"column":31},"end":{"line":99,"column":1}},"line":63},"1":{"name":"(anonymous_1)","decl":{"start":{"line":67,"column":25},"end":{"line":67,"column":26}},"loc":{"start":{"line":67,"column":31},"end":{"line":69,"column":3}},"line":67}},"branchMap":{"0":{"loc":{"start":{"line":73,"column":7},"end":{"line":79,"column":7}},"type":"binary-expr","locations":[{"start":{"line":73,"column":7},"end":{"line":73,"column":34}},{"start":{"line":74,"column":8},"end":{"line":78,"column":19}}],"line":73},"1":{"loc":{"start":{"line":82,"column":7},"end":{"line":89,"column":7}},"type":"cond-expr","locations":[{"start":{"line":83,"column":8},"end":{"line":86,"column":19}},{"start":{"line":88,"column":8},"end":{"line":88,"column":62}}],"line":82}},"s":{"0":3,"1":3,"2":3,"3":3,"4":3,"5":3,"6":3,"7":3,"8":3,"9":3,"10":0,"11":0,"12":0,"13":0,"14":0},"f":{"0":0,"1":0},"b":{"0":[0,0],"1":[0,0]},"_coverageSchema":"1a1c01bbd47fc00a2c39e90264f33305004495a9","hash":"8ba9a031778fe7e2d23faa3d8dff227fcf1197f4"}
,"/home/isaac/FEC/FEC-Atelier/client/src/components/overview/Style.jsx": {"path":"/home/isaac/FEC/FEC-Atelier/client/src/components/overview/Style.jsx","statementMap":{"0":{"start":{"line":8,"column":15},"end":{"line":10,"column":1}},"1":{"start":{"line":12,"column":18},"end":{"line":16,"column":1}},"2":{"start":{"line":17,"column":22},"end":{"line":20,"column":1}},"3":{"start":{"line":22,"column":18},"end":{"line":25,"column":1}},"4":{"start":{"line":26,"column":16},"end":{"line":31,"column":1}},"5":{"start":{"line":33,"column":17},"end":{"line":40,"column":1}},"6":{"start":{"line":41,"column":21},"end":{"line":51,"column":1}},"7":{"start":{"line":53,"column":18},"end":{"line":57,"column":1}},"8":{"start":{"line":59,"column":15},"end":{"line":62,"column":1}},"9":{"start":{"line":64,"column":14},"end":{"line":107,"column":1}},"10":{"start":{"line":65,"column":21},"end":{"line":65,"column":39}},"11":{"start":{"line":66,"column":2},"end":{"line":106,"column":4}},"12":{"start":{"line":73,"column":10},"end":{"line":102,"column":12}},"13":{"start":{"line":76,"column":16},"end":{"line":99,"column":19}},"14":{"start":{"line":82,"column":26},"end":{"line":82,"column":56}},"15":{"start":{"line":94,"column":26},"end":{"line":94,"column":56}}},"fnMap":{"0":{"name":"(anonymous_0)","decl":{"start":{"line":64,"column":14},"end":{"line":64,"column":15}},"loc":{"start":{"line":64,"column":63},"end":{"line":107,"column":1}},"line":64},"1":{"name":"(anonymous_1)","decl":{"start":{"line":72,"column":26},"end":{"line":72,"column":27}},"loc":{"start":{"line":72,"column":42},"end":{"line":103,"column":9}},"line":72},"2":{"name":"(anonymous_2)","decl":{"start":{"line":75,"column":30},"end":{"line":75,"column":31}},"loc":{"start":{"line":76,"column":16},"end":{"line":99,"column":19}},"line":76},"3":{"name":"(anonymous_3)","decl":{"start":{"line":81,"column":33},"end":{"line":81,"column":34}},"loc":{"start":{"line":81,"column":39},"end":{"line":83,"column":25}},"line":81},"4":{"name":"(anonymous_4)","decl":{"start":{"line":93,"column":33},"end":{"line":93,"column":34}},"loc":{"start":{"line":93,"column":39},"end":{"line":95,"column":25}},"line":93}},"branchMap":{"0":{"loc":{"start":{"line":77,"column":19},"end":{"line":98,"column":19}},"type":"cond-expr","locations":[{"start":{"line":78,"column":20},"end":{"line":88,"column":30}},{"start":{"line":90,"column":20},"end":{"line":97,"column":30}}],"line":77}},"s":{"0":3,"1":3,"2":3,"3":3,"4":3,"5":3,"6":3,"7":3,"8":3,"9":3,"10":0,"11":0,"12":0,"13":0,"14":0,"15":0},"f":{"0":0,"1":0,"2":0,"3":0,"4":0},"b":{"0":[0,0]},"_coverageSchema":"1a1c01bbd47fc00a2c39e90264f33305004495a9","hash":"50cb1d41ac9a3e41faee80e692496bed44a70714"}
,"/home/isaac/FEC/FEC-Atelier/client/src/components/overview/ThumbGall.jsx": {"path":"/home/isaac/FEC/FEC-Atelier/client/src/components/overview/ThumbGall.jsx","statementMap":{"0":{"start":{"line":7,"column":16},"end":{"line":15,"column":1}},"1":{"start":{"line":17,"column":19},"end":{"line":19,"column":1}},"2":{"start":{"line":21,"column":18},"end":{"line":27,"column":1}},"3":{"start":{"line":29,"column":23},"end":{"line":34,"column":1}},"4":{"start":{"line":35,"column":14},"end":{"line":37,"column":1}},"5":{"start":{"line":39,"column":16},"end":{"line":41,"column":1}},"6":{"start":{"line":43,"column":18},"end":{"line":84,"column":1}},"7":{"start":{"line":44,"column":28},"end":{"line":68,"column":8}},"8":{"start":{"line":47,"column":4},"end":{"line":59,"column":5}},"9":{"start":{"line":48,"column":6},"end":{"line":52,"column":8}},"10":{"start":{"line":49,"column":35},"end":{"line":49,"column":52}},"11":{"start":{"line":54,"column":6},"end":{"line":58,"column":8}},"12":{"start":{"line":55,"column":35},"end":{"line":55,"column":52}},"13":{"start":{"line":61,"column":4},"end":{"line":63,"column":5}},"14":{"start":{"line":62,"column":6},"end":{"line":62,"column":35}},"15":{"start":{"line":64,"column":4},"end":{"line":66,"column":5}},"16":{"start":{"line":65,"column":6},"end":{"line":65,"column":35}},"17":{"start":{"line":67,"column":4},"end":{"line":67,"column":20}},"18":{"start":{"line":70,"column":2},"end":{"line":83,"column":4}},"19":{"start":{"line":73,"column":47},"end":{"line":73,"column":70}},"20":{"start":{"line":80,"column":49},"end":{"line":80,"column":72}}},"fnMap":{"0":{"name":"(anonymous_0)","decl":{"start":{"line":43,"column":18},"end":{"line":43,"column":19}},"loc":{"start":{"line":43,"column":55},"end":{"line":84,"column":1}},"line":43},"1":{"name":"(anonymous_1)","decl":{"start":{"line":44,"column":42},"end":{"line":44,"column":43}},"loc":{"start":{"line":44,"column":77},"end":{"line":68,"column":3}},"line":44},"2":{"name":"(anonymous_2)","decl":{"start":{"line":49,"column":29},"end":{"line":49,"column":30}},"loc":{"start":{"line":49,"column":35},"end":{"line":49,"column":52}},"line":49},"3":{"name":"(anonymous_3)","decl":{"start":{"line":55,"column":29},"end":{"line":55,"column":30}},"loc":{"start":{"line":55,"column":35},"end":{"line":55,"column":52}},"line":55},"4":{"name":"(anonymous_4)","decl":{"start":{"line":73,"column":41},"end":{"line":73,"column":42}},"loc":{"start":{"line":73,"column":47},"end":{"line":73,"column":70}},"line":73},"5":{"name":"(anonymous_5)","decl":{"start":{"line":80,"column":43},"end":{"line":80,"column":44}},"loc":{"start":{"line":80,"column":49},"end":{"line":80,"column":72}},"line":80}},"branchMap":{"0":{"loc":{"start":{"line":47,"column":4},"end":{"line":59,"column":5}},"type":"if","locations":[{"start":{"line":47,"column":4},"end":{"line":59,"column":5}},{"start":{"line":53,"column":11},"end":{"line":59,"column":5}}],"line":47},"1":{"loc":{"start":{"line":61,"column":4},"end":{"line":63,"column":5}},"type":"if","locations":[{"start":{"line":61,"column":4},"end":{"line":63,"column":5}},{"start":{},"end":{}}],"line":61},"2":{"loc":{"start":{"line":61,"column":8},"end":{"line":61,"column":34}},"type":"binary-expr","locations":[{"start":{"line":61,"column":8},"end":{"line":61,"column":20}},{"start":{"line":61,"column":24},"end":{"line":61,"column":34}}],"line":61},"3":{"loc":{"start":{"line":64,"column":4},"end":{"line":66,"column":5}},"type":"if","locations":[{"start":{"line":64,"column":4},"end":{"line":66,"column":5}},{"start":{},"end":{}}],"line":64},"4":{"loc":{"start":{"line":64,"column":8},"end":{"line":64,"column":63}},"type":"binary-expr","locations":[{"start":{"line":64,"column":8},"end":{"line":64,"column":19}},{"start":{"line":64,"column":23},"end":{"line":64,"column":39}},{"start":{"line":64,"column":43},"end":{"line":64,"column":63}}],"line":64},"5":{"loc":{"start":{"line":72,"column":7},"end":{"line":74,"column":7}},"type":"binary-expr","locations":[{"start":{"line":72,"column":7},"end":{"line":72,"column":20}},{"start":{"line":73,"column":8},"end":{"line":73,"column":74}}],"line":72},"6":{"loc":{"start":{"line":75,"column":7},"end":{"line":77,"column":7}},"type":"binary-expr","locations":[{"start":{"line":75,"column":7},"end":{"line":75,"column":20}},{"start":{"line":76,"column":8},"end":{"line":76,"column":36}}],"line":75},"7":{"loc":{"start":{"line":79,"column":7},"end":{"line":81,"column":7}},"type":"binary-expr","locations":[{"start":{"line":79,"column":7},"end":{"line":79,"column":36}},{"start":{"line":80,"column":8},"end":{"line":80,"column":76}}],"line":79}},"s":{"0":3,"1":3,"2":3,"3":3,"4":3,"5":3,"6":3,"7":0,"8":0,"9":0,"10":0,"11":0,"12":0,"13":0,"14":0,"15":0,"16":0,"17":0,"18":0,"19":0,"20":0},"f":{"0":0,"1":0,"2":0,"3":0,"4":0,"5":0},"b":{"0":[0,0],"1":[0,0],"2":[0,0],"3":[0,0],"4":[0,0,0],"5":[0,0],"6":[0,0],"7":[0,0]},"_coverageSchema":"1a1c01bbd47fc00a2c39e90264f33305004495a9","hash":"ac6c6b605dff56cc79156674556e1d868fb24d7c"}
,"/home/isaac/FEC/FEC-Atelier/client/src/components/util/context.js": {"path":"/home/isaac/FEC/FEC-Atelier/client/src/components/util/context.js","statementMap":{"0":{"start":{"line":3,"column":23},"end":{"line":3,"column":38}}},"fnMap":{},"branchMap":{},"s":{"0":4},"f":{},"b":{},"_coverageSchema":"1a1c01bbd47fc00a2c39e90264f33305004495a9","hash":"accf626b689c1dd8d1d612ccdfc0e50f61b6b81c"}
,"/home/isaac/FEC/FEC-Atelier/client/src/components/util/getAvgRating.js": {"path":"/home/isaac/FEC/FEC-Atelier/client/src/components/util/getAvgRating.js","statementMap":{"0":{"start":{"line":2,"column":18},"end":{"line":11,"column":2}},"1":{"start":{"line":3,"column":22},"end":{"line":3,"column":23}},"2":{"start":{"line":4,"column":19},"end":{"line":4,"column":20}},"3":{"start":{"line":5,"column":4},"end":{"line":8,"column":5}},"4":{"start":{"line":6,"column":6},"end":{"line":6,"column":40}},"5":{"start":{"line":7,"column":6},"end":{"line":7,"column":49}},"6":{"start":{"line":9,"column":26},"end":{"line":9,"column":61}},"7":{"start":{"line":10,"column":4},"end":{"line":10,"column":50}}},"fnMap":{"0":{"name":"(anonymous_0)","decl":{"start":{"line":2,"column":18},"end":{"line":2,"column":19}},"loc":{"start":{"line":2,"column":31},"end":{"line":11,"column":2}},"line":2}},"branchMap":{},"s":{"0":3,"1":3,"2":3,"3":3,"4":0,"5":0,"6":3,"7":3},"f":{"0":3},"b":{},"_coverageSchema":"1a1c01bbd47fc00a2c39e90264f33305004495a9","hash":"304f95b231b17df05d00c2a49b2e848a2aa06c1e"}
,"/home/isaac/FEC/FEC-Atelier/client/src/components/util/percentRec.js": {"path":"/home/isaac/FEC/FEC-Atelier/client/src/components/util/percentRec.js","statementMap":{"0":{"start":{"line":1,"column":19},"end":{"line":7,"column":1}},"1":{"start":{"line":2,"column":12},"end":{"line":2,"column":13}},"2":{"start":{"line":3,"column":11},"end":{"line":3,"column":12}},"3":{"start":{"line":4,"column":2},"end":{"line":4,"column":35}},"4":{"start":{"line":5,"column":2},"end":{"line":5,"column":35}},"5":{"start":{"line":6,"column":2},"end":{"line":6,"column":42}}},"fnMap":{"0":{"name":"(anonymous_0)","decl":{"start":{"line":1,"column":19},"end":{"line":1,"column":20}},"loc":{"start":{"line":1,"column":36},"end":{"line":7,"column":1}},"line":1}},"branchMap":{},"s":{"0":3,"1":0,"2":0,"3":0,"4":0,"5":0},"f":{"0":0},"b":{},"_coverageSchema":"1a1c01bbd47fc00a2c39e90264f33305004495a9","hash":"d3742c67b816df1ceb903da4f5bed1d51e2db599"}
,"/home/isaac/FEC/FEC-Atelier/client/src/components/util/sortStyles.js": {"path":"/home/isaac/FEC/FEC-Atelier/client/src/components/util/sortStyles.js","statementMap":{"0":{"start":{"line":2,"column":19},"end":{"line":15,"column":1}},"1":{"start":{"line":3,"column":15},"end":{"line":3,"column":17}},"2":{"start":{"line":4,"column":15},"end":{"line":4,"column":17}},"3":{"start":{"line":6,"column":2},"end":{"line":13,"column":4}},"4":{"start":{"line":8,"column":4},"end":{"line":8,"column":85}},"5":{"start":{"line":9,"column":4},"end":{"line":12,"column":5}},"6":{"start":{"line":10,"column":6},"end":{"line":10,"column":25}},"7":{"start":{"line":11,"column":6},"end":{"line":11,"column":18}},"8":{"start":{"line":14,"column":2},"end":{"line":14,"column":16}}},"fnMap":{"0":{"name":"(anonymous_0)","decl":{"start":{"line":2,"column":19},"end":{"line":2,"column":20}},"loc":{"start":{"line":2,"column":31},"end":{"line":15,"column":1}},"line":2},"1":{"name":"(anonymous_1)","decl":{"start":{"line":6,"column":17},"end":{"line":6,"column":18}},"loc":{"start":{"line":6,"column":31},"end":{"line":13,"column":3}},"line":6}},"branchMap":{"0":{"loc":{"start":{"line":9,"column":4},"end":{"line":12,"column":5}},"type":"if","locations":[{"start":{"line":9,"column":4},"end":{"line":12,"column":5}},{"start":{},"end":{}}],"line":9},"1":{"loc":{"start":{"line":9,"column":8},"end":{"line":9,"column":52}},"type":"binary-expr","locations":[{"start":{"line":9,"column":8},"end":{"line":9,"column":27}},{"start":{"line":9,"column":31},"end":{"line":9,"column":52}}],"line":9}},"s":{"0":3,"1":0,"2":0,"3":0,"4":0,"5":0,"6":0,"7":0,"8":0},"f":{"0":0,"1":0},"b":{"0":[0,0],"1":[0,0]},"_coverageSchema":"1a1c01bbd47fc00a2c39e90264f33305004495a9","hash":"03afece09210f68e14266d8d54d72568dd1180f2"}
}
