TN:
SF:client/src/components/App.jsx
FN:63,(anonymous_0)
FN:77,(anonymous_1)
FN:78,(anonymous_2)
FN:81,(anonymous_3)
FN:82,(anonymous_4)
FN:88,(anonymous_5)
FNF:6
FNH:3
FNDA:5,(anonymous_0)
FNDA:0,(anonymous_1)
FNDA:0,(anonymous_2)
FNDA:3,(anonymous_3)
FNDA:0,(anonymous_4)
FNDA:3,(anonymous_5)
DA:22,3
DA:23,3
DA:25,3
DA:31,3
DA:36,3
DA:42,3
DA:49,3
DA:54,3
DA:61,3
DA:63,3
DA:64,5
DA:65,3
DA:66,3
DA:67,3
DA:69,3
DA:70,3
DA:71,3
DA:73,3
DA:75,3
DA:77,0
DA:78,0
DA:79,3
DA:81,3
DA:82,3
DA:83,0
DA:84,0
DA:88,3
DA:89,3
DA:91,3
DA:121,0
DA:124,0
DA:129,3
LF:32
LH:26
BRDA:67,0,0,3
BRDA:67,0,1,0
BRDA:81,1,0,3
BRDA:82,2,0,0
BRDA:89,3,0,3
BRDA:89,3,1,0
BRDA:89,3,2,0
BRF:7
BRH:3
end_of_record
TN:
SF:client/src/components/HomePage.jsx
FN:4,(anonymous_0)
FNF:1
FNH:0
FNDA:0,(anonymous_0)
DA:4,3
DA:6,0
LF:2
LH:1
BRF:0
BRH:0
end_of_record
TN:
SF:client/src/components/DarkMode/GlobalStyles.jsx
FN:4,(anonymous_0)
FN:5,(anonymous_1)
FNF:2
FNH:0
FNDA:0,(anonymous_0)
FNDA:0,(anonymous_1)
DA:2,3
DA:4,0
DA:5,0
LF:3
LH:1
BRF:0
BRH:0
end_of_record
TN:
SF:client/src/components/DarkMode/Themes.jsx
FNF:0
FNH:0
DA:1,3
DA:7,3
LF:2
LH:2
BRF:0
BRH:0
end_of_record
TN:
SF:client/src/components/DarkMode/Toggler.jsx
FN:6,(anonymous_0)
FN:7,(anonymous_1)
FN:8,(anonymous_2)
FN:16,(anonymous_3)
FNF:4
FNH:4
FNDA:3,(anonymous_0)
FNDA:3,(anonymous_1)
FNDA:3,(anonymous_2)
FNDA:3,(anonymous_3)
DA:5,3
DA:6,3
DA:7,3
DA:8,3
DA:16,3
DA:17,3
DA:23,3
LF:7
LH:7
BRF:0
BRH:0
end_of_record
TN:
SF:client/src/components/DarkMode/UseDarkMode.jsx
FN:2,(anonymous_0)
FN:5,(anonymous_1)
FN:10,(anonymous_2)
FN:14,(anonymous_3)
FNF:4
FNH:2
FNDA:3,(anonymous_0)
FNDA:0,(anonymous_1)
FNDA:0,(anonymous_2)
FNDA:3,(anonymous_3)
DA:2,3
DA:3,3
DA:5,3
DA:6,0
DA:7,0
DA:10,3
DA:11,0
DA:14,3
DA:15,3
DA:16,3
DA:18,3
LF:11
LH:8
BRDA:11,0,0,0
BRDA:11,0,1,0
BRDA:16,1,0,3
BRDA:16,1,1,0
BRF:4
BRH:1
end_of_record
TN:
SF:client/src/components/QA/AnswersList.jsx
FN:64,(anonymous_0)
FN:71,(anonymous_1)
FN:93,(anonymous_2)
FN:104,(anonymous_3)
FN:114,(anonymous_4)
FNF:5
FNH:0
FNDA:0,(anonymous_0)
FNDA:0,(anonymous_1)
FNDA:0,(anonymous_2)
FNDA:0,(anonymous_3)
FNDA:0,(anonymous_4)
DA:8,4
DA:17,4
DA:21,4
DA:26,4
DA:40,4
DA:54,4
DA:60,4
DA:64,4
DA:65,0
DA:66,0
DA:67,0
DA:68,0
DA:69,0
DA:71,0
DA:73,0
DA:74,0
DA:77,0
DA:78,0
DA:80,0
DA:83,0
DA:94,0
DA:105,0
DA:115,0
LF:23
LH:8
BRDA:77,0,0,0
BRDA:77,0,1,0
BRDA:87,1,0,0
BRDA:87,1,1,0
BRDA:111,2,0,0
BRDA:111,2,1,0
BRDA:122,3,0,0
BRDA:122,3,1,0
BRF:8
BRH:0
end_of_record
TN:
SF:client/src/components/QA/Data.js
FNF:0
FNH:0
DA:1,4
LF:1
LH:1
BRF:0
BRH:0
end_of_record
TN:
SF:client/src/components/QA/Question.jsx
FN:114,(anonymous_0)
FN:126,(anonymous_1)
FN:129,(anonymous_2)
FN:133,(anonymous_3)
FN:140,(anonymous_4)
FN:144,(anonymous_5)
FN:152,(anonymous_6)
FN:156,(anonymous_7)
FN:157,(anonymous_8)
FN:164,(anonymous_9)
FN:172,(anonymous_10)
FN:177,(anonymous_11)
FN:185,(anonymous_12)
FN:193,(anonymous_13)
FN:210,(anonymous_14)
FN:221,(anonymous_15)
FN:230,(anonymous_16)
FN:236,(anonymous_17)
FN:248,(anonymous_18)
FNF:19
FNH:0
FNDA:0,(anonymous_0)
FNDA:0,(anonymous_1)
FNDA:0,(anonymous_2)
FNDA:0,(anonymous_3)
FNDA:0,(anonymous_4)
FNDA:0,(anonymous_5)
FNDA:0,(anonymous_6)
FNDA:0,(anonymous_7)
FNDA:0,(anonymous_8)
FNDA:0,(anonymous_9)
FNDA:0,(anonymous_10)
FNDA:0,(anonymous_11)
FNDA:0,(anonymous_12)
FNDA:0,(anonymous_13)
FNDA:0,(anonymous_14)
FNDA:0,(anonymous_15)
FNDA:0,(anonymous_16)
FNDA:0,(anonymous_17)
FNDA:0,(anonymous_18)
DA:10,4
DA:25,4
DA:31,4
DA:36,4
DA:43,4
DA:47,4
DA:55,4
DA:60,4
DA:72,4
DA:86,4
DA:100,4
DA:114,4
DA:115,0
DA:116,0
DA:117,0
DA:118,0
DA:119,0
DA:120,0
DA:121,0
DA:122,0
DA:123,0
DA:126,0
DA:127,0
DA:131,0
DA:134,0
DA:140,0
DA:141,0
DA:144,0
DA:145,0
DA:146,0
DA:147,0
DA:150,0
DA:153,0
DA:154,0
DA:156,0
DA:158,0
DA:159,0
DA:164,0
DA:165,0
DA:166,0
DA:167,0
DA:170,0
DA:173,0
DA:174,0
DA:175,0
DA:178,0
DA:179,0
DA:185,0
DA:186,0
DA:187,0
DA:193,0
DA:194,0
DA:195,0
DA:196,0
DA:202,0
DA:211,0
DA:222,0
DA:230,0
DA:236,0
DA:250,0
LF:60
LH:12
BRDA:146,0,0,0
BRDA:146,0,1,0
BRDA:166,1,0,0
BRDA:166,1,1,0
BRDA:175,2,0,0
BRDA:175,2,1,0
BRDA:228,3,0,0
BRDA:228,3,1,0
BRDA:240,4,0,0
BRDA:240,4,1,0
BRDA:241,5,0,0
BRDA:241,5,1,0
BRDA:247,6,0,0
BRDA:247,6,1,0
BRDA:263,7,0,0
BRDA:263,7,1,0
BRDA:263,7,2,0
BRDA:268,8,0,0
BRDA:268,8,1,0
BRDA:268,8,2,0
BRF:20
BRH:0
end_of_record
TN:
SF:client/src/components/QA/QuestionsList.jsx
FN:37,(anonymous_0)
FN:46,(anonymous_1)
FN:49,(anonymous_2)
FN:53,(anonymous_3)
FN:59,(anonymous_4)
FN:71,(anonymous_5)
FN:86,(anonymous_6)
FN:99,(anonymous_7)
FN:105,(anonymous_8)
FN:125,(anonymous_9)
FNF:10
FNH:2
FNDA:10,(anonymous_0)
FNDA:3,(anonymous_1)
FNDA:0,(anonymous_2)
FNDA:0,(anonymous_3)
FNDA:0,(anonymous_4)
FNDA:0,(anonymous_5)
FNDA:0,(anonymous_6)
FNDA:0,(anonymous_7)
FNDA:0,(anonymous_8)
FNDA:0,(anonymous_9)
DA:11,4
DA:22,4
DA:31,4
DA:37,4
DA:39,10
DA:40,3
DA:41,3
DA:42,3
DA:43,3
DA:44,3
DA:46,3
DA:47,3
DA:51,0
DA:54,0
DA:59,3
DA:71,3
DA:76,3
DA:87,0
DA:100,0
DA:101,0
DA:102,0
DA:103,0
DA:106,0
DA:125,0
LF:24
LH:15
BRDA:39,0,0,10
BRDA:39,0,1,0
BRDA:91,1,0,0
BRDA:91,1,1,3
BRDA:100,2,0,0
BRDA:100,2,1,0
BRDA:102,3,0,0
BRDA:102,3,1,0
BRDA:115,4,0,0
BRDA:115,4,1,3
BRDA:116,5,0,3
BRDA:116,5,1,0
BRDA:122,6,0,3
BRDA:122,6,1,0
BRF:14
BRH:5
end_of_record
TN:
SF:client/src/components/QA/Modals/AnswerModal.jsx
FN:5,AnswerModal
FN:15,(anonymous_1)
FN:21,(anonymous_2)
FN:23,cleanup
FN:28,(anonymous_4)
FN:41,(anonymous_5)
FN:45,(anonymous_6)
FN:60,(anonymous_7)
FN:74,(anonymous_8)
FN:90,(anonymous_9)
FNF:10
FNH:0
FNDA:0,AnswerModal
FNDA:0,(anonymous_1)
FNDA:0,(anonymous_2)
FNDA:0,cleanup
FNDA:0,(anonymous_4)
FNDA:0,(anonymous_5)
FNDA:0,(anonymous_6)
FNDA:0,(anonymous_7)
FNDA:0,(anonymous_8)
FNDA:0,(anonymous_9)
DA:6,0
DA:7,0
DA:10,0
DA:11,0
DA:12,0
DA:13,0
DA:15,0
DA:16,0
DA:17,0
DA:21,0
DA:22,0
DA:23,0
DA:24,0
DA:28,0
DA:29,0
DA:30,0
DA:31,0
DA:33,0
DA:34,0
DA:42,0
DA:43,0
DA:46,0
DA:52,0
DA:60,0
DA:67,0
DA:74,0
DA:81,0
DA:90,0
DA:96,0
LF:29
LH:0
BRDA:6,0,0,0
BRDA:6,0,1,0
BRDA:16,1,0,0
BRDA:16,1,1,0
BRDA:16,2,0,0
BRDA:16,2,1,0
BRDA:30,3,0,0
BRDA:30,3,1,0
BRDA:30,4,0,0
BRDA:30,4,1,0
BRDA:30,4,2,0
BRF:11
BRH:0
end_of_record
TN:
SF:client/src/components/QA/Modals/ImageModal.jsx
FN:14,Modal
FNF:1
FNH:0
FNDA:0,Modal
DA:5,4
DA:23,0
LF:2
LH:1
BRF:0
BRH:0
end_of_record
TN:
SF:client/src/components/QA/Modals/QuestionModal.jsx
FN:5,AnswerModal
FN:14,(anonymous_1)
FN:20,(anonymous_2)
FN:22,cleanup
FN:27,(anonymous_4)
FN:40,(anonymous_5)
FN:44,(anonymous_6)
FN:60,(anonymous_7)
FN:77,(anonymous_8)
FN:95,(anonymous_9)
FNF:10
FNH:1
FNDA:3,AnswerModal
FNDA:0,(anonymous_1)
FNDA:0,(anonymous_2)
FNDA:0,cleanup
FNDA:0,(anonymous_4)
FNDA:0,(anonymous_5)
FNDA:0,(anonymous_6)
FNDA:0,(anonymous_7)
FNDA:0,(anonymous_8)
FNDA:0,(anonymous_9)
DA:6,3
DA:7,3
DA:10,0
DA:11,0
DA:12,0
DA:14,0
DA:15,0
DA:16,0
DA:20,0
DA:21,0
DA:22,0
DA:23,0
DA:27,0
DA:28,0
DA:29,0
DA:30,0
DA:32,0
DA:33,0
DA:41,0
DA:42,0
DA:45,0
DA:51,0
DA:60,0
DA:68,0
DA:77,0
DA:85,0
DA:95,0
DA:101,0
LF:28
LH:2
BRDA:6,0,0,3
BRDA:6,0,1,0
BRDA:15,1,0,0
BRDA:15,1,1,0
BRDA:15,2,0,0
BRDA:15,2,1,0
BRDA:29,3,0,0
BRDA:29,3,1,0
BRDA:29,4,0,0
BRDA:29,4,1,0
BRDA:29,4,2,0
BRDA:102,5,0,0
BRDA:102,5,1,0
BRF:13
BRH:1
end_of_record
TN:
SF:client/src/components/R&R/Bars.jsx
FN:21,(anonymous_0)
FN:44,(anonymous_1)
FN:55,(anonymous_2)
FN:63,(anonymous_3)
FN:66,(anonymous_4)
FN:73,(anonymous_5)
FNF:6
FNH:2
FNDA:3,(anonymous_0)
FNDA:0,(anonymous_1)
FNDA:0,(anonymous_2)
FNDA:0,(anonymous_3)
FNDA:15,(anonymous_4)
FNDA:0,(anonymous_5)
DA:3,3
DA:10,3
DA:17,3
DA:21,3
DA:23,3
DA:24,3
DA:25,3
DA:26,3
DA:27,3
DA:29,3
DA:30,3
DA:31,3
DA:32,3
DA:33,3
DA:34,3
DA:36,3
DA:44,3
DA:45,0
DA:46,0
DA:47,0
DA:49,0
DA:51,0
DA:54,3
DA:55,3
DA:56,0
DA:59,3
DA:63,0
DA:72,15
DA:73,0
LF:29
LH:21
BRDA:46,0,0,0
BRDA:46,0,1,0
BRF:2
BRH:0
end_of_record
TN:
SF:client/src/components/R&R/ConvertPhoto.jsx
FN:4,getBase64
FN:5,(anonymous_1)
FN:8,(anonymous_2)
FN:15,(anonymous_3)
FN:19,(anonymous_4)
FN:27,(anonymous_5)
FN:29,(anonymous_6)
FN:35,(anonymous_7)
FN:36,(anonymous_8)
FNF:9
FNH:0
FNDA:0,getBase64
FNDA:0,(anonymous_1)
FNDA:0,(anonymous_2)
FNDA:0,(anonymous_3)
FNDA:0,(anonymous_4)
FNDA:0,(anonymous_5)
FNDA:0,(anonymous_6)
FNDA:0,(anonymous_7)
FNDA:0,(anonymous_8)
DA:5,0
DA:6,0
DA:7,0
DA:8,0
DA:9,0
DA:10,0
DA:11,0
DA:13,0
DA:15,0
DA:19,3
DA:20,0
DA:21,0
DA:22,0
DA:23,0
DA:26,0
DA:28,0
DA:29,0
DA:30,0
DA:31,0
DA:32,0
DA:34,0
DA:36,0
DA:37,0
LF:23
LH:1
BRDA:10,0,0,0
BRDA:10,0,1,0
BRF:2
BRH:0
end_of_record
TN:
SF:client/src/components/R&R/NewReview.jsx
FN:114,(anonymous_0)
FN:129,(anonymous_1)
FN:135,(anonymous_2)
FN:137,cleanup
FN:142,(anonymous_4)
FN:157,(anonymous_5)
FN:161,(anonymous_6)
FN:164,(anonymous_7)
FN:166,(anonymous_8)
FN:169,(anonymous_9)
FN:181,(anonymous_10)
FN:181,(anonymous_11)
FN:193,(anonymous_12)
FN:197,(anonymous_13)
FN:206,(anonymous_14)
FN:212,(anonymous_15)
FN:214,(anonymous_16)
FN:234,(anonymous_17)
FN:238,(anonymous_18)
FN:243,(anonymous_19)
FN:255,(anonymous_20)
FN:260,(anonymous_21)
FN:265,(anonymous_22)
FN:270,(anonymous_23)
FN:270,(anonymous_24)
FNF:25
FNH:4
FNDA:3,(anonymous_0)
FNDA:0,(anonymous_1)
FNDA:3,(anonymous_2)
FNDA:2,cleanup
FNDA:0,(anonymous_4)
FNDA:0,(anonymous_5)
FNDA:0,(anonymous_6)
FNDA:3,(anonymous_7)
FNDA:0,(anonymous_8)
FNDA:0,(anonymous_9)
FNDA:0,(anonymous_10)
FNDA:0,(anonymous_11)
FNDA:0,(anonymous_12)
FNDA:0,(anonymous_13)
FNDA:0,(anonymous_14)
FNDA:0,(anonymous_15)
FNDA:0,(anonymous_16)
FNDA:0,(anonymous_17)
FNDA:0,(anonymous_18)
FNDA:0,(anonymous_19)
FNDA:0,(anonymous_20)
FNDA:0,(anonymous_21)
FNDA:0,(anonymous_22)
FNDA:0,(anonymous_23)
FNDA:0,(anonymous_24)
DA:9,3
DA:19,3
DA:30,3
DA:48,3
DA:56,3
DA:86,3
DA:92,3
DA:100,3
DA:103,3
DA:109,3
DA:114,3
DA:115,3
DA:116,3
DA:118,3
DA:119,3
DA:120,3
DA:121,3
DA:122,3
DA:123,3
DA:124,3
DA:125,3
DA:126,3
DA:127,3
DA:129,3
DA:130,0
DA:131,0
DA:135,3
DA:136,3
DA:137,3
DA:138,2
DA:142,3
DA:143,0
DA:144,0
DA:155,0
DA:156,0
DA:158,0
DA:159,0
DA:161,0
DA:164,3
DA:165,3
DA:167,0
DA:168,0
DA:169,0
DA:170,0
DA:172,0
DA:173,0
DA:177,3
DA:181,0
DA:194,0
DA:198,0
DA:207,0
DA:208,0
DA:213,0
DA:215,0
DA:216,0
DA:217,0
DA:218,0
DA:219,0
DA:220,0
DA:234,0
DA:238,0
DA:244,0
DA:245,0
DA:255,0
DA:260,0
DA:265,0
DA:270,0
LF:67
LH:32
BRDA:130,0,0,0
BRDA:130,0,1,0
BRDA:130,1,0,0
BRDA:130,1,1,0
BRDA:179,2,0,0
BRDA:179,2,1,3
BRDA:223,3,0,0
BRDA:223,3,1,0
BRDA:223,3,2,0
BRDA:239,4,0,0
BRDA:239,4,1,0
BRDA:241,5,0,0
BRDA:241,5,1,0
BRDA:248,6,0,0
BRDA:248,6,1,0
BRDA:252,7,0,0
BRDA:252,7,1,0
BRF:17
BRH:1
end_of_record
TN:
SF:client/src/components/R&R/Overview.jsx
FN:13,(anonymous_0)
FN:24,(anonymous_1)
FN:27,(anonymous_2)
FN:30,(anonymous_3)
FN:39,(anonymous_4)
FNF:5
FNH:3
FNDA:5,(anonymous_0)
FNDA:3,(anonymous_1)
FNDA:0,(anonymous_2)
FNDA:0,(anonymous_3)
FNDA:3,(anonymous_4)
DA:8,3
DA:13,3
DA:14,5
DA:15,3
DA:16,3
DA:17,3
DA:18,3
DA:19,3
DA:20,3
DA:24,3
DA:25,3
DA:26,3
DA:28,0
DA:29,0
DA:30,0
DA:32,0
DA:33,0
DA:34,0
DA:39,3
DA:40,3
DA:44,3
LF:21
LH:15
BRDA:29,0,0,0
BRDA:29,0,1,0
BRF:2
BRH:0
end_of_record
TN:
SF:client/src/components/R&R/ProductBreakdown.jsx
FN:67,(anonymous_0)
FN:70,(anonymous_1)
FN:72,(anonymous_2)
FN:80,(anonymous_3)
FNF:4
FNH:2
FNDA:3,(anonymous_0)
FNDA:3,(anonymous_1)
FNDA:0,(anonymous_2)
FNDA:0,(anonymous_3)
DA:8,3
DA:15,3
DA:23,3
DA:29,3
DA:35,3
DA:42,3
DA:56,3
DA:67,3
DA:68,3
DA:70,3
DA:71,3
DA:73,0
DA:74,0
DA:78,3
DA:81,0
DA:82,0
LF:16
LH:12
BRF:0
BRH:0
end_of_record
TN:
SF:client/src/components/R&R/Rate.jsx
FN:18,(anonymous_0)
FN:28,(anonymous_1)
FN:35,(anonymous_2)
FNF:3
FNH:0
FNDA:0,(anonymous_0)
FNDA:0,(anonymous_1)
FNDA:0,(anonymous_2)
DA:4,3
DA:11,3
DA:14,3
DA:18,3
DA:19,0
DA:26,0
DA:29,0
DA:30,0
DA:36,0
LF:9
LH:4
BRDA:42,0,0,0
BRDA:42,0,1,0
BRDA:42,1,0,0
BRDA:42,1,1,0
BRDA:51,2,0,0
BRDA:51,2,1,0
BRF:6
BRH:0
end_of_record
TN:
SF:client/src/components/R&R/Ratings.jsx
FN:26,(anonymous_0)
FN:33,(anonymous_1)
FN:35,(anonymous_2)
FNF:3
FNH:2
FNDA:5,(anonymous_0)
FNDA:3,(anonymous_1)
FNDA:0,(anonymous_2)
DA:11,3
DA:17,3
DA:21,3
DA:26,3
DA:27,5
DA:29,3
DA:30,3
DA:31,3
DA:33,3
DA:34,3
DA:36,0
DA:37,0
DA:38,0
DA:39,0
DA:40,0
DA:44,3
LF:16
LH:11
BRDA:48,0,0,3
BRDA:48,0,1,0
BRDA:51,1,0,3
BRDA:51,1,1,0
BRF:4
BRH:2
end_of_record
TN:
SF:client/src/components/R&R/ReviewTile.jsx
FN:70,(anonymous_0)
FN:79,(anonymous_1)
FN:90,(anonymous_2)
FN:94,(anonymous_3)
FN:102,(anonymous_4)
FN:109,(anonymous_5)
FN:112,(anonymous_6)
FN:141,(anonymous_7)
FN:148,(anonymous_8)
FNF:9
FNH:0
FNDA:0,(anonymous_0)
FNDA:0,(anonymous_1)
FNDA:0,(anonymous_2)
FNDA:0,(anonymous_3)
FNDA:0,(anonymous_4)
FNDA:0,(anonymous_5)
FNDA:0,(anonymous_6)
FNDA:0,(anonymous_7)
FNDA:0,(anonymous_8)
DA:14,3
DA:20,3
DA:26,3
DA:31,3
DA:43,3
DA:48,3
DA:53,3
DA:57,3
DA:65,3
DA:70,3
DA:71,0
DA:72,0
DA:73,0
DA:74,0
DA:75,0
DA:76,0
DA:77,0
DA:79,0
DA:80,0
DA:81,0
DA:84,0
DA:85,0
DA:87,0
DA:90,0
DA:91,0
DA:92,0
DA:93,0
DA:95,0
DA:96,0
DA:97,0
DA:102,0
DA:103,0
DA:104,0
DA:105,0
DA:109,0
DA:110,0
DA:111,0
DA:113,0
DA:118,0
DA:141,0
DA:149,0
LF:41
LH:10
BRDA:84,0,0,0
BRDA:84,0,1,0
BRDA:91,1,0,0
BRDA:91,1,1,0
BRDA:103,2,0,0
BRDA:103,2,1,0
BRDA:110,3,0,0
BRDA:110,3,1,0
BRDA:126,4,0,0
BRDA:126,4,1,0
BRDA:130,5,0,0
BRDA:130,5,1,0
BRDA:135,6,0,0
BRDA:135,6,1,0
BRDA:141,7,0,0
BRDA:141,7,1,0
BRDA:142,8,0,0
BRDA:142,8,1,0
BRDA:145,9,0,0
BRDA:145,9,1,0
BRDA:155,10,0,0
BRDA:155,10,1,0
BRDA:158,11,0,0
BRDA:158,11,1,0
BRDA:160,12,0,0
BRDA:160,12,1,0
BRDA:174,13,0,0
BRDA:174,13,1,0
BRDA:175,14,0,0
BRDA:175,14,1,0
BRF:30
BRH:0
end_of_record
TN:
SF:client/src/components/R&R/Reviews.jsx
FN:54,(anonymous_0)
FN:58,(anonymous_1)
FN:59,(anonymous_2)
FN:62,(anonymous_3)
FN:66,(anonymous_4)
FN:78,(anonymous_5)
FN:88,(anonymous_6)
FN:92,(anonymous_7)
FNF:8
FNH:1
FNDA:3,(anonymous_0)
FNDA:0,(anonymous_1)
FNDA:0,(anonymous_2)
FNDA:0,(anonymous_3)
FNDA:0,(anonymous_4)
FNDA:0,(anonymous_5)
FNDA:0,(anonymous_6)
FNDA:0,(anonymous_7)
DA:9,3
DA:21,3
DA:33,3
DA:37,3
DA:43,3
DA:54,3
DA:55,3
DA:56,3
DA:58,3
DA:59,0
DA:62,3
DA:63,0
DA:66,3
DA:67,0
DA:71,3
DA:79,0
DA:80,0
DA:89,0
DA:93,0
LF:19
LH:12
BRDA:92,0,0,3
BRDA:92,0,1,0
BRF:2
BRH:1
end_of_record
TN:
SF:client/src/components/R&R/Stars.jsx
FN:3,(anonymous_0)
FNF:1
FNH:1
FNDA:3,(anonymous_0)
DA:3,3
DA:4,3
LF:2
LH:2
BRF:0
BRH:0
end_of_record
TN:
SF:client/src/components/R&R/Legends/Characteristics.jsx
FNF:0
FNH:0
DA:1,3
LF:1
LH:1
BRF:0
BRH:0
end_of_record
TN:
SF:client/src/components/RelatedItems/Comparison.jsx
FN:111,(anonymous_0)
FN:132,(anonymous_1)
FN:146,(anonymous_2)
FN:151,(anonymous_3)
FNF:4
FNH:1
FNDA:3,(anonymous_0)
FNDA:0,(anonymous_1)
FNDA:0,(anonymous_2)
FNDA:0,(anonymous_3)
DA:7,3
DA:19,3
DA:34,3
DA:39,3
DA:43,3
DA:49,3
DA:56,3
DA:64,3
DA:69,3
DA:76,3
DA:85,3
DA:94,3
DA:99,3
DA:105,3
DA:111,3
DA:112,3
DA:114,3
DA:115,3
DA:130,0
DA:132,0
DA:147,0
DA:152,0
LF:22
LH:18
BRDA:114,0,0,3
BRDA:114,0,1,0
BRDA:146,1,0,0
BRDA:146,1,1,0
BRF:4
BRH:1
end_of_record
TN:
SF:client/src/components/RelatedItems/Main.jsx
FN:10,(anonymous_0)
FN:20,(anonymous_1)
FN:29,(anonymous_2)
FN:31,(anonymous_3)
FN:36,(anonymous_4)
FN:40,(anonymous_5)
FN:51,(anonymous_6)
FN:64,(anonymous_7)
FN:71,(anonymous_8)
FN:72,(anonymous_9)
FN:77,(anonymous_10)
FN:79,(anonymous_11)
FN:106,(anonymous_12)
FNF:13
FNH:4
FNDA:8,(anonymous_0)
FNDA:3,(anonymous_1)
FNDA:0,(anonymous_2)
FNDA:0,(anonymous_3)
FNDA:0,(anonymous_4)
FNDA:0,(anonymous_5)
FNDA:0,(anonymous_6)
FNDA:0,(anonymous_7)
FNDA:0,(anonymous_8)
FNDA:0,(anonymous_9)
FNDA:3,(anonymous_10)
FNDA:3,(anonymous_11)
FNDA:0,(anonymous_12)
DA:10,3
DA:11,8
DA:12,3
DA:13,3
DA:14,3
DA:15,3
DA:17,3
DA:18,3
DA:20,3
DA:22,3
DA:23,3
DA:24,3
DA:25,3
DA:26,3
DA:28,3
DA:30,0
DA:31,0
DA:36,0
DA:39,3
DA:41,0
DA:42,0
DA:43,0
DA:44,0
DA:45,0
DA:46,0
DA:47,0
DA:49,0
DA:52,0
DA:53,0
DA:55,0
DA:57,0
DA:58,0
DA:62,0
DA:64,0
DA:71,3
DA:72,0
DA:77,3
DA:78,3
DA:79,3
DA:80,3
DA:81,0
DA:88,3
DA:106,0
LF:43
LH:22
BRDA:80,0,0,0
BRDA:80,0,1,3
BRF:2
BRH:1
end_of_record
TN:
SF:client/src/components/RelatedItems/OutfitCard.jsx
FN:89,(anonymous_0)
FN:112,(anonymous_1)
FNF:2
FNH:1
FNDA:3,(anonymous_0)
FNDA:0,(anonymous_1)
DA:11,3
DA:22,3
DA:28,3
DA:42,3
DA:56,3
DA:59,3
DA:64,3
DA:67,3
DA:71,3
DA:77,3
DA:81,3
DA:85,3
DA:89,3
DA:90,3
DA:91,3
DA:94,3
DA:95,3
DA:96,0
DA:97,0
DA:99,0
DA:102,3
DA:104,3
DA:113,0
DA:114,0
LF:24
LH:19
BRDA:94,0,0,3
BRDA:94,0,1,0
BRDA:96,1,0,0
BRDA:96,1,1,0
BRDA:108,2,0,3
BRDA:108,2,1,0
BRDA:120,3,0,0
BRDA:120,3,1,3
BRDA:126,4,0,0
BRDA:126,4,1,3
BRDA:129,5,0,0
BRDA:129,5,1,3
BRF:12
BRH:5
end_of_record
TN:
SF:client/src/components/RelatedItems/OutfitList.jsx
FN:25,(anonymous_0)
FN:29,(anonymous_1)
FN:43,(anonymous_2)
FN:57,(anonymous_3)
FN:60,(anonymous_4)
FNF:5
FNH:2
FNDA:3,(anonymous_0)
FNDA:0,(anonymous_1)
FNDA:3,(anonymous_2)
FNDA:0,(anonymous_3)
FNDA:0,(anonymous_4)
DA:7,3
DA:11,3
DA:16,3
DA:21,3
DA:25,3
DA:26,3
DA:27,3
DA:29,3
DA:30,0
DA:31,0
DA:32,0
DA:33,0
DA:35,0
DA:38,3
DA:44,3
DA:57,0
DA:60,0
LF:17
LH:10
BRDA:30,0,0,0
BRDA:30,0,1,0
BRDA:32,1,0,0
BRDA:32,1,1,0
BRDA:42,2,0,3
BRDA:42,2,1,0
BRDA:55,3,0,0
BRDA:55,3,1,3
BRF:8
BRH:2
end_of_record
TN:
SF:client/src/components/RelatedItems/ProductCard.jsx
FN:70,(anonymous_0)
FN:92,(anonymous_1)
FNF:2
FNH:0
FNDA:0,(anonymous_0)
FNDA:0,(anonymous_1)
DA:11,3
DA:22,3
DA:28,3
DA:42,3
DA:46,3
DA:49,3
DA:53,3
DA:59,3
DA:63,3
DA:66,3
DA:70,3
DA:71,0
DA:72,0
DA:73,0
DA:76,0
DA:77,0
DA:79,0
DA:82,0
DA:88,0
DA:93,0
DA:94,0
DA:95,0
LF:22
LH:11
BRDA:76,0,0,0
BRDA:76,0,1,0
BRF:2
BRH:0
end_of_record
TN:
SF:client/src/components/RelatedItems/ProductsList.jsx
FN:25,(anonymous_0)
FN:31,(anonymous_1)
FN:44,(anonymous_2)
FN:58,(anonymous_3)
FN:61,(anonymous_4)
FNF:5
FNH:1
FNDA:3,(anonymous_0)
FNDA:0,(anonymous_1)
FNDA:0,(anonymous_2)
FNDA:0,(anonymous_3)
FNDA:0,(anonymous_4)
DA:7,3
DA:11,3
DA:16,3
DA:21,3
DA:25,3
DA:26,3
DA:27,3
DA:28,3
DA:31,3
DA:32,0
DA:33,0
DA:34,0
DA:35,0
DA:37,0
DA:40,3
DA:45,0
DA:58,0
DA:61,0
LF:18
LH:10
BRDA:32,0,0,0
BRDA:32,0,1,0
BRDA:34,1,0,0
BRDA:34,1,1,0
BRDA:44,2,0,0
BRDA:44,2,1,3
BRDA:56,3,0,0
BRDA:56,3,1,3
BRF:8
BRH:2
end_of_record
TN:
SF:client/src/components/RelatedItems/useLocalStorage.js
FN:3,useLocalStorage
FN:6,(anonymous_1)
FN:23,(anonymous_2)
FNF:3
FNH:2
FNDA:3,useLocalStorage
FNDA:3,(anonymous_1)
FNDA:0,(anonymous_2)
DA:6,3
DA:7,3
DA:8,0
DA:10,3
DA:12,3
DA:14,3
DA:17,0
DA:18,0
DA:23,3
DA:24,0
DA:27,0
DA:29,0
DA:31,0
DA:32,0
DA:36,0
DA:39,3
LF:16
LH:7
BRDA:7,0,0,0
BRDA:7,0,1,3
BRDA:14,1,0,0
BRDA:14,1,1,3
BRDA:27,2,0,0
BRDA:27,2,1,0
BRDA:31,3,0,0
BRDA:31,3,1,0
BRF:8
BRH:2
end_of_record
TN:
SF:client/src/components/overview/AddCart.jsx
FN:24,(anonymous_0)
FN:27,(anonymous_1)
FN:35,(anonymous_2)
FN:50,(anonymous_3)
FNF:4
FNH:0
FNDA:0,(anonymous_0)
FNDA:0,(anonymous_1)
FNDA:0,(anonymous_2)
FNDA:0,(anonymous_3)
DA:7,3
DA:21,3
DA:24,3
DA:25,0
DA:27,0
DA:29,0
DA:30,0
DA:31,0
DA:34,0
DA:35,0
DA:36,0
DA:39,0
DA:44,0
DA:48,0
DA:50,0
LF:15
LH:3
BRDA:30,0,0,0
BRDA:30,0,1,0
BRF:2
BRH:0
end_of_record
TN:
SF:client/src/components/overview/Cart.jsx
FN:15,(anonymous_0)
FN:22,(anonymous_1)
FN:27,(anonymous_2)
FN:31,(anonymous_3)
FN:39,(anonymous_4)
FNF:5
FNH:0
FNDA:0,(anonymous_0)
FNDA:0,(anonymous_1)
FNDA:0,(anonymous_2)
FNDA:0,(anonymous_3)
FNDA:0,(anonymous_4)
DA:6,3
DA:11,3
DA:15,3
DA:16,0
DA:18,0
DA:19,0
DA:20,0
DA:22,0
DA:23,0
DA:24,0
DA:27,0
DA:28,0
DA:31,0
DA:36,0
DA:39,0
DA:40,0
DA:43,0
LF:17
LH:3
BRDA:46,0,0,0
BRDA:46,0,1,0
BRDA:66,1,0,0
BRDA:66,1,1,0
BRF:4
BRH:0
end_of_record
TN:
SF:client/src/components/overview/Description.jsx
FN:14,(anonymous_0)
FNF:1
FNH:0
FNDA:0,(anonymous_0)
DA:5,3
DA:9,3
DA:14,3
DA:17,0
LF:4
LH:3
BRF:0
BRH:0
end_of_record
TN:
SF:client/src/components/overview/Dropdown.jsx
FN:12,(anonymous_0)
FN:24,(anonymous_1)
FN:33,(anonymous_2)
FN:46,(anonymous_3)
FNF:4
FNH:0
FNDA:0,(anonymous_0)
FNDA:0,(anonymous_1)
FNDA:0,(anonymous_2)
FNDA:0,(anonymous_3)
DA:2,3
DA:12,3
DA:23,0
DA:24,0
DA:26,0
DA:27,0
DA:28,0
DA:29,0
DA:30,0
DA:31,0
DA:33,0
DA:37,0
DA:38,0
DA:41,0
DA:47,0
DA:48,0
DA:50,0
DA:51,0
DA:57,0
LF:19
LH:2
BRDA:23,0,0,0
BRDA:23,0,1,0
BRDA:26,1,0,0
BRDA:26,1,1,0
BRDA:26,2,0,0
BRDA:26,2,1,0
BRDA:28,3,0,0
BRDA:28,3,1,0
BRDA:30,4,0,0
BRDA:30,4,1,0
BRDA:47,5,0,0
BRDA:47,5,1,0
BRDA:50,6,0,0
BRDA:50,6,1,0
BRF:14
BRH:0
end_of_record
TN:
SF:client/src/components/overview/Features.jsx
FN:23,(anonymous_0)
FN:28,(anonymous_1)
FNF:2
FNH:0
FNDA:0,(anonymous_0)
FNDA:0,(anonymous_1)
DA:5,3
DA:11,3
DA:17,3
DA:23,3
DA:24,0
DA:26,0
DA:29,0
LF:7
LH:4
BRF:0
BRH:0
end_of_record
TN:
SF:client/src/components/overview/Gallery.jsx
FN:18,(anonymous_0)
FN:26,(anonymous_1)
FN:45,(anonymous_2)
FN:124,(anonymous_3)
FN:137,(anonymous_4)
FN:158,(anonymous_5)
FN:172,(anonymous_6)
FN:181,(anonymous_7)
FN:187,(anonymous_8)
FN:194,(anonymous_9)
FN:199,(anonymous_10)
FNF:11
FNH:0
FNDA:0,(anonymous_0)
FNDA:0,(anonymous_1)
FNDA:0,(anonymous_2)
FNDA:0,(anonymous_3)
FNDA:0,(anonymous_4)
FNDA:0,(anonymous_5)
FNDA:0,(anonymous_6)
FNDA:0,(anonymous_7)
FNDA:0,(anonymous_8)
FNDA:0,(anonymous_9)
FNDA:0,(anonymous_10)
DA:11,3
DA:18,0
DA:26,0
DA:30,3
DA:45,0
DA:52,3
DA:66,3
DA:76,3
DA:94,3
DA:97,3
DA:105,3
DA:124,3
DA:125,0
DA:126,0
DA:127,0
DA:128,0
DA:130,0
DA:131,0
DA:132,0
DA:134,0
DA:135,0
DA:137,0
DA:138,0
DA:139,0
DA:140,0
DA:142,0
DA:158,0
DA:173,0
DA:181,0
DA:187,0
DA:194,0
DA:200,0
LF:32
LH:9
BRDA:130,0,0,0
BRDA:130,0,1,0
BRDA:131,1,0,0
BRDA:131,1,1,0
BRDA:132,2,0,0
BRDA:132,2,1,0
BRDA:134,3,0,0
BRDA:134,3,1,0
BRDA:144,4,0,0
BRDA:144,4,1,0
BRDA:151,5,0,0
BRDA:151,5,1,0
BRDA:153,6,0,0
BRDA:153,6,1,0
BRDA:163,7,0,0
BRDA:163,7,1,0
BRDA:170,8,0,0
BRDA:170,8,1,0
BRDA:173,9,0,0
BRDA:173,9,1,0
BRDA:176,10,0,0
BRDA:176,10,1,0
BRDA:179,11,0,0
BRDA:179,11,1,0
BRDA:191,12,0,0
BRDA:191,12,1,0
BRDA:197,13,0,0
BRDA:197,13,1,0
BRDA:200,14,0,0
BRDA:200,14,1,0
BRDA:204,15,0,0
BRDA:204,15,1,0
BRDA:211,16,0,0
BRDA:211,16,1,0
BRDA:211,16,2,0
BRF:35
BRH:0
end_of_record
TN:
SF:client/src/components/overview/IconGall.jsx
FN:38,(anonymous_0)
FN:39,(anonymous_1)
FN:44,(anonymous_2)
FN:50,(anonymous_3)
FNF:4
FNH:0
FNDA:0,(anonymous_0)
FNDA:0,(anonymous_1)
FNDA:0,(anonymous_2)
FNDA:0,(anonymous_3)
DA:5,3
DA:15,3
DA:19,3
DA:28,3
DA:38,3
DA:39,0
DA:42,0
DA:43,0
DA:44,0
DA:49,0
DA:50,0
DA:57,0
DA:59,0
DA:62,0
LF:14
LH:5
BRDA:42,0,0,0
BRDA:42,0,1,0
BRF:2
BRH:0
end_of_record
TN:
SF:client/src/components/overview/Overview.jsx
FN:31,(anonymous_0)
FN:39,(anonymous_1)
FN:44,(anonymous_2)
FN:49,(anonymous_3)
FNF:4
FNH:2
FNDA:3,(anonymous_0)
FNDA:3,(anonymous_1)
FNDA:0,(anonymous_2)
FNDA:0,(anonymous_3)
DA:10,3
DA:17,3
DA:23,3
DA:31,3
DA:32,3
DA:33,3
DA:34,3
DA:35,3
DA:36,3
DA:37,3
DA:39,3
DA:40,3
DA:41,3
DA:42,3
DA:44,3
DA:45,0
DA:46,0
DA:47,0
DA:48,0
DA:49,0
DA:52,3
LF:21
LH:16
BRDA:55,0,0,3
BRDA:55,0,1,0
BRDA:64,1,0,3
BRDA:64,1,1,0
BRDA:64,1,2,0
BRDA:76,2,0,3
BRDA:76,2,1,0
BRDA:77,3,0,3
BRDA:77,3,1,0
BRF:9
BRH:4
end_of_record
TN:
SF:client/src/components/overview/ProductInfo.jsx
FN:63,(anonymous_0)
FN:67,(anonymous_1)
FNF:2
FNH:0
FNDA:0,(anonymous_0)
FNDA:0,(anonymous_1)
DA:10,3
DA:17,3
DA:21,3
DA:29,3
DA:34,3
DA:39,3
DA:46,3
DA:51,3
DA:59,3
DA:63,3
DA:64,0
DA:65,0
DA:67,0
DA:68,0
DA:71,0
LF:15
LH:10
BRDA:73,0,0,0
BRDA:73,0,1,0
BRDA:82,1,0,0
BRDA:82,1,1,0
BRF:4
BRH:0
end_of_record
TN:
SF:client/src/components/overview/Style.jsx
FN:64,(anonymous_0)
FN:72,(anonymous_1)
FN:75,(anonymous_2)
FN:81,(anonymous_3)
FN:93,(anonymous_4)
FNF:5
FNH:0
FNDA:0,(anonymous_0)
FNDA:0,(anonymous_1)
FNDA:0,(anonymous_2)
FNDA:0,(anonymous_3)
FNDA:0,(anonymous_4)
DA:8,3
DA:12,3
DA:17,3
DA:22,3
DA:26,3
DA:33,3
DA:41,3
DA:53,3
DA:59,3
DA:64,3
DA:65,0
DA:66,0
DA:73,0
DA:76,0
DA:82,0
DA:94,0
LF:16
LH:10
BRDA:77,0,0,0
BRDA:77,0,1,0
BRF:2
BRH:0
end_of_record
TN:
SF:client/src/components/overview/ThumbGall.jsx
FN:43,(anonymous_0)
FN:44,(anonymous_1)
FN:49,(anonymous_2)
FN:55,(anonymous_3)
FN:73,(anonymous_4)
FN:80,(anonymous_5)
FNF:6
FNH:0
FNDA:0,(anonymous_0)
FNDA:0,(anonymous_1)
FNDA:0,(anonymous_2)
FNDA:0,(anonymous_3)
FNDA:0,(anonymous_4)
FNDA:0,(anonymous_5)
DA:7,3
DA:17,3
DA:21,3
DA:29,3
DA:35,3
DA:39,3
DA:43,3
DA:44,0
DA:47,0
DA:48,0
DA:49,0
DA:54,0
DA:55,0
DA:61,0
DA:62,0
DA:64,0
DA:65,0
DA:67,0
DA:70,0
DA:73,0
DA:80,0
LF:21
LH:7
BRDA:47,0,0,0
BRDA:47,0,1,0
BRDA:61,1,0,0
BRDA:61,1,1,0
BRDA:61,2,0,0
BRDA:61,2,1,0
BRDA:64,3,0,0
BRDA:64,3,1,0
BRDA:64,4,0,0
BRDA:64,4,1,0
BRDA:64,4,2,0
BRDA:72,5,0,0
BRDA:72,5,1,0
BRDA:75,6,0,0
BRDA:75,6,1,0
BRDA:79,7,0,0
BRDA:79,7,1,0
BRF:17
BRH:0
end_of_record
TN:
SF:client/src/components/util/context.js
FNF:0
FNH:0
DA:3,4
LF:1
LH:1
BRF:0
BRH:0
end_of_record
TN:
SF:client/src/components/util/getAvgRating.js
FN:2,(anonymous_0)
FNF:1
FNH:1
FNDA:3,(anonymous_0)
DA:2,3
DA:3,3
DA:4,3
DA:5,3
DA:6,0
DA:7,0
DA:9,3
DA:10,3
LF:8
LH:6
BRF:0
BRH:0
end_of_record
TN:
SF:client/src/components/util/percentRec.js
FN:1,(anonymous_0)
FNF:1
FNH:0
FNDA:0,(anonymous_0)
DA:1,3
DA:2,0
DA:3,0
DA:4,0
DA:5,0
DA:6,0
LF:6
LH:1
BRF:0
BRH:0
end_of_record
TN:
SF:client/src/components/util/sortStyles.js
FN:2,(anonymous_0)
FN:6,(anonymous_1)
FNF:2
FNH:0
FNDA:0,(anonymous_0)
FNDA:0,(anonymous_1)
DA:2,3
DA:3,0
DA:4,0
DA:6,0
DA:8,0
DA:9,0
DA:10,0
DA:11,0
DA:14,0
LF:9
LH:1
BRDA:9,0,0,0
BRDA:9,0,1,0
BRDA:9,1,0,0
BRDA:9,1,1,0
BRF:4
BRH:0
end_of_record
