TN:
SF:client/src/components/App.jsx
FN:17,(anonymous_0)
FN:22,(anonymous_1)
FNF:2
FNH:1
FNDA:2,(anonymous_0)
FNDA:0,(anonymous_1)
DA:9,2
DA:11,2
DA:17,2
DA:18,2
DA:19,1
DA:21,1
DA:22,0
DA:24,1
LF:8
LH:7
BRF:0
BRH:0
end_of_record
TN:
SF:client/src/components/QA/AnswersList.jsx
FN:64,(anonymous_0)
FN:71,(anonymous_1)
FN:84,(anonymous_2)
FN:95,(anonymous_3)
FN:105,(anonymous_4)
FNF:5
FNH:0
FNDA:0,(anonymous_0)
FNDA:0,(anonymous_1)
FNDA:0,(anonymous_2)
FNDA:0,(anonymous_3)
FNDA:0,(anonymous_4)
DA:8,3
DA:17,3
DA:21,3
DA:26,3
DA:40,3
DA:54,3
DA:60,3
DA:64,3
DA:65,0
DA:66,0
DA:67,0
DA:68,0
DA:69,0
DA:71,0
DA:73,0
DA:74,0
DA:77,0
DA:85,0
DA:96,0
DA:106,0
LF:20
LH:8
BRDA:102,0,0,0
BRDA:102,0,1,0
BRDA:113,1,0,0
BRDA:113,1,1,0
BRF:4
BRH:0
end_of_record
TN:
SF:client/src/components/QA/Data.js
FNF:0
FNH:0
DA:1,3
LF:1
LH:1
BRF:0
BRH:0
end_of_record
TN:
SF:client/src/components/QA/Question.jsx
FN:102,(anonymous_0)
FN:115,(anonymous_1)
FN:118,(anonymous_2)
FN:122,(anonymous_3)
FN:127,(anonymous_4)
FN:131,(anonymous_5)
FN:135,(anonymous_6)
FN:143,(anonymous_7)
FN:144,(anonymous_8)
FN:145,(anonymous_9)
FN:157,(anonymous_10)
FN:166,(anonymous_11)
FN:167,(anonymous_12)
FN:168,(anonymous_13)
FN:181,(anonymous_14)
FN:189,(anonymous_15)
FN:206,(anonymous_16)
FN:217,(anonymous_17)
FN:226,(anonymous_18)
FN:232,(anonymous_19)
FN:244,(anonymous_20)
FNF:21
FNH:0
FNDA:0,(anonymous_0)
FNDA:0,(anonymous_1)
FNDA:0,(anonymous_2)
FNDA:0,(anonymous_3)
FNDA:0,(anonymous_4)
FNDA:0,(anonymous_5)
FNDA:0,(anonymous_6)
FNDA:0,(anonymous_7)
FNDA:0,(anonymous_8)
FNDA:0,(anonymous_9)
FNDA:0,(anonymous_10)
FNDA:0,(anonymous_11)
FNDA:0,(anonymous_12)
FNDA:0,(anonymous_13)
FNDA:0,(anonymous_14)
FNDA:0,(anonymous_15)
FNDA:0,(anonymous_16)
FNDA:0,(anonymous_17)
FNDA:0,(anonymous_18)
FNDA:0,(anonymous_19)
FNDA:0,(anonymous_20)
DA:10,3
DA:15,3
DA:22,3
DA:26,3
DA:33,3
DA:37,3
DA:43,3
DA:48,3
DA:60,3
DA:74,3
DA:88,3
DA:102,3
DA:103,0
DA:104,0
DA:105,0
DA:106,0
DA:107,0
DA:108,0
DA:109,0
DA:110,0
DA:111,0
DA:112,0
DA:115,0
DA:116,0
DA:120,0
DA:123,0
DA:127,0
DA:128,0
DA:131,0
DA:132,0
DA:135,0
DA:136,0
DA:137,0
DA:138,0
DA:140,0
DA:141,0
DA:143,0
DA:144,0
DA:146,0
DA:147,0
DA:148,0
DA:150,0
DA:151,0
DA:157,0
DA:158,0
DA:159,0
DA:160,0
DA:162,0
DA:163,0
DA:164,0
DA:166,0
DA:167,0
DA:169,0
DA:174,0
DA:175,0
DA:177,0
DA:181,0
DA:182,0
DA:183,0
DA:189,0
DA:190,0
DA:191,0
DA:192,0
DA:198,0
DA:207,0
DA:218,0
DA:226,0
DA:232,0
DA:246,0
LF:69
LH:12
BRDA:137,0,0,0
BRDA:137,0,1,0
BRDA:147,1,0,0
BRDA:147,1,1,0
BRDA:159,2,0,0
BRDA:159,2,1,0
BRDA:163,3,0,0
BRDA:163,3,1,0
BRDA:174,4,0,0
BRDA:174,4,1,0
BRDA:224,5,0,0
BRDA:224,5,1,0
BRDA:236,6,0,0
BRDA:236,6,1,0
BRDA:237,7,0,0
BRDA:237,7,1,0
BRDA:243,8,0,0
BRDA:243,8,1,0
BRDA:259,9,0,0
BRDA:259,9,1,0
BRDA:259,9,2,0
BRDA:264,10,0,0
BRDA:264,10,1,0
BRDA:264,10,2,0
BRF:24
BRH:0
end_of_record
TN:
SF:client/src/components/QA/QuestionsList.jsx
FN:37,(anonymous_0)
FN:47,(anonymous_1)
FN:50,(anonymous_2)
FN:54,(anonymous_3)
FN:60,(anonymous_4)
FN:80,(anonymous_5)
FN:94,(anonymous_6)
FN:97,(anonymous_7)
FNF:8
FNH:2
FNDA:4,(anonymous_0)
FNDA:1,(anonymous_1)
FNDA:0,(anonymous_2)
FNDA:0,(anonymous_3)
FNDA:0,(anonymous_4)
FNDA:0,(anonymous_5)
FNDA:0,(anonymous_6)
FNDA:0,(anonymous_7)
DA:11,3
DA:22,3
DA:31,3
DA:37,3
DA:38,4
DA:40,4
DA:41,3
DA:42,3
DA:43,3
DA:44,3
DA:45,3
DA:47,3
DA:48,1
DA:52,0
DA:55,0
DA:60,3
DA:65,3
DA:81,0
DA:94,0
DA:97,0
LF:20
LH:15
BRDA:90,0,0,0
BRDA:90,0,1,3
BRDA:91,1,0,3
BRDA:91,1,1,0
BRF:4
BRH:2
end_of_record
TN:
SF:client/src/components/QA/Search.jsx
FN:16,(anonymous_0)
FN:21,(anonymous_1)
FN:32,(anonymous_2)
FNF:3
FNH:1
FNDA:6,(anonymous_0)
FNDA:0,(anonymous_1)
FNDA:0,(anonymous_2)
DA:16,3
DA:17,6
DA:18,1
DA:21,1
DA:22,0
DA:25,1
DA:32,0
LF:7
LH:5
BRF:0
BRH:0
end_of_record
TN:
SF:client/src/components/QA/Modals/AnswerModal.jsx
FN:5,AnswerModal
FN:15,(anonymous_1)
FN:21,(anonymous_2)
FN:23,cleanup
FN:28,(anonymous_4)
FN:41,(anonymous_5)
FN:45,(anonymous_6)
FN:62,(anonymous_7)
FN:66,(anonymous_8)
FN:77,(anonymous_9)
FNF:10
FNH:0
FNDA:0,AnswerModal
FNDA:0,(anonymous_1)
FNDA:0,(anonymous_2)
FNDA:0,cleanup
FNDA:0,(anonymous_4)
FNDA:0,(anonymous_5)
FNDA:0,(anonymous_6)
FNDA:0,(anonymous_7)
FNDA:0,(anonymous_8)
FNDA:0,(anonymous_9)
DA:6,0
DA:7,0
DA:10,0
DA:11,0
DA:12,0
DA:13,0
DA:15,0
DA:16,0
DA:17,0
DA:21,0
DA:22,0
DA:23,0
DA:24,0
DA:28,0
DA:29,0
DA:30,0
DA:31,0
DA:33,0
DA:34,0
DA:42,0
DA:43,0
DA:46,0
DA:51,0
DA:62,0
DA:66,0
DA:77,0
LF:26
LH:0
BRDA:6,0,0,0
BRDA:6,0,1,0
BRDA:16,1,0,0
BRDA:16,1,1,0
BRDA:16,2,0,0
BRDA:16,2,1,0
BRDA:30,3,0,0
BRDA:30,3,1,0
BRDA:30,4,0,0
BRDA:30,4,1,0
BRDA:30,4,2,0
BRF:11
BRH:0
end_of_record
TN:
SF:client/src/components/QA/Modals/ImageModal.jsx
FN:14,Modal
FNF:1
FNH:0
FNDA:0,Modal
DA:5,3
DA:17,0
DA:18,0
DA:20,0
DA:23,0
LF:5
LH:1
BRDA:17,0,0,0
BRDA:17,0,1,0
BRF:2
BRH:0
end_of_record
TN:
SF:client/src/components/QA/Modals/QuestionModal.jsx
FN:5,AnswerModal
FN:14,(anonymous_1)
FN:20,(anonymous_2)
FN:22,cleanup
FN:27,(anonymous_4)
FN:40,(anonymous_5)
FN:44,(anonymous_6)
FN:61,(anonymous_7)
FN:65,(anonymous_8)
FN:72,(anonymous_9)
FNF:10
FNH:1
FNDA:3,AnswerModal
FNDA:0,(anonymous_1)
FNDA:0,(anonymous_2)
FNDA:0,cleanup
FNDA:0,(anonymous_4)
FNDA:0,(anonymous_5)
FNDA:0,(anonymous_6)
FNDA:0,(anonymous_7)
FNDA:0,(anonymous_8)
FNDA:0,(anonymous_9)
DA:6,3
DA:7,3
DA:10,0
DA:11,0
DA:12,0
DA:14,0
DA:15,0
DA:16,0
DA:20,0
DA:21,0
DA:22,0
DA:23,0
DA:27,0
DA:28,0
DA:29,0
DA:30,0
DA:32,0
DA:33,0
DA:41,0
DA:42,0
DA:45,0
DA:50,0
DA:61,0
DA:65,0
DA:72,0
LF:25
LH:2
BRDA:6,0,0,3
BRDA:6,0,1,0
BRDA:15,1,0,0
BRDA:15,1,1,0
BRDA:15,2,0,0
BRDA:15,2,1,0
BRDA:29,3,0,0
BRDA:29,3,1,0
BRDA:29,4,0,0
BRDA:29,4,1,0
BRDA:29,4,2,0
BRDA:51,5,0,0
BRDA:51,5,1,0
BRF:13
BRH:1
end_of_record
TN:
SF:client/src/components/R&R/Bars.jsx
FN:21,(anonymous_0)
FN:44,(anonymous_1)
FN:55,(anonymous_2)
FN:63,(anonymous_3)
FN:66,(anonymous_4)
FN:73,(anonymous_5)
FNF:6
FNH:2
FNDA:1,(anonymous_0)
FNDA:0,(anonymous_1)
FNDA:0,(anonymous_2)
FNDA:0,(anonymous_3)
FNDA:5,(anonymous_4)
FNDA:0,(anonymous_5)
DA:3,2
DA:10,2
DA:17,2
DA:21,2
DA:23,1
DA:24,1
DA:25,1
DA:26,1
DA:27,1
DA:29,1
DA:30,1
DA:31,1
DA:32,1
DA:33,1
DA:34,1
DA:36,1
DA:44,1
DA:45,0
DA:46,0
DA:47,0
DA:49,0
DA:51,0
DA:54,1
DA:55,1
DA:56,0
DA:59,1
DA:63,0
DA:72,5
DA:73,0
LF:29
LH:21
BRDA:46,0,0,0
BRDA:46,0,1,0
BRF:2
BRH:0
end_of_record
TN:
SF:client/src/components/R&R/NewReview.jsx
FN:84,(anonymous_0)
FN:101,(anonymous_1)
FN:107,(anonymous_2)
FN:109,cleanup
FN:114,(anonymous_4)
FN:129,(anonymous_5)
FN:130,(anonymous_6)
FN:133,(anonymous_7)
FN:135,(anonymous_8)
FN:138,(anonymous_9)
FN:150,(anonymous_10)
FN:150,(anonymous_11)
FN:162,(anonymous_12)
FN:166,(anonymous_13)
FN:175,(anonymous_14)
FN:180,(anonymous_15)
FN:183,(anonymous_16)
FN:201,(anonymous_17)
FN:205,(anonymous_18)
FN:210,(anonymous_19)
FN:227,(anonymous_20)
FN:232,(anonymous_21)
FN:237,(anonymous_22)
FN:237,(anonymous_23)
FNF:24
FNH:4
FNDA:1,(anonymous_0)
FNDA:0,(anonymous_1)
FNDA:1,(anonymous_2)
FNDA:1,cleanup
FNDA:0,(anonymous_4)
FNDA:0,(anonymous_5)
FNDA:0,(anonymous_6)
FNDA:1,(anonymous_7)
FNDA:0,(anonymous_8)
FNDA:0,(anonymous_9)
FNDA:0,(anonymous_10)
FNDA:0,(anonymous_11)
FNDA:0,(anonymous_12)
FNDA:0,(anonymous_13)
FNDA:0,(anonymous_14)
FNDA:0,(anonymous_15)
FNDA:0,(anonymous_16)
FNDA:0,(anonymous_17)
FNDA:0,(anonymous_18)
FNDA:0,(anonymous_19)
FNDA:0,(anonymous_20)
FNDA:0,(anonymous_21)
FNDA:0,(anonymous_22)
FNDA:0,(anonymous_23)
DA:8,2
DA:18,2
DA:29,2
DA:47,2
DA:55,2
DA:59,2
DA:68,2
DA:77,2
DA:84,2
DA:85,1
DA:86,1
DA:88,1
DA:90,1
DA:91,1
DA:92,1
DA:93,1
DA:94,1
DA:95,1
DA:96,1
DA:97,1
DA:98,1
DA:99,1
DA:101,1
DA:102,0
DA:103,0
DA:107,1
DA:108,1
DA:109,1
DA:110,1
DA:114,1
DA:115,0
DA:116,0
DA:127,0
DA:128,0
DA:129,0
DA:130,0
DA:133,1
DA:134,1
DA:136,0
DA:137,0
DA:138,0
DA:139,0
DA:141,0
DA:142,0
DA:146,1
DA:150,0
DA:163,0
DA:167,0
DA:176,0
DA:177,0
DA:181,0
DA:184,0
DA:185,0
DA:186,0
DA:187,0
DA:188,0
DA:189,0
DA:201,0
DA:205,0
DA:211,0
DA:212,0
DA:213,0
DA:215,0
DA:227,0
DA:232,0
DA:237,0
LF:66
LH:31
BRDA:102,0,0,0
BRDA:102,0,1,0
BRDA:102,1,0,0
BRDA:102,1,1,0
BRDA:148,2,0,0
BRDA:148,2,1,1
BRDA:206,3,0,0
BRDA:206,3,1,0
BRDA:208,4,0,0
BRDA:208,4,1,0
BRDA:212,5,0,0
BRDA:212,5,1,0
BRDA:218,6,0,0
BRDA:218,6,1,0
BRDA:222,7,0,0
BRDA:222,7,1,0
BRF:16
BRH:1
end_of_record
TN:
SF:client/src/components/R&R/Overview.jsx
FN:13,(anonymous_0)
FN:62,(anonymous_1)
FN:64,(anonymous_2)
FN:68,(anonymous_3)
FN:76,(anonymous_4)
FNF:5
FNH:3
FNDA:2,(anonymous_0)
FNDA:1,(anonymous_1)
FNDA:0,(anonymous_2)
FNDA:0,(anonymous_3)
FNDA:1,(anonymous_4)
DA:8,2
DA:13,2
DA:14,2
DA:15,1
DA:56,1
DA:57,1
DA:58,1
DA:62,1
DA:63,1
DA:66,0
DA:67,0
DA:68,0
DA:70,0
DA:71,0
DA:73,1
DA:76,1
DA:77,1
DA:81,1
LF:18
LH:13
BRDA:67,0,0,0
BRDA:67,0,1,0
BRF:2
BRH:0
end_of_record
TN:
SF:client/src/components/R&R/ProductBreakdown.jsx
FN:67,(anonymous_0)
FN:70,(anonymous_1)
FN:72,(anonymous_2)
FN:80,(anonymous_3)
FNF:4
FNH:2
FNDA:1,(anonymous_0)
FNDA:1,(anonymous_1)
FNDA:0,(anonymous_2)
FNDA:0,(anonymous_3)
DA:8,2
DA:15,2
DA:23,2
DA:29,2
DA:35,2
DA:42,2
DA:56,2
DA:67,2
DA:68,1
DA:70,1
DA:71,1
DA:73,0
DA:74,0
DA:78,1
DA:81,0
DA:82,0
LF:16
LH:12
BRF:0
BRH:0
end_of_record
TN:
SF:client/src/components/R&R/Rate.jsx
FN:18,(anonymous_0)
FN:28,(anonymous_1)
FN:35,(anonymous_2)
FNF:3
FNH:0
FNDA:0,(anonymous_0)
FNDA:0,(anonymous_1)
FNDA:0,(anonymous_2)
DA:4,2
DA:11,2
DA:14,2
DA:18,2
DA:19,0
DA:26,0
DA:29,0
DA:30,0
DA:36,0
LF:9
LH:4
BRDA:42,0,0,0
BRDA:42,0,1,0
BRDA:42,1,0,0
BRDA:42,1,1,0
BRDA:51,2,0,0
BRDA:51,2,1,0
BRF:6
BRH:0
end_of_record
TN:
SF:client/src/components/R&R/Ratings.jsx
FN:27,(anonymous_0)
FN:34,(anonymous_1)
FN:36,(anonymous_2)
FNF:3
FNH:2
FNDA:2,(anonymous_0)
FNDA:1,(anonymous_1)
FNDA:0,(anonymous_2)
DA:11,2
DA:18,2
DA:22,2
DA:27,2
DA:28,2
DA:30,1
DA:31,1
DA:32,1
DA:34,1
DA:35,1
DA:37,0
DA:38,0
DA:39,0
DA:40,0
DA:41,0
DA:45,1
LF:16
LH:11
BRDA:49,0,0,1
BRDA:49,0,1,0
BRDA:52,1,0,1
BRDA:52,1,1,0
BRF:4
BRH:2
end_of_record
TN:
SF:client/src/components/R&R/ReviewTile.jsx
FN:70,(anonymous_0)
FN:79,(anonymous_1)
FN:90,(anonymous_2)
FN:93,(anonymous_3)
FN:100,(anonymous_4)
FN:107,(anonymous_5)
FN:110,(anonymous_6)
FN:139,(anonymous_7)
FN:145,(anonymous_8)
FNF:9
FNH:2
FNDA:2,(anonymous_0)
FNDA:0,(anonymous_1)
FNDA:0,(anonymous_2)
FNDA:0,(anonymous_3)
FNDA:0,(anonymous_4)
FNDA:0,(anonymous_5)
FNDA:0,(anonymous_6)
FNDA:0,(anonymous_7)
FNDA:5,(anonymous_8)
DA:14,2
DA:20,2
DA:26,2
DA:31,2
DA:43,2
DA:48,2
DA:53,2
DA:57,2
DA:65,2
DA:70,2
DA:71,2
DA:72,2
DA:73,2
DA:74,2
DA:75,2
DA:76,2
DA:77,2
DA:79,2
DA:80,0
DA:81,0
DA:84,2
DA:85,0
DA:87,2
DA:90,2
DA:91,0
DA:92,0
DA:94,0
DA:95,0
DA:100,2
DA:101,0
DA:102,0
DA:103,0
DA:107,2
DA:108,0
DA:109,0
DA:111,0
DA:116,2
DA:139,0
DA:146,5
LF:39
LH:25
BRDA:84,0,0,0
BRDA:84,0,1,2
BRDA:91,1,0,0
BRDA:91,1,1,0
BRDA:101,2,0,0
BRDA:101,2,1,0
BRDA:108,3,0,0
BRDA:108,3,1,0
BRDA:124,4,0,2
BRDA:124,4,1,2
BRDA:128,5,0,1
BRDA:128,5,1,1
BRDA:133,6,0,1
BRDA:133,6,1,1
BRDA:139,7,0,1
BRDA:139,7,1,1
BRDA:140,8,0,1
BRDA:140,8,1,0
BRDA:143,9,0,2
BRDA:143,9,1,1
BRDA:152,10,0,1
BRDA:152,10,1,0
BRDA:155,11,0,2
BRDA:155,11,1,0
BRDA:157,12,0,2
BRDA:157,12,1,2
BRDA:171,13,0,2
BRDA:171,13,1,2
BRDA:172,14,0,2
BRDA:172,14,1,0
BRF:30
BRH:19
end_of_record
TN:
SF:client/src/components/R&R/Reviews.jsx
FN:54,(anonymous_0)
FN:58,(anonymous_1)
FN:59,(anonymous_2)
FN:62,(anonymous_3)
FN:73,(anonymous_4)
FN:80,(anonymous_5)
FN:84,(anonymous_6)
FNF:7
FNH:2
FNDA:1,(anonymous_0)
FNDA:0,(anonymous_1)
FNDA:0,(anonymous_2)
FNDA:0,(anonymous_3)
FNDA:0,(anonymous_4)
FNDA:2,(anonymous_5)
FNDA:0,(anonymous_6)
DA:9,2
DA:21,2
DA:32,2
DA:36,2
DA:43,2
DA:54,2
DA:55,1
DA:56,1
DA:58,1
DA:59,0
DA:62,1
DA:63,0
DA:66,1
DA:73,0
DA:81,2
DA:85,0
LF:16
LH:12
BRDA:84,0,0,1
BRDA:84,0,1,0
BRF:2
BRH:1
end_of_record
TN:
SF:client/src/components/R&R/Stars.jsx
FN:3,(anonymous_0)
FNF:1
FNH:1
FNDA:3,(anonymous_0)
DA:3,3
DA:4,3
LF:2
LH:2
BRF:0
BRH:0
end_of_record
TN:
SF:client/src/components/R&R/Legends/Characteristics.jsx
FNF:0
FNH:0
DA:1,2
LF:1
LH:1
BRF:0
BRH:0
end_of_record
TN:
SF:client/src/components/RelatedItems/Main.jsx
FN:7,(anonymous_0)
FNF:1
FNH:1
FNDA:7,(anonymous_0)
DA:7,2
DA:8,7
DA:18,1
DA:101,1
LF:4
LH:4
BRF:0
BRH:0
end_of_record
TN:
SF:client/src/components/RelatedItems/ProductCard.jsx
FN:45,(anonymous_0)
FNF:1
FNH:1
FNDA:8,(anonymous_0)
DA:8,2
DA:19,2
DA:25,2
DA:37,2
DA:41,2
DA:45,2
DA:46,8
LF:7
LH:7
BRF:0
BRH:0
end_of_record
TN:
SF:client/src/components/RelatedItems/ProductsList.jsx
FN:24,(anonymous_0)
FN:28,(anonymous_1)
FN:43,(anonymous_2)
FN:52,(anonymous_3)
FN:55,(anonymous_4)
FNF:5
FNH:2
FNDA:1,(anonymous_0)
FNDA:0,(anonymous_1)
FNDA:8,(anonymous_2)
FNDA:0,(anonymous_3)
FNDA:0,(anonymous_4)
DA:6,2
DA:10,2
DA:15,2
DA:20,2
DA:24,2
DA:25,1
DA:26,1
DA:28,1
DA:31,0
DA:32,0
DA:33,0
DA:34,0
DA:36,0
DA:39,1
DA:44,8
DA:52,0
DA:55,0
LF:17
LH:10
BRDA:31,0,0,0
BRDA:31,0,1,0
BRDA:33,1,0,0
BRDA:33,1,1,0
BRF:4
BRH:0
end_of_record
TN:
SF:client/src/components/overview/AddCart.jsx
FN:21,(anonymous_0)
FN:23,(anonymous_1)
FN:31,(anonymous_2)
FN:34,(anonymous_3)
FN:34,(anonymous_4)
FN:34,(anonymous_5)
FN:38,(anonymous_6)
FNF:7
FNH:0
FNDA:0,(anonymous_0)
FNDA:0,(anonymous_1)
FNDA:0,(anonymous_2)
FNDA:0,(anonymous_3)
FNDA:0,(anonymous_4)
FNDA:0,(anonymous_5)
FNDA:0,(anonymous_6)
DA:4,3
DA:18,3
DA:21,3
DA:23,0
DA:25,0
DA:26,0
DA:27,0
DA:30,0
DA:31,0
DA:32,0
DA:34,0
DA:36,0
DA:38,0
LF:13
LH:3
BRDA:26,0,0,0
BRDA:26,0,1,0
BRF:2
BRH:0
end_of_record
TN:
SF:client/src/components/overview/Cart.jsx
FN:15,(anonymous_0)
FN:22,(anonymous_1)
FN:27,(anonymous_2)
FN:31,(anonymous_3)
FN:39,(anonymous_4)
FNF:5
FNH:0
FNDA:0,(anonymous_0)
FNDA:0,(anonymous_1)
FNDA:0,(anonymous_2)
FNDA:0,(anonymous_3)
FNDA:0,(anonymous_4)
DA:6,3
DA:11,3
DA:15,3
DA:16,0
DA:18,0
DA:19,0
DA:20,0
DA:22,0
DA:23,0
DA:24,0
DA:27,0
DA:28,0
DA:31,0
DA:36,0
DA:39,0
DA:40,0
DA:43,0
LF:17
LH:3
BRDA:46,0,0,0
BRDA:46,0,1,0
BRDA:66,1,0,0
BRDA:66,1,1,0
BRF:4
BRH:0
end_of_record
TN:
SF:client/src/components/overview/Description.jsx
FN:14,(anonymous_0)
FNF:1
FNH:0
FNDA:0,(anonymous_0)
DA:5,2
DA:9,2
DA:14,2
DA:17,0
LF:4
LH:3
BRF:0
BRH:0
end_of_record
TN:
SF:client/src/components/overview/Dropdown.jsx
FN:12,(anonymous_0)
FN:24,(anonymous_1)
FN:33,(anonymous_2)
FN:46,(anonymous_3)
FNF:4
FNH:0
FNDA:0,(anonymous_0)
FNDA:0,(anonymous_1)
FNDA:0,(anonymous_2)
FNDA:0,(anonymous_3)
DA:2,3
DA:12,3
DA:23,0
DA:24,0
DA:26,0
DA:27,0
DA:28,0
DA:29,0
DA:30,0
DA:31,0
DA:33,0
DA:37,0
DA:38,0
DA:41,0
DA:47,0
DA:48,0
DA:50,0
DA:51,0
DA:57,0
LF:19
LH:2
BRDA:23,0,0,0
BRDA:23,0,1,0
BRDA:26,1,0,0
BRDA:26,1,1,0
BRDA:26,2,0,0
BRDA:26,2,1,0
BRDA:28,3,0,0
BRDA:28,3,1,0
BRDA:30,4,0,0
BRDA:30,4,1,0
BRDA:47,5,0,0
BRDA:47,5,1,0
BRDA:50,6,0,0
BRDA:50,6,1,0
BRF:14
BRH:0
end_of_record
TN:
SF:client/src/components/overview/Features.jsx
FN:23,(anonymous_0)
FN:28,(anonymous_1)
FNF:2
FNH:0
FNDA:0,(anonymous_0)
FNDA:0,(anonymous_1)
DA:5,2
DA:11,2
DA:17,2
DA:23,2
DA:24,0
DA:26,0
DA:29,0
LF:7
LH:4
BRF:0
BRH:0
end_of_record
TN:
SF:client/src/components/overview/Gallery.jsx
FN:94,(anonymous_0)
FN:107,(anonymous_1)
FN:140,(anonymous_2)
FN:149,(anonymous_3)
FN:155,(anonymous_4)
FN:162,(anonymous_5)
FN:167,(anonymous_6)
FNF:7
FNH:0
FNDA:0,(anonymous_0)
FNDA:0,(anonymous_1)
FNDA:0,(anonymous_2)
FNDA:0,(anonymous_3)
FNDA:0,(anonymous_4)
FNDA:0,(anonymous_5)
FNDA:0,(anonymous_6)
DA:11,2
DA:25,2
DA:36,2
DA:46,2
DA:64,2
DA:67,2
DA:75,2
DA:94,2
DA:95,0
DA:96,0
DA:97,0
DA:98,0
DA:100,0
DA:101,0
DA:102,0
DA:104,0
DA:105,0
DA:107,0
DA:108,0
DA:109,0
DA:110,0
DA:113,0
DA:141,0
DA:149,0
DA:155,0
DA:162,0
DA:168,0
LF:27
LH:8
BRDA:100,0,0,0
BRDA:100,0,1,0
BRDA:101,1,0,0
BRDA:101,1,1,0
BRDA:102,2,0,0
BRDA:102,2,1,0
BRDA:104,3,0,0
BRDA:104,3,1,0
BRDA:115,4,0,0
BRDA:115,4,1,0
BRDA:122,5,0,0
BRDA:122,5,1,0
BRDA:126,6,0,0
BRDA:126,6,1,0
BRDA:138,7,0,0
BRDA:138,7,1,0
BRDA:141,8,0,0
BRDA:141,8,1,0
BRDA:144,9,0,0
BRDA:144,9,1,0
BRDA:147,10,0,0
BRDA:147,10,1,0
BRDA:159,11,0,0
BRDA:159,11,1,0
BRDA:165,12,0,0
BRDA:165,12,1,0
BRDA:168,13,0,0
BRDA:168,13,1,0
BRDA:172,14,0,0
BRDA:172,14,1,0
BRDA:178,15,0,0
BRDA:178,15,1,0
BRDA:178,15,2,0
BRF:33
BRH:0
end_of_record
TN:
SF:client/src/components/overview/IconGall.jsx
FN:38,(anonymous_0)
FN:39,(anonymous_1)
FN:44,(anonymous_2)
FN:50,(anonymous_3)
FNF:4
FNH:0
FNDA:0,(anonymous_0)
FNDA:0,(anonymous_1)
FNDA:0,(anonymous_2)
FNDA:0,(anonymous_3)
DA:5,2
DA:15,2
DA:19,2
DA:28,2
DA:38,2
DA:39,0
DA:42,0
DA:43,0
DA:44,0
DA:49,0
DA:50,0
DA:57,0
DA:59,0
DA:62,0
LF:14
LH:5
BRDA:42,0,0,0
BRDA:42,0,1,0
BRF:2
BRH:0
end_of_record
TN:
SF:client/src/components/overview/Overview.jsx
FN:31,(anonymous_0)
FN:39,(anonymous_1)
FN:44,(anonymous_2)
FN:49,(anonymous_3)
FNF:4
FNH:2
FNDA:1,(anonymous_0)
FNDA:1,(anonymous_1)
FNDA:0,(anonymous_2)
FNDA:0,(anonymous_3)
DA:10,2
DA:17,2
DA:23,2
DA:31,2
DA:32,1
DA:33,1
DA:34,1
DA:35,1
DA:36,1
DA:37,1
DA:39,1
DA:40,1
DA:41,1
DA:42,1
DA:44,1
DA:45,0
DA:46,0
DA:47,0
DA:48,0
DA:49,0
DA:52,1
LF:21
LH:16
BRDA:55,0,0,1
BRDA:55,0,1,0
BRDA:64,1,0,1
BRDA:64,1,1,0
BRDA:64,1,2,0
BRDA:75,2,0,1
BRDA:75,2,1,0
BRDA:76,3,0,1
BRDA:76,3,1,0
BRF:9
BRH:4
end_of_record
TN:
SF:client/src/components/overview/ProductInfo.jsx
FN:51,(anonymous_0)
FNF:1
FNH:1
FNDA:5,(anonymous_0)
DA:8,3
DA:15,3
DA:18,3
DA:23,3
DA:28,3
DA:35,3
DA:40,3
DA:47,3
DA:51,3
DA:52,5
DA:53,0
DA:55,0
LF:12
LH:10
BRDA:57,0,0,0
BRDA:57,0,1,0
BRDA:66,1,0,0
BRDA:66,1,1,0
BRF:4
BRH:0
end_of_record
TN:
SF:client/src/components/overview/Style.jsx
FN:64,(anonymous_0)
FN:72,(anonymous_1)
FN:75,(anonymous_2)
FN:81,(anonymous_3)
FN:93,(anonymous_4)
FNF:5
FNH:0
FNDA:0,(anonymous_0)
FNDA:0,(anonymous_1)
FNDA:0,(anonymous_2)
FNDA:0,(anonymous_3)
FNDA:0,(anonymous_4)
DA:8,3
DA:12,3
DA:17,3
DA:22,3
DA:26,3
DA:33,3
DA:41,3
DA:53,3
DA:59,3
DA:64,3
DA:65,0
DA:66,0
DA:73,0
DA:76,0
DA:82,0
DA:94,0
LF:16
LH:10
BRDA:77,0,0,0
BRDA:77,0,1,0
BRF:2
BRH:0
end_of_record
TN:
SF:client/src/components/overview/ThumbGall.jsx
FN:43,(anonymous_0)
FN:44,(anonymous_1)
FN:49,(anonymous_2)
FN:55,(anonymous_3)
FN:73,(anonymous_4)
FN:80,(anonymous_5)
FNF:6
FNH:0
FNDA:0,(anonymous_0)
FNDA:0,(anonymous_1)
FNDA:0,(anonymous_2)
FNDA:0,(anonymous_3)
FNDA:0,(anonymous_4)
FNDA:0,(anonymous_5)
DA:7,2
DA:17,2
DA:21,2
DA:29,2
DA:35,2
DA:39,2
DA:43,2
DA:44,0
DA:47,0
DA:48,0
DA:49,0
DA:54,0
DA:55,0
DA:61,0
DA:62,0
DA:64,0
DA:65,0
DA:67,0
DA:70,0
DA:73,0
DA:80,0
LF:21
LH:7
BRDA:47,0,0,0
BRDA:47,0,1,0
BRDA:61,1,0,0
BRDA:61,1,1,0
BRDA:61,2,0,0
BRDA:61,2,1,0
BRDA:64,3,0,0
BRDA:64,3,1,0
BRDA:64,4,0,0
BRDA:64,4,1,0
BRDA:64,4,2,0
BRDA:72,5,0,0
BRDA:72,5,1,0
BRDA:75,6,0,0
BRDA:75,6,1,0
BRDA:79,7,0,0
BRDA:79,7,1,0
BRF:17
BRH:0
end_of_record
TN:
SF:client/src/components/util/context.js
FNF:0
FNH:0
DA:3,4
LF:1
LH:1
BRF:0
BRH:0
end_of_record
TN:
SF:client/src/components/util/getAvgRating.js
FN:2,(anonymous_0)
FNF:1
FNH:0
FNDA:0,(anonymous_0)
DA:2,3
DA:3,0
DA:4,0
DA:5,0
DA:6,0
DA:7,0
DA:9,0
DA:10,0
LF:8
LH:1
BRF:0
BRH:0
end_of_record
TN:
SF:client/src/components/util/percentRec.js
FN:1,(anonymous_0)
FNF:1
FNH:0
FNDA:0,(anonymous_0)
DA:1,2
DA:2,0
DA:3,0
DA:4,0
DA:5,0
DA:6,0
LF:6
LH:1
BRF:0
BRH:0
end_of_record
TN:
SF:client/src/components/util/sortStyles.js
FN:2,(anonymous_0)
FN:6,(anonymous_1)
FNF:2
FNH:0
FNDA:0,(anonymous_0)
FNDA:0,(anonymous_1)
DA:2,3
DA:3,0
DA:4,0
DA:6,0
DA:8,0
DA:9,0
DA:10,0
DA:11,0
DA:14,0
LF:9
LH:1
BRDA:9,0,0,0
BRDA:9,0,1,0
BRDA:9,1,0,0
BRDA:9,1,1,0
BRF:4
BRH:0
end_of_record
